<?xml version="1.0" encoding="UTF-8"?>
<robot generator="Robot 6.1 (Python 3.11.3 on win32)" generated="20230726 12:53:40.491" rpa="false" schemaversion="4">
<suite id="s1" name="Bdd" source="C:\Users\yankr\Documents\Techmail\Python-Estudo\Robot\bdd.robot">
<test id="s1-t1" name="Cenário 1: Executar vídeo no site do youtube" line="60">
<kw name="Dado que eu acesso o site do youtube">
<kw name="Open Browser" library="SeleniumLibrary">
<arg>${url}</arg>
<arg>${browser}</arg>
<doc>Opens a new browser instance to the optional ``url``.</doc>
<msg timestamp="20230726 12:53:40.718" level="INFO">Opening browser 'chrome' to base url 'https://www.youtube.com/'.</msg>
<status status="PASS" starttime="20230726 12:53:40.717" endtime="20230726 12:53:45.903"/>
</kw>
<kw name="Maximize Browser Window" library="SeleniumLibrary">
<doc>Maximizes current browser window.</doc>
<status status="PASS" starttime="20230726 12:53:45.903" endtime="20230726 12:53:46.389"/>
</kw>
<status status="PASS" starttime="20230726 12:53:40.717" endtime="20230726 12:53:46.389"/>
</kw>
<kw name="Quando digito o nome da música">
<kw name="Input Text" library="SeleniumLibrary">
<arg>${inputSearch}</arg>
<arg>${nomeDaMusica}</arg>
<doc>Types the given ``text`` into the text field identified by ``locator``.</doc>
<msg timestamp="20230726 12:53:46.392" level="INFO">Typing text 'Taylor Swift Betty' into text field '//input[@id="search"]'.</msg>
<status status="PASS" starttime="20230726 12:53:46.391" endtime="20230726 12:53:47.411"/>
</kw>
<status status="PASS" starttime="20230726 12:53:46.391" endtime="20230726 12:53:47.411"/>
</kw>
<kw name="E clico no botão buscar">
<kw name="Click Element" library="SeleniumLibrary">
<arg>${buttonSearch}</arg>
<doc>Click the element identified by ``locator``.</doc>
<msg timestamp="20230726 12:53:47.414" level="INFO">Clicking element '//button[@id="search-icon-legacy"]'.</msg>
<status status="PASS" starttime="20230726 12:53:47.413" endtime="20230726 12:53:47.609"/>
</kw>
<status status="PASS" starttime="20230726 12:53:47.412" endtime="20230726 12:53:47.609"/>
</kw>
<kw name="E clico na primeira opção da lista">
<kw name="Wait Until Element Is Visible" library="SeleniumLibrary">
<arg>${firstVideoTitle}</arg>
<arg>3</arg>
<doc>Waits until the element ``locator`` is visible.</doc>
<status status="PASS" starttime="20230726 12:53:47.612" endtime="20230726 12:53:48.977"/>
</kw>
<kw name="Click Element" library="SeleniumLibrary">
<arg>${firstVideoTitle}</arg>
<doc>Click the element identified by ``locator``.</doc>
<msg timestamp="20230726 12:53:48.978" level="INFO">Clicking element '(//a[@id="video-title"])[1]'.</msg>
<status status="PASS" starttime="20230726 12:53:48.978" endtime="20230726 12:53:49.175"/>
</kw>
<status status="PASS" starttime="20230726 12:53:47.611" endtime="20230726 12:53:49.175"/>
</kw>
<kw name="Então o vídeo é executado">
<kw name="Wait Until Element Is Visible" library="SeleniumLibrary">
<arg>${prova}</arg>
<arg>3</arg>
<doc>Waits until the element ``locator`` is visible.</doc>
<status status="PASS" starttime="20230726 12:53:49.176" endtime="20230726 12:53:51.335"/>
</kw>
<kw name="Element Should Be Visible" library="SeleniumLibrary">
<arg>${prova}</arg>
<doc>Verifies that the element identified by ``locator`` is visible.</doc>
<msg timestamp="20230726 12:53:51.489" level="INFO">Element '(//yt-button-shape[@id="subscribe-button-shape"])[1]' is displayed.</msg>
<status status="PASS" starttime="20230726 12:53:51.335" endtime="20230726 12:53:51.490"/>
</kw>
<kw name="Sleep" library="BuiltIn">
<arg>2m</arg>
<doc>Pauses the test executed for the given time.</doc>
<status status="FAIL" starttime="20230726 12:53:51.490" endtime="20230726 12:55:29.386"/>
</kw>
<status status="FAIL" starttime="20230726 12:53:49.176" endtime="20230726 12:55:29.386"/>
</kw>
<status status="FAIL" starttime="20230726 12:53:40.716" endtime="20230726 12:55:29.387">Execution terminated by signal</status>
</test>
<status status="FAIL" starttime="20230726 12:53:40.493" endtime="20230726 12:55:29.388"/>
</suite>
<statistics>
<total>
<stat pass="0" fail="1" skip="0">All Tests</stat>
</total>
<tag>
</tag>
<suite>
<stat pass="0" fail="1" skip="0" id="s1" name="Bdd">Bdd</stat>
</suite>
</statistics>
<errors>
</errors>
</robot>
