<?xml version="1.0" encoding="UTF-8"?>
<robot generator="Robot 6.1 (Python 3.11.3 on win32)" generated="20230726 22:28:56.537" rpa="false" schemaversion="4">
<suite id="s1" name="Tests" source="C:\Users\yankr\Documents\Techmail\Python-Estudo\Robot\Tests">
<suite id="s1-s1" name="Arquivo" source="C:\Users\yankr\Documents\Techmail\Python-Estudo\Robot\Tests\arquivo.robot">
<test id="s1-s1-t1" name="Cenário 1: Acessando o site do Robot" line="15">
<kw name="Abrir Site">
<kw name="Open Browser" library="SeleniumLibrary">
<arg>https://robotframework.org/</arg>
<arg>chrome</arg>
<doc>Opens a new browser instance to the optional ``url``.</doc>
<msg timestamp="20230726 22:28:56.773" level="INFO">Opening browser 'chrome' to base url 'https://robotframework.org/'.</msg>
<status status="PASS" starttime="20230726 22:28:56.773" endtime="20230726 22:29:01.063"/>
</kw>
<kw name="Maximize Browser Window" library="SeleniumLibrary">
<doc>Maximizes current browser window.</doc>
<status status="PASS" starttime="20230726 22:29:01.063" endtime="20230726 22:29:01.348"/>
</kw>
<status status="PASS" starttime="20230726 22:28:56.772" endtime="20230726 22:29:01.349"/>
</kw>
<status status="PASS" starttime="20230726 22:28:56.772" endtime="20230726 22:29:01.350"/>
</test>
<status status="PASS" starttime="20230726 22:28:56.569" endtime="20230726 22:29:01.353"/>
</suite>
<suite id="s1-s2" name="Bdd" source="C:\Users\yankr\Documents\Techmail\Python-Estudo\Robot\Tests\bdd.robot">
<test id="s1-s2-t1" name="Cenário 1: Executar vídeo no site do youtube" line="60">
<kw name="Dado que eu acesso o site do youtube">
<kw name="Open Browser" library="SeleniumLibrary">
<arg>${url}</arg>
<arg>${browser}</arg>
<doc>Opens a new browser instance to the optional ``url``.</doc>
<msg timestamp="20230726 22:29:01.365" level="INFO">Opening browser 'chrome' to base url 'https://www.youtube.com/'.</msg>
<status status="PASS" starttime="20230726 22:29:01.364" endtime="20230726 22:29:07.751"/>
</kw>
<kw name="Maximize Browser Window" library="SeleniumLibrary">
<doc>Maximizes current browser window.</doc>
<status status="PASS" starttime="20230726 22:29:07.751" endtime="20230726 22:29:07.908"/>
</kw>
<status status="PASS" starttime="20230726 22:29:01.363" endtime="20230726 22:29:07.908"/>
</kw>
<kw name="Quando digito o nome da música">
<kw name="Input Text" library="SeleniumLibrary">
<arg>${inputSearch}</arg>
<arg>${nomeDaMusica}</arg>
<doc>Types the given ``text`` into the text field identified by ``locator``.</doc>
<msg timestamp="20230726 22:29:07.916" level="INFO">Typing text 'Taylor Swift Betty' into text field '//input[@id="search"]'.</msg>
<status status="PASS" starttime="20230726 22:29:07.915" endtime="20230726 22:29:08.726"/>
</kw>
<status status="PASS" starttime="20230726 22:29:07.914" endtime="20230726 22:29:08.727"/>
</kw>
<kw name="E clico no botão buscar">
<kw name="Click Element" library="SeleniumLibrary">
<arg>${buttonSearch}</arg>
<doc>Click the element identified by ``locator``.</doc>
<msg timestamp="20230726 22:29:08.761" level="INFO">Clicking element '//button[@id="search-icon-legacy"]'.</msg>
<status status="PASS" starttime="20230726 22:29:08.760" endtime="20230726 22:29:09.523"/>
</kw>
<status status="PASS" starttime="20230726 22:29:08.760" endtime="20230726 22:29:09.524"/>
</kw>
<kw name="E clico na primeira opção da lista">
<kw name="Wait Until Element Is Visible" library="SeleniumLibrary">
<arg>${firstVideoTitle}</arg>
<arg>3</arg>
<doc>Waits until the element ``locator`` is visible.</doc>
<status status="PASS" starttime="20230726 22:29:09.525" endtime="20230726 22:29:11.214"/>
</kw>
<kw name="Click Element" library="SeleniumLibrary">
<arg>${firstVideoTitle}</arg>
<doc>Click the element identified by ``locator``.</doc>
<msg timestamp="20230726 22:29:11.215" level="INFO">Clicking element '(//a[@id="video-title"])[1]'.</msg>
<status status="PASS" starttime="20230726 22:29:11.215" endtime="20230726 22:29:11.381"/>
</kw>
<status status="PASS" starttime="20230726 22:29:09.525" endtime="20230726 22:29:11.381"/>
</kw>
<kw name="Então o vídeo é executado">
<kw name="Wait Until Element Is Visible" library="SeleniumLibrary">
<arg>${prova}</arg>
<arg>3</arg>
<doc>Waits until the element ``locator`` is visible.</doc>
<status status="PASS" starttime="20230726 22:29:11.382" endtime="20230726 22:29:13.171"/>
</kw>
<kw name="Element Should Be Visible" library="SeleniumLibrary">
<arg>${prova}</arg>
<doc>Verifies that the element identified by ``locator`` is visible.</doc>
<msg timestamp="20230726 22:29:13.385" level="INFO">Element '(//yt-button-shape[@id="subscribe-button-shape"])[1]' is displayed.</msg>
<status status="PASS" starttime="20230726 22:29:13.172" endtime="20230726 22:29:13.385"/>
</kw>
<kw name="Sleep" library="BuiltIn">
<arg>3s</arg>
<doc>Pauses the test executed for the given time.</doc>
<msg timestamp="20230726 22:29:16.385" level="INFO">Slept 3 seconds</msg>
<status status="PASS" starttime="20230726 22:29:13.385" endtime="20230726 22:29:16.385"/>
</kw>
<status status="PASS" starttime="20230726 22:29:11.381" endtime="20230726 22:29:16.385"/>
</kw>
<status status="PASS" starttime="20230726 22:29:01.362" endtime="20230726 22:29:16.385"/>
</test>
<status status="PASS" starttime="20230726 22:29:01.355" endtime="20230726 22:29:16.387"/>
</suite>
<suite id="s1-s3" name="Estrutura" source="C:\Users\yankr\Documents\Techmail\Python-Estudo\Robot\Tests\estrutura.robot">
<test id="s1-s3-t1" name="cenario 1: Teste de abrir navegador" line="32">
<kw name="Abrir site do google">
<kw name="Open Browser" library="SeleniumLibrary">
<arg>https://www.google.com/</arg>
<arg>chrome</arg>
<doc>Opens a new browser instance to the optional ``url``.</doc>
<msg timestamp="20230726 22:29:16.396" level="INFO">Opening browser 'chrome' to base url 'https://www.google.com/'.</msg>
<status status="PASS" starttime="20230726 22:29:16.396" endtime="20230726 22:29:20.445"/>
</kw>
<status status="PASS" starttime="20230726 22:29:16.395" endtime="20230726 22:29:20.445"/>
</kw>
<kw name="Fechar navegador">
<kw name="Close Browser" library="SeleniumLibrary">
<doc>Closes the current browser.</doc>
<status status="PASS" starttime="20230726 22:29:20.448" endtime="20230726 22:29:24.441"/>
</kw>
<status status="PASS" starttime="20230726 22:29:20.447" endtime="20230726 22:29:24.441"/>
</kw>
<status status="PASS" starttime="20230726 22:29:16.395" endtime="20230726 22:29:24.443"/>
</test>
<test id="s1-s3-t2" name="cenario 2: Teste de abrir globo" line="37">
<kw name="Abrir site da globo">
<kw name="Open Browser" library="SeleniumLibrary">
<arg>https://www.globo.com/?utm_source=barraGCOM</arg>
<arg>chrome</arg>
<doc>Opens a new browser instance to the optional ``url``.</doc>
<msg timestamp="20230726 22:29:24.451" level="INFO">Opening browser 'chrome' to base url 'https://www.globo.com/?utm_source=barraGCOM'.</msg>
<status status="PASS" starttime="20230726 22:29:24.450" endtime="20230726 22:29:30.563"/>
</kw>
<status status="PASS" starttime="20230726 22:29:24.449" endtime="20230726 22:29:30.563"/>
</kw>
<kw name="Fechar navegador">
<kw name="Close Browser" library="SeleniumLibrary">
<doc>Closes the current browser.</doc>
<status status="PASS" starttime="20230726 22:29:30.564" endtime="20230726 22:29:33.219"/>
</kw>
<status status="PASS" starttime="20230726 22:29:30.564" endtime="20230726 22:29:33.220"/>
</kw>
<status status="PASS" starttime="20230726 22:29:24.447" endtime="20230726 22:29:33.221"/>
</test>
<status status="PASS" starttime="20230726 22:29:16.389" endtime="20230726 22:29:33.222"/>
</suite>
<suite id="s1-s4" name="Form" source="C:\Users\yankr\Documents\Techmail\Python-Estudo\Robot\Tests\form.robot">
<test id="s1-s4-t1" name="Cenário 1: Preencher formulário" line="45">
<kw name="abrir navegador">
<kw name="Open Browser" library="SeleniumLibrary">
<arg>https://itera-qa.azurewebsites.net/home/automation</arg>
<arg>chrome</arg>
<doc>Opens a new browser instance to the optional ``url``.</doc>
<msg timestamp="20230726 22:29:33.234" level="INFO">Opening browser 'chrome' to base url 'https://itera-qa.azurewebsites.net/home/automation'.</msg>
<status status="PASS" starttime="20230726 22:29:33.233" endtime="20230726 22:29:37.883"/>
</kw>
<kw name="Maximize Browser Window" library="SeleniumLibrary">
<doc>Maximizes current browser window.</doc>
<status status="PASS" starttime="20230726 22:29:37.883" endtime="20230726 22:29:38.024"/>
</kw>
<status status="PASS" starttime="20230726 22:29:33.233" endtime="20230726 22:29:38.024"/>
</kw>
<kw name="preencher campos">
<kw name="Input Text" library="SeleniumLibrary">
<arg>${input_name}</arg>
<arg>Yan</arg>
<doc>Types the given ``text`` into the text field identified by ``locator``.</doc>
<msg timestamp="20230726 22:29:38.034" level="INFO">Typing text 'Yan' into text field '//input[@id="name"]'.</msg>
<status status="PASS" starttime="20230726 22:29:38.034" endtime="20230726 22:29:38.235"/>
</kw>
<kw name="Input Text" library="SeleniumLibrary">
<arg>${input_phone}</arg>
<arg>11973315852</arg>
<doc>Types the given ``text`` into the text field identified by ``locator``.</doc>
<msg timestamp="20230726 22:29:38.235" level="INFO">Typing text '11973315852' into text field '//input[@id="phone"]'.</msg>
<status status="PASS" starttime="20230726 22:29:38.235" endtime="20230726 22:29:38.364"/>
</kw>
<kw name="Input Text" library="SeleniumLibrary">
<arg>${input_email}</arg>
<arg>teste@teste</arg>
<doc>Types the given ``text`` into the text field identified by ``locator``.</doc>
<msg timestamp="20230726 22:29:38.365" level="INFO">Typing text 'teste@teste' into text field '//input[@id="email"]'.</msg>
<status status="PASS" starttime="20230726 22:29:38.364" endtime="20230726 22:29:38.507"/>
</kw>
<kw name="Input Text" library="SeleniumLibrary">
<arg>${input_password}</arg>
<arg>123456</arg>
<doc>Types the given ``text`` into the text field identified by ``locator``.</doc>
<msg timestamp="20230726 22:29:38.507" level="INFO">Typing text '123456' into text field '//input[@id="password"]'.</msg>
<status status="PASS" starttime="20230726 22:29:38.507" endtime="20230726 22:29:38.602"/>
</kw>
<kw name="Input Text" library="SeleniumLibrary">
<arg>${textarea_address}</arg>
<arg>Rua Vital</arg>
<doc>Types the given ``text`` into the text field identified by ``locator``.</doc>
<msg timestamp="20230726 22:29:38.603" level="INFO">Typing text 'Rua Vital' into text field '//textarea[@id="address"]'.</msg>
<status status="PASS" starttime="20230726 22:29:38.602" endtime="20230726 22:29:38.695"/>
</kw>
<status status="PASS" starttime="20230726 22:29:38.033" endtime="20230726 22:29:38.695"/>
</kw>
<kw name="clicar em submit">
<kw name="Click Element" library="SeleniumLibrary">
<arg>${button_submit}</arg>
<doc>Click the element identified by ``locator``.</doc>
<msg timestamp="20230726 22:29:38.697" level="INFO">Clicking element '//button[@name="submit"]'.</msg>
<status status="PASS" starttime="20230726 22:29:38.696" endtime="20230726 22:29:38.766"/>
</kw>
<status status="PASS" starttime="20230726 22:29:38.696" endtime="20230726 22:29:38.767"/>
</kw>
<kw name="fechar navegador">
<kw name="Close Browser" library="SeleniumLibrary">
<doc>Closes the current browser.</doc>
<status status="PASS" starttime="20230726 22:29:38.767" endtime="20230726 22:29:41.189"/>
</kw>
<status status="PASS" starttime="20230726 22:29:38.767" endtime="20230726 22:29:41.189"/>
</kw>
<status status="PASS" starttime="20230726 22:29:33.232" endtime="20230726 22:29:41.190"/>
</test>
<status status="PASS" starttime="20230726 22:29:33.223" endtime="20230726 22:29:41.196"/>
</suite>
<status status="PASS" starttime="20230726 22:28:56.545" endtime="20230726 22:29:41.202"/>
</suite>
<statistics>
<total>
<stat pass="5" fail="0" skip="0">All Tests</stat>
</total>
<tag>
</tag>
<suite>
<stat pass="5" fail="0" skip="0" id="s1" name="Tests">Tests</stat>
<stat pass="1" fail="0" skip="0" id="s1-s1" name="Arquivo">Tests.Arquivo</stat>
<stat pass="1" fail="0" skip="0" id="s1-s2" name="Bdd">Tests.Bdd</stat>
<stat pass="2" fail="0" skip="0" id="s1-s3" name="Estrutura">Tests.Estrutura</stat>
<stat pass="1" fail="0" skip="0" id="s1-s4" name="Form">Tests.Form</stat>
</suite>
</statistics>
<errors>
</errors>
</robot>
