<?xml version="1.0" encoding="UTF-8"?>
<robot generator="Robot 6.1 (Python 3.11.4 on win32)" generated="20230803 08:19:31.421" rpa="false" schemaversion="4">
<suite id="s1" name="filawFTeste" source="C:\Users\yan.souza\Documents\GitHub\RobotFramework\Inicio\filawFTeste.robot">
<test id="s1-t1" name="Cenário 1: Abrir plataforma WF, logar e checar filas" line="67">
<kw name="Abrir site e logar">
<kw name="Open Browser" library="SeleniumLibrary">
<arg>${linkWf}</arg>
<arg>${browser}</arg>
<doc>Opens a new browser instance to the optional ``url``.</doc>
<msg timestamp="20230803 08:19:31.846" level="INFO">Opening browser 'chrome' to base url 'https://wfdocumentos.techmail.com.br/'.</msg>
<status status="PASS" starttime="20230803 08:19:31.844" endtime="20230803 08:19:43.843"/>
</kw>
<kw name="Maximize Browser Window" library="SeleniumLibrary">
<doc>Maximizes current browser window.</doc>
<status status="PASS" starttime="20230803 08:19:43.843" endtime="20230803 08:19:43.959"/>
</kw>
<kw name="Input Text" library="SeleniumLibrary">
<arg>${loginUser}</arg>
<arg>robo</arg>
<doc>Types the given ``text`` into the text field identified by ``locator``.</doc>
<msg timestamp="20230803 08:19:43.960" level="INFO">Typing text 'robo' into text field '//*[@id="username"]'.</msg>
<status status="PASS" starttime="20230803 08:19:43.959" endtime="20230803 08:19:44.131"/>
</kw>
<kw name="Input Text" library="SeleniumLibrary">
<arg>${loginSenha}</arg>
<arg>01sisvtiger17*</arg>
<doc>Types the given ``text`` into the text field identified by ``locator``.</doc>
<msg timestamp="20230803 08:19:44.133" level="INFO">Typing text '01sisvtiger17*' into text field '//*[@id="password"]'.</msg>
<status status="PASS" starttime="20230803 08:19:44.131" endtime="20230803 08:19:44.294"/>
</kw>
<kw name="Click Button" library="SeleniumLibrary">
<arg>${botaoEntrar}</arg>
<doc>Clicks the button identified by ``locator``.</doc>
<msg timestamp="20230803 08:19:44.295" level="INFO">Clicking button '//*[@id="forgotPassword"]/button'.</msg>
<status status="PASS" starttime="20230803 08:19:44.294" endtime="20230803 08:19:45.304"/>
</kw>
<status status="PASS" starttime="20230803 08:19:31.843" endtime="20230803 08:19:45.304"/>
</kw>
<kw name="Ir para documentos">
<kw name="Go To" library="SeleniumLibrary">
<arg>${linkDocumentos}</arg>
<doc>Navigates the current browser window to the provided ``url``.</doc>
<msg timestamp="20230803 08:19:45.306" level="INFO">Opening url 'https://wfdocumentos.techmail.com.br/index.php?module=AnaliseDocumentos&amp;view=List'</msg>
<status status="PASS" starttime="20230803 08:19:45.306" endtime="20230803 08:19:51.328"/>
</kw>
<status status="PASS" starttime="20230803 08:19:45.305" endtime="20230803 08:19:51.329"/>
</kw>
<kw name="Loop de filas">
<while condition="${loop_infinito}">
<iter>
<kw name="Create List" library="BuiltIn">
<var>@{filas}</var>
<arg>01</arg>
<arg>02</arg>
<arg>04</arg>
<arg>16.1</arg>
<arg>16.2</arg>
<arg>22</arg>
<doc>Returns a list containing given items.</doc>
<msg timestamp="20230803 08:19:51.332" level="INFO">@{filas} = [ 01 | 02 | 04 | 16.1 | 16.2 | 22 ]</msg>
<status status="PASS" starttime="20230803 08:19:51.331" endtime="20230803 08:19:51.332"/>
</kw>
<for flavor="IN">
<var>${fila}</var>
<value>@{filas}</value>
<iter>
<var name="${fila}">01</var>
<kw name="Wait Until Element Is Visible" library="SeleniumLibrary">
<arg>${dropDown}</arg>
<arg>20</arg>
<doc>Waits until the element ``locator`` is visible.</doc>
<status status="PASS" starttime="20230803 08:19:51.333" endtime="20230803 08:19:51.386"/>
</kw>
<kw name="Click Element" library="SeleniumLibrary">
<arg>${dropDown}</arg>
<doc>Click the element identified by ``locator``.</doc>
<msg timestamp="20230803 08:19:51.386" level="INFO">Clicking element '//*[@id="s2id_customFilter"]'.</msg>
<status status="PASS" starttime="20230803 08:19:51.386" endtime="20230803 08:19:51.475"/>
</kw>
<kw name="Wait Until Element Is Visible" library="SeleniumLibrary">
<arg>${campoFila}</arg>
<doc>Waits until the element ``locator`` is visible.</doc>
<status status="PASS" starttime="20230803 08:19:51.475" endtime="20230803 08:19:51.511"/>
</kw>
<kw name="Input Text" library="SeleniumLibrary">
<arg>${campoFila}</arg>
<arg>${fila}</arg>
<doc>Types the given ``text`` into the text field identified by ``locator``.</doc>
<msg timestamp="20230803 08:19:51.512" level="INFO">Typing text '01' into text field '//div[@class='select2-search']/input[@type='text']'.</msg>
<status status="PASS" starttime="20230803 08:19:51.511" endtime="20230803 08:19:51.618"/>
</kw>
<kw name="Press Key" library="SeleniumLibrary">
<arg>${campoFila}</arg>
<arg>\\13</arg>
<doc>*DEPRECATED in SeleniumLibrary 4.0.* use `Press Keys` instead.</doc>
<msg timestamp="20230803 08:19:51.618" level="WARN">Keyword 'SeleniumLibrary.Press Key' is deprecated. use `Press Keys` instead.</msg>
<status status="PASS" starttime="20230803 08:19:51.618" endtime="20230803 08:19:57.268"/>
</kw>
<kw name="Wait Until Element Is Visible" library="SeleniumLibrary">
<arg>${selecionarTodos}</arg>
<doc>Waits until the element ``locator`` is visible.</doc>
<status status="PASS" starttime="20230803 08:19:57.268" endtime="20230803 08:19:57.301"/>
</kw>
<kw name="Click Element" library="SeleniumLibrary">
<arg>${selecionarTodos}</arg>
<doc>Click the element identified by ``locator``.</doc>
<msg timestamp="20230803 08:19:57.302" level="INFO">Clicking element '//*[@id="listViewEntriesMainCheckBox"]'.</msg>
<status status="PASS" starttime="20230803 08:19:57.301" endtime="20230803 08:19:57.375"/>
</kw>
<kw name="Sleep" library="BuiltIn">
<arg>10s</arg>
<doc>Pauses the test executed for the given time.</doc>
<msg timestamp="20230803 08:20:07.375" level="INFO">Slept 10 seconds</msg>
<status status="PASS" starttime="20230803 08:19:57.375" endtime="20230803 08:20:07.375"/>
</kw>
<status status="PASS" starttime="20230803 08:19:51.333" endtime="20230803 08:20:07.375"/>
</iter>
<iter>
<var name="${fila}">02</var>
<kw name="Wait Until Element Is Visible" library="SeleniumLibrary">
<arg>${dropDown}</arg>
<arg>20</arg>
<doc>Waits until the element ``locator`` is visible.</doc>
<status status="PASS" starttime="20230803 08:20:07.375" endtime="20230803 08:20:07.405"/>
</kw>
<kw name="Click Element" library="SeleniumLibrary">
<arg>${dropDown}</arg>
<doc>Click the element identified by ``locator``.</doc>
<msg timestamp="20230803 08:20:07.406" level="INFO">Clicking element '//*[@id="s2id_customFilter"]'.</msg>
<status status="PASS" starttime="20230803 08:20:07.405" endtime="20230803 08:20:07.494"/>
</kw>
<kw name="Wait Until Element Is Visible" library="SeleniumLibrary">
<arg>${campoFila}</arg>
<doc>Waits until the element ``locator`` is visible.</doc>
<status status="PASS" starttime="20230803 08:20:07.494" endtime="20230803 08:20:07.525"/>
</kw>
<kw name="Input Text" library="SeleniumLibrary">
<arg>${campoFila}</arg>
<arg>${fila}</arg>
<doc>Types the given ``text`` into the text field identified by ``locator``.</doc>
<msg timestamp="20230803 08:20:07.526" level="INFO">Typing text '02' into text field '//div[@class='select2-search']/input[@type='text']'.</msg>
<status status="PASS" starttime="20230803 08:20:07.525" endtime="20230803 08:20:07.654"/>
</kw>
<kw name="Press Key" library="SeleniumLibrary">
<arg>${campoFila}</arg>
<arg>\\13</arg>
<doc>*DEPRECATED in SeleniumLibrary 4.0.* use `Press Keys` instead.</doc>
<msg timestamp="20230803 08:20:07.655" level="WARN">Keyword 'SeleniumLibrary.Press Key' is deprecated. use `Press Keys` instead.</msg>
<status status="PASS" starttime="20230803 08:20:07.655" endtime="20230803 08:20:11.859"/>
</kw>
<kw name="Wait Until Element Is Visible" library="SeleniumLibrary">
<arg>${selecionarTodos}</arg>
<doc>Waits until the element ``locator`` is visible.</doc>
<status status="PASS" starttime="20230803 08:20:11.859" endtime="20230803 08:20:11.893"/>
</kw>
<kw name="Click Element" library="SeleniumLibrary">
<arg>${selecionarTodos}</arg>
<doc>Click the element identified by ``locator``.</doc>
<msg timestamp="20230803 08:20:11.894" level="INFO">Clicking element '//*[@id="listViewEntriesMainCheckBox"]'.</msg>
<status status="PASS" starttime="20230803 08:20:11.893" endtime="20230803 08:20:11.971"/>
</kw>
<kw name="Sleep" library="BuiltIn">
<arg>10s</arg>
<doc>Pauses the test executed for the given time.</doc>
<msg timestamp="20230803 08:20:21.971" level="INFO">Slept 10 seconds</msg>
<status status="PASS" starttime="20230803 08:20:11.971" endtime="20230803 08:20:21.971"/>
</kw>
<status status="PASS" starttime="20230803 08:20:07.375" endtime="20230803 08:20:21.971"/>
</iter>
<iter>
<var name="${fila}">04</var>
<kw name="Wait Until Element Is Visible" library="SeleniumLibrary">
<arg>${dropDown}</arg>
<arg>20</arg>
<doc>Waits until the element ``locator`` is visible.</doc>
<status status="PASS" starttime="20230803 08:20:21.972" endtime="20230803 08:20:22.011"/>
</kw>
<kw name="Click Element" library="SeleniumLibrary">
<arg>${dropDown}</arg>
<doc>Click the element identified by ``locator``.</doc>
<msg timestamp="20230803 08:20:22.012" level="INFO">Clicking element '//*[@id="s2id_customFilter"]'.</msg>
<status status="PASS" starttime="20230803 08:20:22.011" endtime="20230803 08:20:22.109"/>
</kw>
<kw name="Wait Until Element Is Visible" library="SeleniumLibrary">
<arg>${campoFila}</arg>
<doc>Waits until the element ``locator`` is visible.</doc>
<status status="PASS" starttime="20230803 08:20:22.109" endtime="20230803 08:20:22.141"/>
</kw>
<kw name="Input Text" library="SeleniumLibrary">
<arg>${campoFila}</arg>
<arg>${fila}</arg>
<doc>Types the given ``text`` into the text field identified by ``locator``.</doc>
<msg timestamp="20230803 08:20:22.142" level="INFO">Typing text '04' into text field '//div[@class='select2-search']/input[@type='text']'.</msg>
<status status="PASS" starttime="20230803 08:20:22.141" endtime="20230803 08:20:22.255"/>
</kw>
<kw name="Press Key" library="SeleniumLibrary">
<arg>${campoFila}</arg>
<arg>\\13</arg>
<doc>*DEPRECATED in SeleniumLibrary 4.0.* use `Press Keys` instead.</doc>
<msg timestamp="20230803 08:20:22.255" level="WARN">Keyword 'SeleniumLibrary.Press Key' is deprecated. use `Press Keys` instead.</msg>
<status status="PASS" starttime="20230803 08:20:22.255" endtime="20230803 08:20:26.591"/>
</kw>
<kw name="Wait Until Element Is Visible" library="SeleniumLibrary">
<arg>${selecionarTodos}</arg>
<doc>Waits until the element ``locator`` is visible.</doc>
<status status="PASS" starttime="20230803 08:20:26.591" endtime="20230803 08:20:26.622"/>
</kw>
<kw name="Click Element" library="SeleniumLibrary">
<arg>${selecionarTodos}</arg>
<doc>Click the element identified by ``locator``.</doc>
<msg timestamp="20230803 08:20:26.623" level="INFO">Clicking element '//*[@id="listViewEntriesMainCheckBox"]'.</msg>
<status status="PASS" starttime="20230803 08:20:26.622" endtime="20230803 08:20:26.726"/>
</kw>
<kw name="Sleep" library="BuiltIn">
<arg>10s</arg>
<doc>Pauses the test executed for the given time.</doc>
<msg timestamp="20230803 08:20:36.727" level="INFO">Slept 10 seconds</msg>
<status status="PASS" starttime="20230803 08:20:26.726" endtime="20230803 08:20:36.727"/>
</kw>
<status status="PASS" starttime="20230803 08:20:21.971" endtime="20230803 08:20:36.727"/>
</iter>
<iter>
<var name="${fila}">16.1</var>
<kw name="Wait Until Element Is Visible" library="SeleniumLibrary">
<arg>${dropDown}</arg>
<arg>20</arg>
<doc>Waits until the element ``locator`` is visible.</doc>
<status status="PASS" starttime="20230803 08:20:36.727" endtime="20230803 08:20:36.769"/>
</kw>
<kw name="Click Element" library="SeleniumLibrary">
<arg>${dropDown}</arg>
<doc>Click the element identified by ``locator``.</doc>
<msg timestamp="20230803 08:20:36.771" level="INFO">Clicking element '//*[@id="s2id_customFilter"]'.</msg>
<status status="PASS" starttime="20230803 08:20:36.770" endtime="20230803 08:20:36.906"/>
</kw>
<kw name="Wait Until Element Is Visible" library="SeleniumLibrary">
<arg>${campoFila}</arg>
<doc>Waits until the element ``locator`` is visible.</doc>
<status status="PASS" starttime="20230803 08:20:36.906" endtime="20230803 08:20:36.939"/>
</kw>
<kw name="Input Text" library="SeleniumLibrary">
<arg>${campoFila}</arg>
<arg>${fila}</arg>
<doc>Types the given ``text`` into the text field identified by ``locator``.</doc>
<msg timestamp="20230803 08:20:36.940" level="INFO">Typing text '16.1' into text field '//div[@class='select2-search']/input[@type='text']'.</msg>
<status status="PASS" starttime="20230803 08:20:36.939" endtime="20230803 08:20:37.091"/>
</kw>
<kw name="Press Key" library="SeleniumLibrary">
<arg>${campoFila}</arg>
<arg>\\13</arg>
<doc>*DEPRECATED in SeleniumLibrary 4.0.* use `Press Keys` instead.</doc>
<msg timestamp="20230803 08:20:37.091" level="WARN">Keyword 'SeleniumLibrary.Press Key' is deprecated. use `Press Keys` instead.</msg>
<status status="PASS" starttime="20230803 08:20:37.091" endtime="20230803 08:20:41.314"/>
</kw>
<kw name="Wait Until Element Is Visible" library="SeleniumLibrary">
<arg>${selecionarTodos}</arg>
<doc>Waits until the element ``locator`` is visible.</doc>
<status status="PASS" starttime="20230803 08:20:41.315" endtime="20230803 08:20:41.344"/>
</kw>
<kw name="Click Element" library="SeleniumLibrary">
<arg>${selecionarTodos}</arg>
<doc>Click the element identified by ``locator``.</doc>
<msg timestamp="20230803 08:20:41.345" level="INFO">Clicking element '//*[@id="listViewEntriesMainCheckBox"]'.</msg>
<status status="PASS" starttime="20230803 08:20:41.344" endtime="20230803 08:20:41.442"/>
</kw>
<kw name="Sleep" library="BuiltIn">
<arg>10s</arg>
<doc>Pauses the test executed for the given time.</doc>
<msg timestamp="20230803 08:20:51.442" level="INFO">Slept 10 seconds</msg>
<status status="PASS" starttime="20230803 08:20:41.442" endtime="20230803 08:20:51.442"/>
</kw>
<status status="PASS" starttime="20230803 08:20:36.727" endtime="20230803 08:20:51.442"/>
</iter>
<iter>
<var name="${fila}">16.2</var>
<kw name="Wait Until Element Is Visible" library="SeleniumLibrary">
<arg>${dropDown}</arg>
<arg>20</arg>
<doc>Waits until the element ``locator`` is visible.</doc>
<status status="PASS" starttime="20230803 08:20:51.443" endtime="20230803 08:20:51.479"/>
</kw>
<kw name="Click Element" library="SeleniumLibrary">
<arg>${dropDown}</arg>
<doc>Click the element identified by ``locator``.</doc>
<msg timestamp="20230803 08:20:51.480" level="INFO">Clicking element '//*[@id="s2id_customFilter"]'.</msg>
<status status="PASS" starttime="20230803 08:20:51.480" endtime="20230803 08:20:51.594"/>
</kw>
<kw name="Wait Until Element Is Visible" library="SeleniumLibrary">
<arg>${campoFila}</arg>
<doc>Waits until the element ``locator`` is visible.</doc>
<status status="PASS" starttime="20230803 08:20:51.594" endtime="20230803 08:20:51.631"/>
</kw>
<kw name="Input Text" library="SeleniumLibrary">
<arg>${campoFila}</arg>
<arg>${fila}</arg>
<doc>Types the given ``text`` into the text field identified by ``locator``.</doc>
<msg timestamp="20230803 08:20:51.632" level="INFO">Typing text '16.2' into text field '//div[@class='select2-search']/input[@type='text']'.</msg>
<status status="PASS" starttime="20230803 08:20:51.631" endtime="20230803 08:20:51.786"/>
</kw>
<kw name="Press Key" library="SeleniumLibrary">
<arg>${campoFila}</arg>
<arg>\\13</arg>
<doc>*DEPRECATED in SeleniumLibrary 4.0.* use `Press Keys` instead.</doc>
<msg timestamp="20230803 08:20:51.787" level="WARN">Keyword 'SeleniumLibrary.Press Key' is deprecated. use `Press Keys` instead.</msg>
<status status="PASS" starttime="20230803 08:20:51.786" endtime="20230803 08:20:55.954"/>
</kw>
<kw name="Wait Until Element Is Visible" library="SeleniumLibrary">
<arg>${selecionarTodos}</arg>
<doc>Waits until the element ``locator`` is visible.</doc>
<status status="PASS" starttime="20230803 08:20:55.954" endtime="20230803 08:20:55.981"/>
</kw>
<kw name="Click Element" library="SeleniumLibrary">
<arg>${selecionarTodos}</arg>
<doc>Click the element identified by ``locator``.</doc>
<msg timestamp="20230803 08:20:55.983" level="INFO">Clicking element '//*[@id="listViewEntriesMainCheckBox"]'.</msg>
<status status="PASS" starttime="20230803 08:20:55.982" endtime="20230803 08:20:56.062"/>
</kw>
<kw name="Sleep" library="BuiltIn">
<arg>10s</arg>
<doc>Pauses the test executed for the given time.</doc>
<msg timestamp="20230803 08:21:06.064" level="INFO">Slept 10 seconds</msg>
<status status="PASS" starttime="20230803 08:20:56.062" endtime="20230803 08:21:06.064"/>
</kw>
<status status="PASS" starttime="20230803 08:20:51.442" endtime="20230803 08:21:06.064"/>
</iter>
<iter>
<var name="${fila}">22</var>
<kw name="Wait Until Element Is Visible" library="SeleniumLibrary">
<arg>${dropDown}</arg>
<arg>20</arg>
<doc>Waits until the element ``locator`` is visible.</doc>
<status status="PASS" starttime="20230803 08:21:06.065" endtime="20230803 08:21:06.111"/>
</kw>
<kw name="Click Element" library="SeleniumLibrary">
<arg>${dropDown}</arg>
<doc>Click the element identified by ``locator``.</doc>
<msg timestamp="20230803 08:21:06.112" level="INFO">Clicking element '//*[@id="s2id_customFilter"]'.</msg>
<status status="PASS" starttime="20230803 08:21:06.111" endtime="20230803 08:21:06.228"/>
</kw>
<kw name="Wait Until Element Is Visible" library="SeleniumLibrary">
<arg>${campoFila}</arg>
<doc>Waits until the element ``locator`` is visible.</doc>
<status status="PASS" starttime="20230803 08:21:06.228" endtime="20230803 08:21:06.264"/>
</kw>
<kw name="Input Text" library="SeleniumLibrary">
<arg>${campoFila}</arg>
<arg>${fila}</arg>
<doc>Types the given ``text`` into the text field identified by ``locator``.</doc>
<msg timestamp="20230803 08:21:06.266" level="INFO">Typing text '22' into text field '//div[@class='select2-search']/input[@type='text']'.</msg>
<status status="PASS" starttime="20230803 08:21:06.265" endtime="20230803 08:21:06.414"/>
</kw>
<kw name="Press Key" library="SeleniumLibrary">
<arg>${campoFila}</arg>
<arg>\\13</arg>
<doc>*DEPRECATED in SeleniumLibrary 4.0.* use `Press Keys` instead.</doc>
<msg timestamp="20230803 08:21:06.414" level="WARN">Keyword 'SeleniumLibrary.Press Key' is deprecated. use `Press Keys` instead.</msg>
<status status="PASS" starttime="20230803 08:21:06.414" endtime="20230803 08:21:10.481"/>
</kw>
<kw name="Wait Until Element Is Visible" library="SeleniumLibrary">
<arg>${selecionarTodos}</arg>
<doc>Waits until the element ``locator`` is visible.</doc>
<status status="PASS" starttime="20230803 08:21:10.481" endtime="20230803 08:21:10.521"/>
</kw>
<kw name="Click Element" library="SeleniumLibrary">
<arg>${selecionarTodos}</arg>
<doc>Click the element identified by ``locator``.</doc>
<msg timestamp="20230803 08:21:10.522" level="INFO">Clicking element '//*[@id="listViewEntriesMainCheckBox"]'.</msg>
<status status="PASS" starttime="20230803 08:21:10.521" endtime="20230803 08:21:10.605"/>
</kw>
<kw name="Sleep" library="BuiltIn">
<arg>10s</arg>
<doc>Pauses the test executed for the given time.</doc>
<msg timestamp="20230803 08:21:20.606" level="INFO">Slept 10 seconds</msg>
<status status="PASS" starttime="20230803 08:21:10.605" endtime="20230803 08:21:20.606"/>
</kw>
<status status="PASS" starttime="20230803 08:21:06.064" endtime="20230803 08:21:20.606"/>
</iter>
<status status="PASS" starttime="20230803 08:19:51.332" endtime="20230803 08:21:20.606"/>
</for>
<status status="PASS" starttime="20230803 08:19:51.330" endtime="20230803 08:21:20.606"/>
</iter>
<iter>
<kw name="Create List" library="BuiltIn">
<var>@{filas}</var>
<arg>01</arg>
<arg>02</arg>
<arg>04</arg>
<arg>16.1</arg>
<arg>16.2</arg>
<arg>22</arg>
<doc>Returns a list containing given items.</doc>
<msg timestamp="20230803 08:21:20.607" level="INFO">@{filas} = [ 01 | 02 | 04 | 16.1 | 16.2 | 22 ]</msg>
<status status="PASS" starttime="20230803 08:21:20.607" endtime="20230803 08:21:20.607"/>
</kw>
<for flavor="IN">
<var>${fila}</var>
<value>@{filas}</value>
<iter>
<var name="${fila}">01</var>
<kw name="Wait Until Element Is Visible" library="SeleniumLibrary">
<arg>${dropDown}</arg>
<arg>20</arg>
<doc>Waits until the element ``locator`` is visible.</doc>
<status status="PASS" starttime="20230803 08:21:20.608" endtime="20230803 08:21:20.648"/>
</kw>
<kw name="Click Element" library="SeleniumLibrary">
<arg>${dropDown}</arg>
<doc>Click the element identified by ``locator``.</doc>
<msg timestamp="20230803 08:21:20.649" level="INFO">Clicking element '//*[@id="s2id_customFilter"]'.</msg>
<status status="PASS" starttime="20230803 08:21:20.648" endtime="20230803 08:21:20.794"/>
</kw>
<kw name="Wait Until Element Is Visible" library="SeleniumLibrary">
<arg>${campoFila}</arg>
<doc>Waits until the element ``locator`` is visible.</doc>
<status status="PASS" starttime="20230803 08:21:20.794" endtime="20230803 08:21:20.824"/>
</kw>
<kw name="Input Text" library="SeleniumLibrary">
<arg>${campoFila}</arg>
<arg>${fila}</arg>
<doc>Types the given ``text`` into the text field identified by ``locator``.</doc>
<msg timestamp="20230803 08:21:20.825" level="INFO">Typing text '01' into text field '//div[@class='select2-search']/input[@type='text']'.</msg>
<status status="PASS" starttime="20230803 08:21:20.824" endtime="20230803 08:21:20.918"/>
</kw>
<kw name="Press Key" library="SeleniumLibrary">
<arg>${campoFila}</arg>
<arg>\\13</arg>
<doc>*DEPRECATED in SeleniumLibrary 4.0.* use `Press Keys` instead.</doc>
<msg timestamp="20230803 08:21:20.918" level="WARN">Keyword 'SeleniumLibrary.Press Key' is deprecated. use `Press Keys` instead.</msg>
<status status="PASS" starttime="20230803 08:21:20.918" endtime="20230803 08:21:26.465"/>
</kw>
<kw name="Wait Until Element Is Visible" library="SeleniumLibrary">
<arg>${selecionarTodos}</arg>
<doc>Waits until the element ``locator`` is visible.</doc>
<status status="PASS" starttime="20230803 08:21:26.465" endtime="20230803 08:21:26.492"/>
</kw>
<kw name="Click Element" library="SeleniumLibrary">
<arg>${selecionarTodos}</arg>
<doc>Click the element identified by ``locator``.</doc>
<msg timestamp="20230803 08:21:26.492" level="INFO">Clicking element '//*[@id="listViewEntriesMainCheckBox"]'.</msg>
<status status="PASS" starttime="20230803 08:21:26.492" endtime="20230803 08:21:26.549"/>
</kw>
<kw name="Sleep" library="BuiltIn">
<arg>10s</arg>
<doc>Pauses the test executed for the given time.</doc>
<msg timestamp="20230803 08:21:36.550" level="INFO">Slept 10 seconds</msg>
<status status="PASS" starttime="20230803 08:21:26.549" endtime="20230803 08:21:36.550"/>
</kw>
<status status="PASS" starttime="20230803 08:21:20.608" endtime="20230803 08:21:36.550"/>
</iter>
<iter>
<var name="${fila}">02</var>
<kw name="Wait Until Element Is Visible" library="SeleniumLibrary">
<arg>${dropDown}</arg>
<arg>20</arg>
<doc>Waits until the element ``locator`` is visible.</doc>
<status status="PASS" starttime="20230803 08:21:36.551" endtime="20230803 08:21:36.591"/>
</kw>
<kw name="Click Element" library="SeleniumLibrary">
<arg>${dropDown}</arg>
<doc>Click the element identified by ``locator``.</doc>
<msg timestamp="20230803 08:21:36.592" level="INFO">Clicking element '//*[@id="s2id_customFilter"]'.</msg>
<status status="PASS" starttime="20230803 08:21:36.591" endtime="20230803 08:21:36.672"/>
</kw>
<kw name="Wait Until Element Is Visible" library="SeleniumLibrary">
<arg>${campoFila}</arg>
<doc>Waits until the element ``locator`` is visible.</doc>
<status status="PASS" starttime="20230803 08:21:36.672" endtime="20230803 08:21:36.697"/>
</kw>
<kw name="Input Text" library="SeleniumLibrary">
<arg>${campoFila}</arg>
<arg>${fila}</arg>
<doc>Types the given ``text`` into the text field identified by ``locator``.</doc>
<msg timestamp="20230803 08:21:36.698" level="INFO">Typing text '02' into text field '//div[@class='select2-search']/input[@type='text']'.</msg>
<status status="PASS" starttime="20230803 08:21:36.697" endtime="20230803 08:21:36.799"/>
</kw>
<kw name="Press Key" library="SeleniumLibrary">
<arg>${campoFila}</arg>
<arg>\\13</arg>
<doc>*DEPRECATED in SeleniumLibrary 4.0.* use `Press Keys` instead.</doc>
<msg timestamp="20230803 08:21:36.799" level="WARN">Keyword 'SeleniumLibrary.Press Key' is deprecated. use `Press Keys` instead.</msg>
<status status="PASS" starttime="20230803 08:21:36.799" endtime="20230803 08:21:40.879"/>
</kw>
<kw name="Wait Until Element Is Visible" library="SeleniumLibrary">
<arg>${selecionarTodos}</arg>
<doc>Waits until the element ``locator`` is visible.</doc>
<status status="PASS" starttime="20230803 08:21:40.880" endtime="20230803 08:21:40.909"/>
</kw>
<kw name="Click Element" library="SeleniumLibrary">
<arg>${selecionarTodos}</arg>
<doc>Click the element identified by ``locator``.</doc>
<msg timestamp="20230803 08:21:40.910" level="INFO">Clicking element '//*[@id="listViewEntriesMainCheckBox"]'.</msg>
<status status="PASS" starttime="20230803 08:21:40.910" endtime="20230803 08:21:40.972"/>
</kw>
<kw name="Sleep" library="BuiltIn">
<arg>10s</arg>
<doc>Pauses the test executed for the given time.</doc>
<msg timestamp="20230803 08:21:50.973" level="INFO">Slept 10 seconds</msg>
<status status="PASS" starttime="20230803 08:21:40.973" endtime="20230803 08:21:50.973"/>
</kw>
<status status="PASS" starttime="20230803 08:21:36.550" endtime="20230803 08:21:50.973"/>
</iter>
<iter>
<var name="${fila}">04</var>
<kw name="Wait Until Element Is Visible" library="SeleniumLibrary">
<arg>${dropDown}</arg>
<arg>20</arg>
<doc>Waits until the element ``locator`` is visible.</doc>
<status status="PASS" starttime="20230803 08:21:50.974" endtime="20230803 08:21:51.018"/>
</kw>
<kw name="Click Element" library="SeleniumLibrary">
<arg>${dropDown}</arg>
<doc>Click the element identified by ``locator``.</doc>
<msg timestamp="20230803 08:21:51.019" level="INFO">Clicking element '//*[@id="s2id_customFilter"]'.</msg>
<status status="PASS" starttime="20230803 08:21:51.018" endtime="20230803 08:21:51.086"/>
</kw>
<kw name="Wait Until Element Is Visible" library="SeleniumLibrary">
<arg>${campoFila}</arg>
<doc>Waits until the element ``locator`` is visible.</doc>
<status status="PASS" starttime="20230803 08:21:51.086" endtime="20230803 08:21:51.140"/>
</kw>
<kw name="Input Text" library="SeleniumLibrary">
<arg>${campoFila}</arg>
<arg>${fila}</arg>
<doc>Types the given ``text`` into the text field identified by ``locator``.</doc>
<msg timestamp="20230803 08:21:51.140" level="INFO">Typing text '04' into text field '//div[@class='select2-search']/input[@type='text']'.</msg>
<status status="PASS" starttime="20230803 08:21:51.140" endtime="20230803 08:21:51.249"/>
</kw>
<kw name="Press Key" library="SeleniumLibrary">
<arg>${campoFila}</arg>
<arg>\\13</arg>
<doc>*DEPRECATED in SeleniumLibrary 4.0.* use `Press Keys` instead.</doc>
<msg timestamp="20230803 08:21:51.249" level="WARN">Keyword 'SeleniumLibrary.Press Key' is deprecated. use `Press Keys` instead.</msg>
<status status="PASS" starttime="20230803 08:21:51.249" endtime="20230803 08:21:55.604"/>
</kw>
<kw name="Wait Until Element Is Visible" library="SeleniumLibrary">
<arg>${selecionarTodos}</arg>
<doc>Waits until the element ``locator`` is visible.</doc>
<status status="PASS" starttime="20230803 08:21:55.604" endtime="20230803 08:21:55.632"/>
</kw>
<kw name="Click Element" library="SeleniumLibrary">
<arg>${selecionarTodos}</arg>
<doc>Click the element identified by ``locator``.</doc>
<msg timestamp="20230803 08:21:55.632" level="INFO">Clicking element '//*[@id="listViewEntriesMainCheckBox"]'.</msg>
<status status="PASS" starttime="20230803 08:21:55.632" endtime="20230803 08:21:55.703"/>
</kw>
<kw name="Sleep" library="BuiltIn">
<arg>10s</arg>
<doc>Pauses the test executed for the given time.</doc>
<msg timestamp="20230803 08:22:05.705" level="INFO">Slept 10 seconds</msg>
<status status="PASS" starttime="20230803 08:21:55.703" endtime="20230803 08:22:05.705"/>
</kw>
<status status="PASS" starttime="20230803 08:21:50.974" endtime="20230803 08:22:05.705"/>
</iter>
<iter>
<var name="${fila}">16.1</var>
<kw name="Wait Until Element Is Visible" library="SeleniumLibrary">
<arg>${dropDown}</arg>
<arg>20</arg>
<doc>Waits until the element ``locator`` is visible.</doc>
<status status="PASS" starttime="20230803 08:22:05.705" endtime="20230803 08:22:05.747"/>
</kw>
<kw name="Click Element" library="SeleniumLibrary">
<arg>${dropDown}</arg>
<doc>Click the element identified by ``locator``.</doc>
<msg timestamp="20230803 08:22:05.747" level="INFO">Clicking element '//*[@id="s2id_customFilter"]'.</msg>
<status status="PASS" starttime="20230803 08:22:05.747" endtime="20230803 08:22:05.841"/>
</kw>
<kw name="Wait Until Element Is Visible" library="SeleniumLibrary">
<arg>${campoFila}</arg>
<doc>Waits until the element ``locator`` is visible.</doc>
<status status="PASS" starttime="20230803 08:22:05.842" endtime="20230803 08:22:05.875"/>
</kw>
<kw name="Input Text" library="SeleniumLibrary">
<arg>${campoFila}</arg>
<arg>${fila}</arg>
<doc>Types the given ``text`` into the text field identified by ``locator``.</doc>
<msg timestamp="20230803 08:22:05.876" level="INFO">Typing text '16.1' into text field '//div[@class='select2-search']/input[@type='text']'.</msg>
<status status="PASS" starttime="20230803 08:22:05.875" endtime="20230803 08:22:06.029"/>
</kw>
<kw name="Press Key" library="SeleniumLibrary">
<arg>${campoFila}</arg>
<arg>\\13</arg>
<doc>*DEPRECATED in SeleniumLibrary 4.0.* use `Press Keys` instead.</doc>
<msg timestamp="20230803 08:22:06.029" level="WARN">Keyword 'SeleniumLibrary.Press Key' is deprecated. use `Press Keys` instead.</msg>
<status status="PASS" starttime="20230803 08:22:06.029" endtime="20230803 08:22:10.234"/>
</kw>
<kw name="Wait Until Element Is Visible" library="SeleniumLibrary">
<arg>${selecionarTodos}</arg>
<doc>Waits until the element ``locator`` is visible.</doc>
<status status="PASS" starttime="20230803 08:22:10.235" endtime="20230803 08:22:10.263"/>
</kw>
<kw name="Click Element" library="SeleniumLibrary">
<arg>${selecionarTodos}</arg>
<doc>Click the element identified by ``locator``.</doc>
<msg timestamp="20230803 08:22:10.264" level="INFO">Clicking element '//*[@id="listViewEntriesMainCheckBox"]'.</msg>
<status status="PASS" starttime="20230803 08:22:10.264" endtime="20230803 08:22:10.357"/>
</kw>
<kw name="Sleep" library="BuiltIn">
<arg>10s</arg>
<doc>Pauses the test executed for the given time.</doc>
<msg timestamp="20230803 08:22:20.358" level="INFO">Slept 10 seconds</msg>
<status status="PASS" starttime="20230803 08:22:10.357" endtime="20230803 08:22:20.358"/>
</kw>
<status status="PASS" starttime="20230803 08:22:05.705" endtime="20230803 08:22:20.358"/>
</iter>
<iter>
<var name="${fila}">16.2</var>
<kw name="Wait Until Element Is Visible" library="SeleniumLibrary">
<arg>${dropDown}</arg>
<arg>20</arg>
<doc>Waits until the element ``locator`` is visible.</doc>
<status status="PASS" starttime="20230803 08:22:20.359" endtime="20230803 08:22:20.395"/>
</kw>
<kw name="Click Element" library="SeleniumLibrary">
<arg>${dropDown}</arg>
<doc>Click the element identified by ``locator``.</doc>
<msg timestamp="20230803 08:22:20.396" level="INFO">Clicking element '//*[@id="s2id_customFilter"]'.</msg>
<status status="PASS" starttime="20230803 08:22:20.396" endtime="20230803 08:22:20.504"/>
</kw>
<kw name="Wait Until Element Is Visible" library="SeleniumLibrary">
<arg>${campoFila}</arg>
<doc>Waits until the element ``locator`` is visible.</doc>
<status status="PASS" starttime="20230803 08:22:20.504" endtime="20230803 08:22:20.537"/>
</kw>
<kw name="Input Text" library="SeleniumLibrary">
<arg>${campoFila}</arg>
<arg>${fila}</arg>
<doc>Types the given ``text`` into the text field identified by ``locator``.</doc>
<msg timestamp="20230803 08:22:20.537" level="INFO">Typing text '16.2' into text field '//div[@class='select2-search']/input[@type='text']'.</msg>
<status status="PASS" starttime="20230803 08:22:20.537" endtime="20230803 08:22:20.698"/>
</kw>
<kw name="Press Key" library="SeleniumLibrary">
<arg>${campoFila}</arg>
<arg>\\13</arg>
<doc>*DEPRECATED in SeleniumLibrary 4.0.* use `Press Keys` instead.</doc>
<msg timestamp="20230803 08:22:20.699" level="WARN">Keyword 'SeleniumLibrary.Press Key' is deprecated. use `Press Keys` instead.</msg>
<status status="PASS" starttime="20230803 08:22:20.698" endtime="20230803 08:22:25.004"/>
</kw>
<kw name="Wait Until Element Is Visible" library="SeleniumLibrary">
<arg>${selecionarTodos}</arg>
<doc>Waits until the element ``locator`` is visible.</doc>
<status status="PASS" starttime="20230803 08:22:25.005" endtime="20230803 08:22:25.047"/>
</kw>
<kw name="Click Element" library="SeleniumLibrary">
<arg>${selecionarTodos}</arg>
<doc>Click the element identified by ``locator``.</doc>
<msg timestamp="20230803 08:22:25.048" level="INFO">Clicking element '//*[@id="listViewEntriesMainCheckBox"]'.</msg>
<status status="PASS" starttime="20230803 08:22:25.047" endtime="20230803 08:22:25.117"/>
</kw>
<kw name="Sleep" library="BuiltIn">
<arg>10s</arg>
<doc>Pauses the test executed for the given time.</doc>
<msg timestamp="20230803 08:22:35.118" level="INFO">Slept 10 seconds</msg>
<status status="PASS" starttime="20230803 08:22:25.117" endtime="20230803 08:22:35.118"/>
</kw>
<status status="PASS" starttime="20230803 08:22:20.359" endtime="20230803 08:22:35.118"/>
</iter>
<iter>
<var name="${fila}">22</var>
<kw name="Wait Until Element Is Visible" library="SeleniumLibrary">
<arg>${dropDown}</arg>
<arg>20</arg>
<doc>Waits until the element ``locator`` is visible.</doc>
<status status="PASS" starttime="20230803 08:22:35.119" endtime="20230803 08:22:35.159"/>
</kw>
<kw name="Click Element" library="SeleniumLibrary">
<arg>${dropDown}</arg>
<doc>Click the element identified by ``locator``.</doc>
<msg timestamp="20230803 08:22:35.160" level="INFO">Clicking element '//*[@id="s2id_customFilter"]'.</msg>
<status status="PASS" starttime="20230803 08:22:35.159" endtime="20230803 08:22:35.291"/>
</kw>
<kw name="Wait Until Element Is Visible" library="SeleniumLibrary">
<arg>${campoFila}</arg>
<doc>Waits until the element ``locator`` is visible.</doc>
<status status="PASS" starttime="20230803 08:22:35.292" endtime="20230803 08:22:35.323"/>
</kw>
<kw name="Input Text" library="SeleniumLibrary">
<arg>${campoFila}</arg>
<arg>${fila}</arg>
<doc>Types the given ``text`` into the text field identified by ``locator``.</doc>
<msg timestamp="20230803 08:22:35.324" level="INFO">Typing text '22' into text field '//div[@class='select2-search']/input[@type='text']'.</msg>
<status status="PASS" starttime="20230803 08:22:35.323" endtime="20230803 08:22:35.440"/>
</kw>
<kw name="Press Key" library="SeleniumLibrary">
<arg>${campoFila}</arg>
<arg>\\13</arg>
<doc>*DEPRECATED in SeleniumLibrary 4.0.* use `Press Keys` instead.</doc>
<msg timestamp="20230803 08:22:35.440" level="WARN">Keyword 'SeleniumLibrary.Press Key' is deprecated. use `Press Keys` instead.</msg>
<status status="PASS" starttime="20230803 08:22:35.440" endtime="20230803 08:22:39.378"/>
</kw>
<kw name="Wait Until Element Is Visible" library="SeleniumLibrary">
<arg>${selecionarTodos}</arg>
<doc>Waits until the element ``locator`` is visible.</doc>
<status status="PASS" starttime="20230803 08:22:39.379" endtime="20230803 08:22:39.405"/>
</kw>
<kw name="Click Element" library="SeleniumLibrary">
<arg>${selecionarTodos}</arg>
<doc>Click the element identified by ``locator``.</doc>
<msg timestamp="20230803 08:22:39.406" level="INFO">Clicking element '//*[@id="listViewEntriesMainCheckBox"]'.</msg>
<status status="PASS" starttime="20230803 08:22:39.405" endtime="20230803 08:22:39.471"/>
</kw>
<kw name="Sleep" library="BuiltIn">
<arg>10s</arg>
<doc>Pauses the test executed for the given time.</doc>
<msg timestamp="20230803 08:22:49.471" level="INFO">Slept 10 seconds</msg>
<status status="PASS" starttime="20230803 08:22:39.471" endtime="20230803 08:22:49.471"/>
</kw>
<status status="PASS" starttime="20230803 08:22:35.118" endtime="20230803 08:22:49.471"/>
</iter>
<status status="PASS" starttime="20230803 08:21:20.607" endtime="20230803 08:22:49.471"/>
</for>
<status status="PASS" starttime="20230803 08:21:20.606" endtime="20230803 08:22:49.471"/>
</iter>
<iter>
<kw name="Create List" library="BuiltIn">
<var>@{filas}</var>
<arg>01</arg>
<arg>02</arg>
<arg>04</arg>
<arg>16.1</arg>
<arg>16.2</arg>
<arg>22</arg>
<doc>Returns a list containing given items.</doc>
<msg timestamp="20230803 08:22:49.472" level="INFO">@{filas} = [ 01 | 02 | 04 | 16.1 | 16.2 | 22 ]</msg>
<status status="PASS" starttime="20230803 08:22:49.472" endtime="20230803 08:22:49.472"/>
</kw>
<for flavor="IN">
<var>${fila}</var>
<value>@{filas}</value>
<iter>
<var name="${fila}">01</var>
<kw name="Wait Until Element Is Visible" library="SeleniumLibrary">
<arg>${dropDown}</arg>
<arg>20</arg>
<doc>Waits until the element ``locator`` is visible.</doc>
<status status="PASS" starttime="20230803 08:22:49.473" endtime="20230803 08:22:49.514"/>
</kw>
<kw name="Click Element" library="SeleniumLibrary">
<arg>${dropDown}</arg>
<doc>Click the element identified by ``locator``.</doc>
<msg timestamp="20230803 08:22:49.515" level="INFO">Clicking element '//*[@id="s2id_customFilter"]'.</msg>
<status status="PASS" starttime="20230803 08:22:49.514" endtime="20230803 08:22:49.632"/>
</kw>
<kw name="Wait Until Element Is Visible" library="SeleniumLibrary">
<arg>${campoFila}</arg>
<doc>Waits until the element ``locator`` is visible.</doc>
<status status="PASS" starttime="20230803 08:22:49.632" endtime="20230803 08:22:49.654"/>
</kw>
<kw name="Input Text" library="SeleniumLibrary">
<arg>${campoFila}</arg>
<arg>${fila}</arg>
<doc>Types the given ``text`` into the text field identified by ``locator``.</doc>
<msg timestamp="20230803 08:22:49.655" level="INFO">Typing text '01' into text field '//div[@class='select2-search']/input[@type='text']'.</msg>
<status status="PASS" starttime="20230803 08:22:49.654" endtime="20230803 08:22:49.744"/>
</kw>
<kw name="Press Key" library="SeleniumLibrary">
<arg>${campoFila}</arg>
<arg>\\13</arg>
<doc>*DEPRECATED in SeleniumLibrary 4.0.* use `Press Keys` instead.</doc>
<msg timestamp="20230803 08:22:49.744" level="WARN">Keyword 'SeleniumLibrary.Press Key' is deprecated. use `Press Keys` instead.</msg>
<status status="PASS" starttime="20230803 08:22:49.744" endtime="20230803 08:22:55.313"/>
</kw>
<kw name="Wait Until Element Is Visible" library="SeleniumLibrary">
<arg>${selecionarTodos}</arg>
<doc>Waits until the element ``locator`` is visible.</doc>
<status status="PASS" starttime="20230803 08:22:55.313" endtime="20230803 08:22:55.341"/>
</kw>
<kw name="Click Element" library="SeleniumLibrary">
<arg>${selecionarTodos}</arg>
<doc>Click the element identified by ``locator``.</doc>
<msg timestamp="20230803 08:22:55.342" level="INFO">Clicking element '//*[@id="listViewEntriesMainCheckBox"]'.</msg>
<status status="PASS" starttime="20230803 08:22:55.341" endtime="20230803 08:22:55.397"/>
</kw>
<kw name="Sleep" library="BuiltIn">
<arg>10s</arg>
<doc>Pauses the test executed for the given time.</doc>
<msg timestamp="20230803 08:23:05.399" level="INFO">Slept 10 seconds</msg>
<status status="PASS" starttime="20230803 08:22:55.398" endtime="20230803 08:23:05.399"/>
</kw>
<status status="PASS" starttime="20230803 08:22:49.473" endtime="20230803 08:23:05.399"/>
</iter>
<iter>
<var name="${fila}">02</var>
<kw name="Wait Until Element Is Visible" library="SeleniumLibrary">
<arg>${dropDown}</arg>
<arg>20</arg>
<doc>Waits until the element ``locator`` is visible.</doc>
<status status="PASS" starttime="20230803 08:23:05.399" endtime="20230803 08:23:05.440"/>
</kw>
<kw name="Click Element" library="SeleniumLibrary">
<arg>${dropDown}</arg>
<doc>Click the element identified by ``locator``.</doc>
<msg timestamp="20230803 08:23:05.442" level="INFO">Clicking element '//*[@id="s2id_customFilter"]'.</msg>
<status status="PASS" starttime="20230803 08:23:05.441" endtime="20230803 08:23:05.562"/>
</kw>
<kw name="Wait Until Element Is Visible" library="SeleniumLibrary">
<arg>${campoFila}</arg>
<doc>Waits until the element ``locator`` is visible.</doc>
<status status="PASS" starttime="20230803 08:23:05.562" endtime="20230803 08:23:05.586"/>
</kw>
<kw name="Input Text" library="SeleniumLibrary">
<arg>${campoFila}</arg>
<arg>${fila}</arg>
<doc>Types the given ``text`` into the text field identified by ``locator``.</doc>
<msg timestamp="20230803 08:23:05.588" level="INFO">Typing text '02' into text field '//div[@class='select2-search']/input[@type='text']'.</msg>
<status status="PASS" starttime="20230803 08:23:05.587" endtime="20230803 08:23:05.681"/>
</kw>
<kw name="Press Key" library="SeleniumLibrary">
<arg>${campoFila}</arg>
<arg>\\13</arg>
<doc>*DEPRECATED in SeleniumLibrary 4.0.* use `Press Keys` instead.</doc>
<msg timestamp="20230803 08:23:05.682" level="WARN">Keyword 'SeleniumLibrary.Press Key' is deprecated. use `Press Keys` instead.</msg>
<status status="PASS" starttime="20230803 08:23:05.681" endtime="20230803 08:23:11.518"/>
</kw>
<kw name="Wait Until Element Is Visible" library="SeleniumLibrary">
<arg>${selecionarTodos}</arg>
<doc>Waits until the element ``locator`` is visible.</doc>
<status status="PASS" starttime="20230803 08:23:11.518" endtime="20230803 08:23:11.550"/>
</kw>
<kw name="Click Element" library="SeleniumLibrary">
<arg>${selecionarTodos}</arg>
<doc>Click the element identified by ``locator``.</doc>
<msg timestamp="20230803 08:23:11.551" level="INFO">Clicking element '//*[@id="listViewEntriesMainCheckBox"]'.</msg>
<status status="PASS" starttime="20230803 08:23:11.551" endtime="20230803 08:23:11.618"/>
</kw>
<kw name="Sleep" library="BuiltIn">
<arg>10s</arg>
<doc>Pauses the test executed for the given time.</doc>
<msg timestamp="20230803 08:23:21.619" level="INFO">Slept 10 seconds</msg>
<status status="PASS" starttime="20230803 08:23:11.618" endtime="20230803 08:23:21.619"/>
</kw>
<status status="PASS" starttime="20230803 08:23:05.399" endtime="20230803 08:23:21.619"/>
</iter>
<iter>
<var name="${fila}">04</var>
<kw name="Wait Until Element Is Visible" library="SeleniumLibrary">
<arg>${dropDown}</arg>
<arg>20</arg>
<doc>Waits until the element ``locator`` is visible.</doc>
<status status="PASS" starttime="20230803 08:23:21.619" endtime="20230803 08:23:21.663"/>
</kw>
<kw name="Click Element" library="SeleniumLibrary">
<arg>${dropDown}</arg>
<doc>Click the element identified by ``locator``.</doc>
<msg timestamp="20230803 08:23:21.664" level="INFO">Clicking element '//*[@id="s2id_customFilter"]'.</msg>
<status status="PASS" starttime="20230803 08:23:21.663" endtime="20230803 08:23:21.770"/>
</kw>
<kw name="Wait Until Element Is Visible" library="SeleniumLibrary">
<arg>${campoFila}</arg>
<doc>Waits until the element ``locator`` is visible.</doc>
<status status="PASS" starttime="20230803 08:23:21.770" endtime="20230803 08:23:21.795"/>
</kw>
<kw name="Input Text" library="SeleniumLibrary">
<arg>${campoFila}</arg>
<arg>${fila}</arg>
<doc>Types the given ``text`` into the text field identified by ``locator``.</doc>
<msg timestamp="20230803 08:23:21.796" level="INFO">Typing text '04' into text field '//div[@class='select2-search']/input[@type='text']'.</msg>
<status status="PASS" starttime="20230803 08:23:21.795" endtime="20230803 08:23:21.899"/>
</kw>
<kw name="Press Key" library="SeleniumLibrary">
<arg>${campoFila}</arg>
<arg>\\13</arg>
<doc>*DEPRECATED in SeleniumLibrary 4.0.* use `Press Keys` instead.</doc>
<msg timestamp="20230803 08:23:21.900" level="WARN">Keyword 'SeleniumLibrary.Press Key' is deprecated. use `Press Keys` instead.</msg>
<status status="PASS" starttime="20230803 08:23:21.900" endtime="20230803 08:23:26.416"/>
</kw>
<kw name="Wait Until Element Is Visible" library="SeleniumLibrary">
<arg>${selecionarTodos}</arg>
<doc>Waits until the element ``locator`` is visible.</doc>
<status status="PASS" starttime="20230803 08:23:26.416" endtime="20230803 08:23:26.444"/>
</kw>
<kw name="Click Element" library="SeleniumLibrary">
<arg>${selecionarTodos}</arg>
<doc>Click the element identified by ``locator``.</doc>
<msg timestamp="20230803 08:23:26.445" level="INFO">Clicking element '//*[@id="listViewEntriesMainCheckBox"]'.</msg>
<status status="PASS" starttime="20230803 08:23:26.444" endtime="20230803 08:23:26.542"/>
</kw>
<kw name="Sleep" library="BuiltIn">
<arg>10s</arg>
<doc>Pauses the test executed for the given time.</doc>
<msg timestamp="20230803 08:23:36.544" level="INFO">Slept 10 seconds</msg>
<status status="PASS" starttime="20230803 08:23:26.542" endtime="20230803 08:23:36.544"/>
</kw>
<status status="PASS" starttime="20230803 08:23:21.619" endtime="20230803 08:23:36.544"/>
</iter>
<iter>
<var name="${fila}">16.1</var>
<kw name="Wait Until Element Is Visible" library="SeleniumLibrary">
<arg>${dropDown}</arg>
<arg>20</arg>
<doc>Waits until the element ``locator`` is visible.</doc>
<status status="PASS" starttime="20230803 08:23:36.544" endtime="20230803 08:23:36.574"/>
</kw>
<kw name="Click Element" library="SeleniumLibrary">
<arg>${dropDown}</arg>
<doc>Click the element identified by ``locator``.</doc>
<msg timestamp="20230803 08:23:36.575" level="INFO">Clicking element '//*[@id="s2id_customFilter"]'.</msg>
<status status="PASS" starttime="20230803 08:23:36.574" endtime="20230803 08:23:36.707"/>
</kw>
<kw name="Wait Until Element Is Visible" library="SeleniumLibrary">
<arg>${campoFila}</arg>
<doc>Waits until the element ``locator`` is visible.</doc>
<status status="PASS" starttime="20230803 08:23:36.708" endtime="20230803 08:23:36.755"/>
</kw>
<kw name="Input Text" library="SeleniumLibrary">
<arg>${campoFila}</arg>
<arg>${fila}</arg>
<doc>Types the given ``text`` into the text field identified by ``locator``.</doc>
<msg timestamp="20230803 08:23:36.757" level="INFO">Typing text '16.1' into text field '//div[@class='select2-search']/input[@type='text']'.</msg>
<status status="PASS" starttime="20230803 08:23:36.755" endtime="20230803 08:23:36.977"/>
</kw>
<kw name="Press Key" library="SeleniumLibrary">
<arg>${campoFila}</arg>
<arg>\\13</arg>
<doc>*DEPRECATED in SeleniumLibrary 4.0.* use `Press Keys` instead.</doc>
<msg timestamp="20230803 08:23:36.977" level="WARN">Keyword 'SeleniumLibrary.Press Key' is deprecated. use `Press Keys` instead.</msg>
<status status="PASS" starttime="20230803 08:23:36.977" endtime="20230803 08:23:41.217"/>
</kw>
<kw name="Wait Until Element Is Visible" library="SeleniumLibrary">
<arg>${selecionarTodos}</arg>
<doc>Waits until the element ``locator`` is visible.</doc>
<status status="PASS" starttime="20230803 08:23:41.217" endtime="20230803 08:23:41.246"/>
</kw>
<kw name="Click Element" library="SeleniumLibrary">
<arg>${selecionarTodos}</arg>
<doc>Click the element identified by ``locator``.</doc>
<msg timestamp="20230803 08:23:41.247" level="INFO">Clicking element '//*[@id="listViewEntriesMainCheckBox"]'.</msg>
<status status="PASS" starttime="20230803 08:23:41.246" endtime="20230803 08:23:41.338"/>
</kw>
<kw name="Sleep" library="BuiltIn">
<arg>10s</arg>
<doc>Pauses the test executed for the given time.</doc>
<msg timestamp="20230803 08:23:51.339" level="INFO">Slept 10 seconds</msg>
<status status="PASS" starttime="20230803 08:23:41.338" endtime="20230803 08:23:51.339"/>
</kw>
<status status="PASS" starttime="20230803 08:23:36.544" endtime="20230803 08:23:51.339"/>
</iter>
<iter>
<var name="${fila}">16.2</var>
<kw name="Wait Until Element Is Visible" library="SeleniumLibrary">
<arg>${dropDown}</arg>
<arg>20</arg>
<doc>Waits until the element ``locator`` is visible.</doc>
<status status="PASS" starttime="20230803 08:23:51.339" endtime="20230803 08:23:51.386"/>
</kw>
<kw name="Click Element" library="SeleniumLibrary">
<arg>${dropDown}</arg>
<doc>Click the element identified by ``locator``.</doc>
<msg timestamp="20230803 08:23:51.388" level="INFO">Clicking element '//*[@id="s2id_customFilter"]'.</msg>
<status status="PASS" starttime="20230803 08:23:51.386" endtime="20230803 08:23:51.502"/>
</kw>
<kw name="Wait Until Element Is Visible" library="SeleniumLibrary">
<arg>${campoFila}</arg>
<doc>Waits until the element ``locator`` is visible.</doc>
<status status="PASS" starttime="20230803 08:23:51.502" endtime="20230803 08:23:51.534"/>
</kw>
<kw name="Input Text" library="SeleniumLibrary">
<arg>${campoFila}</arg>
<arg>${fila}</arg>
<doc>Types the given ``text`` into the text field identified by ``locator``.</doc>
<msg timestamp="20230803 08:23:51.535" level="INFO">Typing text '16.2' into text field '//div[@class='select2-search']/input[@type='text']'.</msg>
<status status="PASS" starttime="20230803 08:23:51.534" endtime="20230803 08:23:51.693"/>
</kw>
<kw name="Press Key" library="SeleniumLibrary">
<arg>${campoFila}</arg>
<arg>\\13</arg>
<doc>*DEPRECATED in SeleniumLibrary 4.0.* use `Press Keys` instead.</doc>
<msg timestamp="20230803 08:23:51.694" level="WARN">Keyword 'SeleniumLibrary.Press Key' is deprecated. use `Press Keys` instead.</msg>
<status status="PASS" starttime="20230803 08:23:51.693" endtime="20230803 08:23:55.915"/>
</kw>
<kw name="Wait Until Element Is Visible" library="SeleniumLibrary">
<arg>${selecionarTodos}</arg>
<doc>Waits until the element ``locator`` is visible.</doc>
<status status="PASS" starttime="20230803 08:23:55.915" endtime="20230803 08:23:55.943"/>
</kw>
<kw name="Click Element" library="SeleniumLibrary">
<arg>${selecionarTodos}</arg>
<doc>Click the element identified by ``locator``.</doc>
<msg timestamp="20230803 08:23:55.943" level="INFO">Clicking element '//*[@id="listViewEntriesMainCheckBox"]'.</msg>
<status status="PASS" starttime="20230803 08:23:55.943" endtime="20230803 08:23:56.029"/>
</kw>
<kw name="Sleep" library="BuiltIn">
<arg>10s</arg>
<doc>Pauses the test executed for the given time.</doc>
<msg timestamp="20230803 08:24:06.031" level="INFO">Slept 10 seconds</msg>
<status status="PASS" starttime="20230803 08:23:56.029" endtime="20230803 08:24:06.031"/>
</kw>
<status status="PASS" starttime="20230803 08:23:51.339" endtime="20230803 08:24:06.031"/>
</iter>
<iter>
<var name="${fila}">22</var>
<kw name="Wait Until Element Is Visible" library="SeleniumLibrary">
<arg>${dropDown}</arg>
<arg>20</arg>
<doc>Waits until the element ``locator`` is visible.</doc>
<status status="PASS" starttime="20230803 08:24:06.031" endtime="20230803 08:24:06.066"/>
</kw>
<kw name="Click Element" library="SeleniumLibrary">
<arg>${dropDown}</arg>
<doc>Click the element identified by ``locator``.</doc>
<msg timestamp="20230803 08:24:06.066" level="INFO">Clicking element '//*[@id="s2id_customFilter"]'.</msg>
<status status="PASS" starttime="20230803 08:24:06.066" endtime="20230803 08:24:06.238"/>
</kw>
<kw name="Wait Until Element Is Visible" library="SeleniumLibrary">
<arg>${campoFila}</arg>
<doc>Waits until the element ``locator`` is visible.</doc>
<status status="PASS" starttime="20230803 08:24:06.238" endtime="20230803 08:24:06.322"/>
</kw>
<kw name="Input Text" library="SeleniumLibrary">
<arg>${campoFila}</arg>
<arg>${fila}</arg>
<doc>Types the given ``text`` into the text field identified by ``locator``.</doc>
<msg timestamp="20230803 08:24:06.324" level="INFO">Typing text '22' into text field '//div[@class='select2-search']/input[@type='text']'.</msg>
<status status="PASS" starttime="20230803 08:24:06.323" endtime="20230803 08:24:06.467"/>
</kw>
<kw name="Press Key" library="SeleniumLibrary">
<arg>${campoFila}</arg>
<arg>\\13</arg>
<doc>*DEPRECATED in SeleniumLibrary 4.0.* use `Press Keys` instead.</doc>
<msg timestamp="20230803 08:24:06.467" level="WARN">Keyword 'SeleniumLibrary.Press Key' is deprecated. use `Press Keys` instead.</msg>
<status status="PASS" starttime="20230803 08:24:06.467" endtime="20230803 08:24:10.791"/>
</kw>
<kw name="Wait Until Element Is Visible" library="SeleniumLibrary">
<arg>${selecionarTodos}</arg>
<doc>Waits until the element ``locator`` is visible.</doc>
<status status="PASS" starttime="20230803 08:24:10.792" endtime="20230803 08:24:10.835"/>
</kw>
<kw name="Click Element" library="SeleniumLibrary">
<arg>${selecionarTodos}</arg>
<doc>Click the element identified by ``locator``.</doc>
<msg timestamp="20230803 08:24:10.836" level="INFO">Clicking element '//*[@id="listViewEntriesMainCheckBox"]'.</msg>
<status status="PASS" starttime="20230803 08:24:10.835" endtime="20230803 08:24:10.936"/>
</kw>
<kw name="Sleep" library="BuiltIn">
<arg>10s</arg>
<doc>Pauses the test executed for the given time.</doc>
<msg timestamp="20230803 08:24:20.937" level="INFO">Slept 10 seconds</msg>
<status status="PASS" starttime="20230803 08:24:10.936" endtime="20230803 08:24:20.937"/>
</kw>
<status status="PASS" starttime="20230803 08:24:06.031" endtime="20230803 08:24:20.937"/>
</iter>
<status status="PASS" starttime="20230803 08:22:49.472" endtime="20230803 08:24:20.937"/>
</for>
<status status="PASS" starttime="20230803 08:22:49.471" endtime="20230803 08:24:20.937"/>
</iter>
<iter>
<kw name="Create List" library="BuiltIn">
<var>@{filas}</var>
<arg>01</arg>
<arg>02</arg>
<arg>04</arg>
<arg>16.1</arg>
<arg>16.2</arg>
<arg>22</arg>
<doc>Returns a list containing given items.</doc>
<msg timestamp="20230803 08:24:20.939" level="INFO">@{filas} = [ 01 | 02 | 04 | 16.1 | 16.2 | 22 ]</msg>
<status status="PASS" starttime="20230803 08:24:20.938" endtime="20230803 08:24:20.939"/>
</kw>
<for flavor="IN">
<var>${fila}</var>
<value>@{filas}</value>
<iter>
<var name="${fila}">01</var>
<kw name="Wait Until Element Is Visible" library="SeleniumLibrary">
<arg>${dropDown}</arg>
<arg>20</arg>
<doc>Waits until the element ``locator`` is visible.</doc>
<status status="PASS" starttime="20230803 08:24:20.939" endtime="20230803 08:24:20.973"/>
</kw>
<kw name="Click Element" library="SeleniumLibrary">
<arg>${dropDown}</arg>
<doc>Click the element identified by ``locator``.</doc>
<msg timestamp="20230803 08:24:20.975" level="INFO">Clicking element '//*[@id="s2id_customFilter"]'.</msg>
<status status="PASS" starttime="20230803 08:24:20.974" endtime="20230803 08:24:21.182"/>
</kw>
<kw name="Wait Until Element Is Visible" library="SeleniumLibrary">
<arg>${campoFila}</arg>
<doc>Waits until the element ``locator`` is visible.</doc>
<status status="PASS" starttime="20230803 08:24:21.183" endtime="20230803 08:24:21.285"/>
</kw>
<kw name="Input Text" library="SeleniumLibrary">
<arg>${campoFila}</arg>
<arg>${fila}</arg>
<doc>Types the given ``text`` into the text field identified by ``locator``.</doc>
<msg timestamp="20230803 08:24:21.286" level="INFO">Typing text '01' into text field '//div[@class='select2-search']/input[@type='text']'.</msg>
<status status="PASS" starttime="20230803 08:24:21.285" endtime="20230803 08:24:21.480"/>
</kw>
<kw name="Press Key" library="SeleniumLibrary">
<arg>${campoFila}</arg>
<arg>\\13</arg>
<doc>*DEPRECATED in SeleniumLibrary 4.0.* use `Press Keys` instead.</doc>
<msg timestamp="20230803 08:24:21.481" level="WARN">Keyword 'SeleniumLibrary.Press Key' is deprecated. use `Press Keys` instead.</msg>
<status status="PASS" starttime="20230803 08:24:21.481" endtime="20230803 08:24:27.179"/>
</kw>
<kw name="Wait Until Element Is Visible" library="SeleniumLibrary">
<arg>${selecionarTodos}</arg>
<doc>Waits until the element ``locator`` is visible.</doc>
<status status="PASS" starttime="20230803 08:24:27.179" endtime="20230803 08:24:27.211"/>
</kw>
<kw name="Click Element" library="SeleniumLibrary">
<arg>${selecionarTodos}</arg>
<doc>Click the element identified by ``locator``.</doc>
<msg timestamp="20230803 08:24:27.212" level="INFO">Clicking element '//*[@id="listViewEntriesMainCheckBox"]'.</msg>
<status status="PASS" starttime="20230803 08:24:27.211" endtime="20230803 08:24:27.266"/>
</kw>
<kw name="Sleep" library="BuiltIn">
<arg>10s</arg>
<doc>Pauses the test executed for the given time.</doc>
<msg timestamp="20230803 08:24:37.266" level="INFO">Slept 10 seconds</msg>
<status status="PASS" starttime="20230803 08:24:27.266" endtime="20230803 08:24:37.266"/>
</kw>
<status status="PASS" starttime="20230803 08:24:20.939" endtime="20230803 08:24:37.266"/>
</iter>
<iter>
<var name="${fila}">02</var>
<kw name="Wait Until Element Is Visible" library="SeleniumLibrary">
<arg>${dropDown}</arg>
<arg>20</arg>
<doc>Waits until the element ``locator`` is visible.</doc>
<status status="PASS" starttime="20230803 08:24:37.266" endtime="20230803 08:24:37.309"/>
</kw>
<kw name="Click Element" library="SeleniumLibrary">
<arg>${dropDown}</arg>
<doc>Click the element identified by ``locator``.</doc>
<msg timestamp="20230803 08:24:37.310" level="INFO">Clicking element '//*[@id="s2id_customFilter"]'.</msg>
<status status="PASS" starttime="20230803 08:24:37.309" endtime="20230803 08:24:37.430"/>
</kw>
<kw name="Wait Until Element Is Visible" library="SeleniumLibrary">
<arg>${campoFila}</arg>
<doc>Waits until the element ``locator`` is visible.</doc>
<status status="PASS" starttime="20230803 08:24:37.430" endtime="20230803 08:24:37.453"/>
</kw>
<kw name="Input Text" library="SeleniumLibrary">
<arg>${campoFila}</arg>
<arg>${fila}</arg>
<doc>Types the given ``text`` into the text field identified by ``locator``.</doc>
<msg timestamp="20230803 08:24:37.454" level="INFO">Typing text '02' into text field '//div[@class='select2-search']/input[@type='text']'.</msg>
<status status="PASS" starttime="20230803 08:24:37.453" endtime="20230803 08:24:37.553"/>
</kw>
<kw name="Press Key" library="SeleniumLibrary">
<arg>${campoFila}</arg>
<arg>\\13</arg>
<doc>*DEPRECATED in SeleniumLibrary 4.0.* use `Press Keys` instead.</doc>
<msg timestamp="20230803 08:24:37.553" level="WARN">Keyword 'SeleniumLibrary.Press Key' is deprecated. use `Press Keys` instead.</msg>
<status status="PASS" starttime="20230803 08:24:37.553" endtime="20230803 08:24:41.528"/>
</kw>
<kw name="Wait Until Element Is Visible" library="SeleniumLibrary">
<arg>${selecionarTodos}</arg>
<doc>Waits until the element ``locator`` is visible.</doc>
<status status="PASS" starttime="20230803 08:24:41.528" endtime="20230803 08:24:41.561"/>
</kw>
<kw name="Click Element" library="SeleniumLibrary">
<arg>${selecionarTodos}</arg>
<doc>Click the element identified by ``locator``.</doc>
<msg timestamp="20230803 08:24:41.562" level="INFO">Clicking element '//*[@id="listViewEntriesMainCheckBox"]'.</msg>
<status status="PASS" starttime="20230803 08:24:41.561" endtime="20230803 08:24:41.625"/>
</kw>
<kw name="Sleep" library="BuiltIn">
<arg>10s</arg>
<doc>Pauses the test executed for the given time.</doc>
<msg timestamp="20230803 08:24:51.625" level="INFO">Slept 10 seconds</msg>
<status status="PASS" starttime="20230803 08:24:41.625" endtime="20230803 08:24:51.625"/>
</kw>
<status status="PASS" starttime="20230803 08:24:37.266" endtime="20230803 08:24:51.625"/>
</iter>
<iter>
<var name="${fila}">04</var>
<kw name="Wait Until Element Is Visible" library="SeleniumLibrary">
<arg>${dropDown}</arg>
<arg>20</arg>
<doc>Waits until the element ``locator`` is visible.</doc>
<status status="PASS" starttime="20230803 08:24:51.626" endtime="20230803 08:24:51.674"/>
</kw>
<kw name="Click Element" library="SeleniumLibrary">
<arg>${dropDown}</arg>
<doc>Click the element identified by ``locator``.</doc>
<msg timestamp="20230803 08:24:51.674" level="INFO">Clicking element '//*[@id="s2id_customFilter"]'.</msg>
<status status="PASS" starttime="20230803 08:24:51.674" endtime="20230803 08:24:51.746"/>
</kw>
<kw name="Wait Until Element Is Visible" library="SeleniumLibrary">
<arg>${campoFila}</arg>
<doc>Waits until the element ``locator`` is visible.</doc>
<status status="PASS" starttime="20230803 08:24:51.746" endtime="20230803 08:24:51.780"/>
</kw>
<kw name="Input Text" library="SeleniumLibrary">
<arg>${campoFila}</arg>
<arg>${fila}</arg>
<doc>Types the given ``text`` into the text field identified by ``locator``.</doc>
<msg timestamp="20230803 08:24:51.780" level="INFO">Typing text '04' into text field '//div[@class='select2-search']/input[@type='text']'.</msg>
<status status="PASS" starttime="20230803 08:24:51.780" endtime="20230803 08:24:51.875"/>
</kw>
<kw name="Press Key" library="SeleniumLibrary">
<arg>${campoFila}</arg>
<arg>\\13</arg>
<doc>*DEPRECATED in SeleniumLibrary 4.0.* use `Press Keys` instead.</doc>
<msg timestamp="20230803 08:24:51.876" level="WARN">Keyword 'SeleniumLibrary.Press Key' is deprecated. use `Press Keys` instead.</msg>
<status status="PASS" starttime="20230803 08:24:51.876" endtime="20230803 08:24:56.151"/>
</kw>
<kw name="Wait Until Element Is Visible" library="SeleniumLibrary">
<arg>${selecionarTodos}</arg>
<doc>Waits until the element ``locator`` is visible.</doc>
<status status="PASS" starttime="20230803 08:24:56.151" endtime="20230803 08:24:56.187"/>
</kw>
<kw name="Click Element" library="SeleniumLibrary">
<arg>${selecionarTodos}</arg>
<doc>Click the element identified by ``locator``.</doc>
<msg timestamp="20230803 08:24:56.189" level="INFO">Clicking element '//*[@id="listViewEntriesMainCheckBox"]'.</msg>
<status status="PASS" starttime="20230803 08:24:56.187" endtime="20230803 08:24:56.301"/>
</kw>
<kw name="Sleep" library="BuiltIn">
<arg>10s</arg>
<doc>Pauses the test executed for the given time.</doc>
<msg timestamp="20230803 08:25:06.303" level="INFO">Slept 10 seconds</msg>
<status status="PASS" starttime="20230803 08:24:56.301" endtime="20230803 08:25:06.303"/>
</kw>
<status status="PASS" starttime="20230803 08:24:51.626" endtime="20230803 08:25:06.303"/>
</iter>
<iter>
<var name="${fila}">16.1</var>
<kw name="Wait Until Element Is Visible" library="SeleniumLibrary">
<arg>${dropDown}</arg>
<arg>20</arg>
<doc>Waits until the element ``locator`` is visible.</doc>
<status status="PASS" starttime="20230803 08:25:06.304" endtime="20230803 08:25:06.349"/>
</kw>
<kw name="Click Element" library="SeleniumLibrary">
<arg>${dropDown}</arg>
<doc>Click the element identified by ``locator``.</doc>
<msg timestamp="20230803 08:25:06.351" level="INFO">Clicking element '//*[@id="s2id_customFilter"]'.</msg>
<status status="PASS" starttime="20230803 08:25:06.350" endtime="20230803 08:25:06.470"/>
</kw>
<kw name="Wait Until Element Is Visible" library="SeleniumLibrary">
<arg>${campoFila}</arg>
<doc>Waits until the element ``locator`` is visible.</doc>
<status status="PASS" starttime="20230803 08:25:06.470" endtime="20230803 08:25:06.503"/>
</kw>
<kw name="Input Text" library="SeleniumLibrary">
<arg>${campoFila}</arg>
<arg>${fila}</arg>
<doc>Types the given ``text`` into the text field identified by ``locator``.</doc>
<msg timestamp="20230803 08:25:06.504" level="INFO">Typing text '16.1' into text field '//div[@class='select2-search']/input[@type='text']'.</msg>
<status status="PASS" starttime="20230803 08:25:06.503" endtime="20230803 08:25:06.705"/>
</kw>
<kw name="Press Key" library="SeleniumLibrary">
<arg>${campoFila}</arg>
<arg>\\13</arg>
<doc>*DEPRECATED in SeleniumLibrary 4.0.* use `Press Keys` instead.</doc>
<msg timestamp="20230803 08:25:06.705" level="WARN">Keyword 'SeleniumLibrary.Press Key' is deprecated. use `Press Keys` instead.</msg>
<status status="PASS" starttime="20230803 08:25:06.705" endtime="20230803 08:25:11.300"/>
</kw>
<kw name="Wait Until Element Is Visible" library="SeleniumLibrary">
<arg>${selecionarTodos}</arg>
<doc>Waits until the element ``locator`` is visible.</doc>
<status status="PASS" starttime="20230803 08:25:11.301" endtime="20230803 08:25:11.328"/>
</kw>
<kw name="Click Element" library="SeleniumLibrary">
<arg>${selecionarTodos}</arg>
<doc>Click the element identified by ``locator``.</doc>
<msg timestamp="20230803 08:25:11.329" level="INFO">Clicking element '//*[@id="listViewEntriesMainCheckBox"]'.</msg>
<status status="PASS" starttime="20230803 08:25:11.328" endtime="20230803 08:25:11.496"/>
</kw>
<kw name="Sleep" library="BuiltIn">
<arg>10s</arg>
<doc>Pauses the test executed for the given time.</doc>
<msg timestamp="20230803 08:25:21.497" level="INFO">Slept 10 seconds</msg>
<status status="PASS" starttime="20230803 08:25:11.496" endtime="20230803 08:25:21.497"/>
</kw>
<status status="PASS" starttime="20230803 08:25:06.303" endtime="20230803 08:25:21.497"/>
</iter>
<iter>
<var name="${fila}">16.2</var>
<kw name="Wait Until Element Is Visible" library="SeleniumLibrary">
<arg>${dropDown}</arg>
<arg>20</arg>
<doc>Waits until the element ``locator`` is visible.</doc>
<status status="PASS" starttime="20230803 08:25:21.497" endtime="20230803 08:25:21.523"/>
</kw>
<kw name="Click Element" library="SeleniumLibrary">
<arg>${dropDown}</arg>
<doc>Click the element identified by ``locator``.</doc>
<msg timestamp="20230803 08:25:21.524" level="INFO">Clicking element '//*[@id="s2id_customFilter"]'.</msg>
<status status="PASS" starttime="20230803 08:25:21.523" endtime="20230803 08:25:21.675"/>
</kw>
<kw name="Wait Until Element Is Visible" library="SeleniumLibrary">
<arg>${campoFila}</arg>
<doc>Waits until the element ``locator`` is visible.</doc>
<status status="PASS" starttime="20230803 08:25:21.675" endtime="20230803 08:25:21.738"/>
</kw>
<kw name="Input Text" library="SeleniumLibrary">
<arg>${campoFila}</arg>
<arg>${fila}</arg>
<doc>Types the given ``text`` into the text field identified by ``locator``.</doc>
<msg timestamp="20230803 08:25:21.739" level="INFO">Typing text '16.2' into text field '//div[@class='select2-search']/input[@type='text']'.</msg>
<status status="PASS" starttime="20230803 08:25:21.738" endtime="20230803 08:25:21.907"/>
</kw>
<kw name="Press Key" library="SeleniumLibrary">
<arg>${campoFila}</arg>
<arg>\\13</arg>
<doc>*DEPRECATED in SeleniumLibrary 4.0.* use `Press Keys` instead.</doc>
<msg timestamp="20230803 08:25:21.907" level="WARN">Keyword 'SeleniumLibrary.Press Key' is deprecated. use `Press Keys` instead.</msg>
<status status="PASS" starttime="20230803 08:25:21.907" endtime="20230803 08:25:26.363"/>
</kw>
<kw name="Wait Until Element Is Visible" library="SeleniumLibrary">
<arg>${selecionarTodos}</arg>
<doc>Waits until the element ``locator`` is visible.</doc>
<status status="PASS" starttime="20230803 08:25:26.364" endtime="20230803 08:25:26.403"/>
</kw>
<kw name="Click Element" library="SeleniumLibrary">
<arg>${selecionarTodos}</arg>
<doc>Click the element identified by ``locator``.</doc>
<msg timestamp="20230803 08:25:26.403" level="INFO">Clicking element '//*[@id="listViewEntriesMainCheckBox"]'.</msg>
<status status="PASS" starttime="20230803 08:25:26.403" endtime="20230803 08:25:26.529"/>
</kw>
<kw name="Sleep" library="BuiltIn">
<arg>10s</arg>
<doc>Pauses the test executed for the given time.</doc>
<msg timestamp="20230803 08:25:36.530" level="INFO">Slept 10 seconds</msg>
<status status="PASS" starttime="20230803 08:25:26.530" endtime="20230803 08:25:36.530"/>
</kw>
<status status="PASS" starttime="20230803 08:25:21.497" endtime="20230803 08:25:36.530"/>
</iter>
<iter>
<var name="${fila}">22</var>
<kw name="Wait Until Element Is Visible" library="SeleniumLibrary">
<arg>${dropDown}</arg>
<arg>20</arg>
<doc>Waits until the element ``locator`` is visible.</doc>
<status status="PASS" starttime="20230803 08:25:36.530" endtime="20230803 08:25:36.574"/>
</kw>
<kw name="Click Element" library="SeleniumLibrary">
<arg>${dropDown}</arg>
<doc>Click the element identified by ``locator``.</doc>
<msg timestamp="20230803 08:25:36.575" level="INFO">Clicking element '//*[@id="s2id_customFilter"]'.</msg>
<status status="PASS" starttime="20230803 08:25:36.574" endtime="20230803 08:25:36.703"/>
</kw>
<kw name="Wait Until Element Is Visible" library="SeleniumLibrary">
<arg>${campoFila}</arg>
<doc>Waits until the element ``locator`` is visible.</doc>
<status status="PASS" starttime="20230803 08:25:36.703" endtime="20230803 08:25:36.732"/>
</kw>
<kw name="Input Text" library="SeleniumLibrary">
<arg>${campoFila}</arg>
<arg>${fila}</arg>
<doc>Types the given ``text`` into the text field identified by ``locator``.</doc>
<msg timestamp="20230803 08:25:36.732" level="INFO">Typing text '22' into text field '//div[@class='select2-search']/input[@type='text']'.</msg>
<status status="PASS" starttime="20230803 08:25:36.732" endtime="20230803 08:25:36.849"/>
</kw>
<kw name="Press Key" library="SeleniumLibrary">
<arg>${campoFila}</arg>
<arg>\\13</arg>
<doc>*DEPRECATED in SeleniumLibrary 4.0.* use `Press Keys` instead.</doc>
<msg timestamp="20230803 08:25:36.849" level="WARN">Keyword 'SeleniumLibrary.Press Key' is deprecated. use `Press Keys` instead.</msg>
<status status="PASS" starttime="20230803 08:25:36.849" endtime="20230803 08:25:40.952"/>
</kw>
<kw name="Wait Until Element Is Visible" library="SeleniumLibrary">
<arg>${selecionarTodos}</arg>
<doc>Waits until the element ``locator`` is visible.</doc>
<status status="PASS" starttime="20230803 08:25:40.952" endtime="20230803 08:25:40.980"/>
</kw>
<kw name="Click Element" library="SeleniumLibrary">
<arg>${selecionarTodos}</arg>
<doc>Click the element identified by ``locator``.</doc>
<msg timestamp="20230803 08:25:40.981" level="INFO">Clicking element '//*[@id="listViewEntriesMainCheckBox"]'.</msg>
<status status="PASS" starttime="20230803 08:25:40.980" endtime="20230803 08:25:41.037"/>
</kw>
<kw name="Sleep" library="BuiltIn">
<arg>10s</arg>
<doc>Pauses the test executed for the given time.</doc>
<msg timestamp="20230803 08:25:51.038" level="INFO">Slept 10 seconds</msg>
<status status="PASS" starttime="20230803 08:25:41.037" endtime="20230803 08:25:51.038"/>
</kw>
<status status="PASS" starttime="20230803 08:25:36.530" endtime="20230803 08:25:51.038"/>
</iter>
<status status="PASS" starttime="20230803 08:24:20.939" endtime="20230803 08:25:51.038"/>
</for>
<status status="PASS" starttime="20230803 08:24:20.937" endtime="20230803 08:25:51.038"/>
</iter>
<iter>
<kw name="Create List" library="BuiltIn">
<var>@{filas}</var>
<arg>01</arg>
<arg>02</arg>
<arg>04</arg>
<arg>16.1</arg>
<arg>16.2</arg>
<arg>22</arg>
<doc>Returns a list containing given items.</doc>
<msg timestamp="20230803 08:25:51.039" level="INFO">@{filas} = [ 01 | 02 | 04 | 16.1 | 16.2 | 22 ]</msg>
<status status="PASS" starttime="20230803 08:25:51.039" endtime="20230803 08:25:51.039"/>
</kw>
<for flavor="IN">
<var>${fila}</var>
<value>@{filas}</value>
<iter>
<var name="${fila}">01</var>
<kw name="Wait Until Element Is Visible" library="SeleniumLibrary">
<arg>${dropDown}</arg>
<arg>20</arg>
<doc>Waits until the element ``locator`` is visible.</doc>
<status status="PASS" starttime="20230803 08:25:51.040" endtime="20230803 08:25:51.080"/>
</kw>
<kw name="Click Element" library="SeleniumLibrary">
<arg>${dropDown}</arg>
<doc>Click the element identified by ``locator``.</doc>
<msg timestamp="20230803 08:25:51.081" level="INFO">Clicking element '//*[@id="s2id_customFilter"]'.</msg>
<status status="PASS" starttime="20230803 08:25:51.080" endtime="20230803 08:25:51.200"/>
</kw>
<kw name="Wait Until Element Is Visible" library="SeleniumLibrary">
<arg>${campoFila}</arg>
<doc>Waits until the element ``locator`` is visible.</doc>
<status status="PASS" starttime="20230803 08:25:51.200" endtime="20230803 08:25:51.222"/>
</kw>
<kw name="Input Text" library="SeleniumLibrary">
<arg>${campoFila}</arg>
<arg>${fila}</arg>
<doc>Types the given ``text`` into the text field identified by ``locator``.</doc>
<msg timestamp="20230803 08:25:51.223" level="INFO">Typing text '01' into text field '//div[@class='select2-search']/input[@type='text']'.</msg>
<status status="PASS" starttime="20230803 08:25:51.222" endtime="20230803 08:25:51.321"/>
</kw>
<kw name="Press Key" library="SeleniumLibrary">
<arg>${campoFila}</arg>
<arg>\\13</arg>
<doc>*DEPRECATED in SeleniumLibrary 4.0.* use `Press Keys` instead.</doc>
<msg timestamp="20230803 08:25:51.321" level="WARN">Keyword 'SeleniumLibrary.Press Key' is deprecated. use `Press Keys` instead.</msg>
<status status="PASS" starttime="20230803 08:25:51.321" endtime="20230803 08:25:56.984"/>
</kw>
<kw name="Wait Until Element Is Visible" library="SeleniumLibrary">
<arg>${selecionarTodos}</arg>
<doc>Waits until the element ``locator`` is visible.</doc>
<status status="PASS" starttime="20230803 08:25:56.984" endtime="20230803 08:25:57.010"/>
</kw>
<kw name="Click Element" library="SeleniumLibrary">
<arg>${selecionarTodos}</arg>
<doc>Click the element identified by ``locator``.</doc>
<msg timestamp="20230803 08:25:57.011" level="INFO">Clicking element '//*[@id="listViewEntriesMainCheckBox"]'.</msg>
<status status="PASS" starttime="20230803 08:25:57.010" endtime="20230803 08:25:57.068"/>
</kw>
<kw name="Sleep" library="BuiltIn">
<arg>10s</arg>
<doc>Pauses the test executed for the given time.</doc>
<msg timestamp="20230803 08:26:07.068" level="INFO">Slept 10 seconds</msg>
<status status="PASS" starttime="20230803 08:25:57.068" endtime="20230803 08:26:07.068"/>
</kw>
<status status="PASS" starttime="20230803 08:25:51.040" endtime="20230803 08:26:07.068"/>
</iter>
<iter>
<var name="${fila}">02</var>
<kw name="Wait Until Element Is Visible" library="SeleniumLibrary">
<arg>${dropDown}</arg>
<arg>20</arg>
<doc>Waits until the element ``locator`` is visible.</doc>
<status status="PASS" starttime="20230803 08:26:07.068" endtime="20230803 08:26:07.102"/>
</kw>
<kw name="Click Element" library="SeleniumLibrary">
<arg>${dropDown}</arg>
<doc>Click the element identified by ``locator``.</doc>
<msg timestamp="20230803 08:26:07.103" level="INFO">Clicking element '//*[@id="s2id_customFilter"]'.</msg>
<status status="PASS" starttime="20230803 08:26:07.102" endtime="20230803 08:26:07.220"/>
</kw>
<kw name="Wait Until Element Is Visible" library="SeleniumLibrary">
<arg>${campoFila}</arg>
<doc>Waits until the element ``locator`` is visible.</doc>
<status status="PASS" starttime="20230803 08:26:07.220" endtime="20230803 08:26:07.244"/>
</kw>
<kw name="Input Text" library="SeleniumLibrary">
<arg>${campoFila}</arg>
<arg>${fila}</arg>
<doc>Types the given ``text`` into the text field identified by ``locator``.</doc>
<msg timestamp="20230803 08:26:07.245" level="INFO">Typing text '02' into text field '//div[@class='select2-search']/input[@type='text']'.</msg>
<status status="PASS" starttime="20230803 08:26:07.244" endtime="20230803 08:26:07.339"/>
</kw>
<kw name="Press Key" library="SeleniumLibrary">
<arg>${campoFila}</arg>
<arg>\\13</arg>
<doc>*DEPRECATED in SeleniumLibrary 4.0.* use `Press Keys` instead.</doc>
<msg timestamp="20230803 08:26:07.339" level="WARN">Keyword 'SeleniumLibrary.Press Key' is deprecated. use `Press Keys` instead.</msg>
<status status="PASS" starttime="20230803 08:26:07.339" endtime="20230803 08:26:11.383"/>
</kw>
<kw name="Wait Until Element Is Visible" library="SeleniumLibrary">
<arg>${selecionarTodos}</arg>
<doc>Waits until the element ``locator`` is visible.</doc>
<status status="PASS" starttime="20230803 08:26:11.383" endtime="20230803 08:26:11.416"/>
</kw>
<kw name="Click Element" library="SeleniumLibrary">
<arg>${selecionarTodos}</arg>
<doc>Click the element identified by ``locator``.</doc>
<msg timestamp="20230803 08:26:11.416" level="INFO">Clicking element '//*[@id="listViewEntriesMainCheckBox"]'.</msg>
<status status="PASS" starttime="20230803 08:26:11.416" endtime="20230803 08:26:11.483"/>
</kw>
<kw name="Sleep" library="BuiltIn">
<arg>10s</arg>
<doc>Pauses the test executed for the given time.</doc>
<msg timestamp="20230803 08:26:21.484" level="INFO">Slept 10 seconds</msg>
<status status="PASS" starttime="20230803 08:26:11.483" endtime="20230803 08:26:21.484"/>
</kw>
<status status="PASS" starttime="20230803 08:26:07.068" endtime="20230803 08:26:21.484"/>
</iter>
<iter>
<var name="${fila}">04</var>
<kw name="Wait Until Element Is Visible" library="SeleniumLibrary">
<arg>${dropDown}</arg>
<arg>20</arg>
<doc>Waits until the element ``locator`` is visible.</doc>
<status status="PASS" starttime="20230803 08:26:21.484" endtime="20230803 08:26:21.526"/>
</kw>
<kw name="Click Element" library="SeleniumLibrary">
<arg>${dropDown}</arg>
<doc>Click the element identified by ``locator``.</doc>
<msg timestamp="20230803 08:26:21.528" level="INFO">Clicking element '//*[@id="s2id_customFilter"]'.</msg>
<status status="PASS" starttime="20230803 08:26:21.527" endtime="20230803 08:26:21.642"/>
</kw>
<kw name="Wait Until Element Is Visible" library="SeleniumLibrary">
<arg>${campoFila}</arg>
<doc>Waits until the element ``locator`` is visible.</doc>
<status status="PASS" starttime="20230803 08:26:21.643" endtime="20230803 08:26:21.670"/>
</kw>
<kw name="Input Text" library="SeleniumLibrary">
<arg>${campoFila}</arg>
<arg>${fila}</arg>
<doc>Types the given ``text`` into the text field identified by ``locator``.</doc>
<msg timestamp="20230803 08:26:21.671" level="INFO">Typing text '04' into text field '//div[@class='select2-search']/input[@type='text']'.</msg>
<status status="PASS" starttime="20230803 08:26:21.670" endtime="20230803 08:26:21.770"/>
</kw>
<kw name="Press Key" library="SeleniumLibrary">
<arg>${campoFila}</arg>
<arg>\\13</arg>
<doc>*DEPRECATED in SeleniumLibrary 4.0.* use `Press Keys` instead.</doc>
<msg timestamp="20230803 08:26:21.770" level="WARN">Keyword 'SeleniumLibrary.Press Key' is deprecated. use `Press Keys` instead.</msg>
<status status="PASS" starttime="20230803 08:26:21.770" endtime="20230803 08:26:26.063"/>
</kw>
<kw name="Wait Until Element Is Visible" library="SeleniumLibrary">
<arg>${selecionarTodos}</arg>
<doc>Waits until the element ``locator`` is visible.</doc>
<status status="PASS" starttime="20230803 08:26:26.063" endtime="20230803 08:26:26.091"/>
</kw>
<kw name="Click Element" library="SeleniumLibrary">
<arg>${selecionarTodos}</arg>
<doc>Click the element identified by ``locator``.</doc>
<msg timestamp="20230803 08:26:26.092" level="INFO">Clicking element '//*[@id="listViewEntriesMainCheckBox"]'.</msg>
<status status="PASS" starttime="20230803 08:26:26.091" endtime="20230803 08:26:26.186"/>
</kw>
<kw name="Sleep" library="BuiltIn">
<arg>10s</arg>
<doc>Pauses the test executed for the given time.</doc>
<msg timestamp="20230803 08:26:36.188" level="INFO">Slept 10 seconds</msg>
<status status="PASS" starttime="20230803 08:26:26.186" endtime="20230803 08:26:36.188"/>
</kw>
<status status="PASS" starttime="20230803 08:26:21.484" endtime="20230803 08:26:36.188"/>
</iter>
<iter>
<var name="${fila}">16.1</var>
<kw name="Wait Until Element Is Visible" library="SeleniumLibrary">
<arg>${dropDown}</arg>
<arg>20</arg>
<doc>Waits until the element ``locator`` is visible.</doc>
<status status="PASS" starttime="20230803 08:26:36.188" endtime="20230803 08:26:36.233"/>
</kw>
<kw name="Click Element" library="SeleniumLibrary">
<arg>${dropDown}</arg>
<doc>Click the element identified by ``locator``.</doc>
<msg timestamp="20230803 08:26:36.235" level="INFO">Clicking element '//*[@id="s2id_customFilter"]'.</msg>
<status status="PASS" starttime="20230803 08:26:36.234" endtime="20230803 08:26:36.355"/>
</kw>
<kw name="Wait Until Element Is Visible" library="SeleniumLibrary">
<arg>${campoFila}</arg>
<doc>Waits until the element ``locator`` is visible.</doc>
<status status="PASS" starttime="20230803 08:26:36.355" endtime="20230803 08:26:36.390"/>
</kw>
<kw name="Input Text" library="SeleniumLibrary">
<arg>${campoFila}</arg>
<arg>${fila}</arg>
<doc>Types the given ``text`` into the text field identified by ``locator``.</doc>
<msg timestamp="20230803 08:26:36.391" level="INFO">Typing text '16.1' into text field '//div[@class='select2-search']/input[@type='text']'.</msg>
<status status="PASS" starttime="20230803 08:26:36.390" endtime="20230803 08:26:36.534"/>
</kw>
<kw name="Press Key" library="SeleniumLibrary">
<arg>${campoFila}</arg>
<arg>\\13</arg>
<doc>*DEPRECATED in SeleniumLibrary 4.0.* use `Press Keys` instead.</doc>
<msg timestamp="20230803 08:26:36.534" level="WARN">Keyword 'SeleniumLibrary.Press Key' is deprecated. use `Press Keys` instead.</msg>
<status status="PASS" starttime="20230803 08:26:36.534" endtime="20230803 08:26:40.748"/>
</kw>
<kw name="Wait Until Element Is Visible" library="SeleniumLibrary">
<arg>${selecionarTodos}</arg>
<doc>Waits until the element ``locator`` is visible.</doc>
<status status="PASS" starttime="20230803 08:26:40.748" endtime="20230803 08:26:40.776"/>
</kw>
<kw name="Click Element" library="SeleniumLibrary">
<arg>${selecionarTodos}</arg>
[...]
<doc>Waits until the element ``locator`` is visible.</doc>
<status status="PASS" starttime="20230803 09:15:08.268" endtime="20230803 09:15:08.297"/>
</kw>
<kw name="Input Text" library="SeleniumLibrary">
<arg>${campoFila}</arg>
<arg>${fila}</arg>
<doc>Types the given ``text`` into the text field identified by ``locator``.</doc>
<msg timestamp="20230803 09:15:08.297" level="INFO">Typing text '01' into text field '//div[@class='select2-search']/input[@type='text']'.</msg>
<status status="PASS" starttime="20230803 09:15:08.297" endtime="20230803 09:15:08.389"/>
</kw>
<kw name="Press Key" library="SeleniumLibrary">
<arg>${campoFila}</arg>
<arg>\\13</arg>
<doc>*DEPRECATED in SeleniumLibrary 4.0.* use `Press Keys` instead.</doc>
<msg timestamp="20230803 09:15:08.389" level="WARN">Keyword 'SeleniumLibrary.Press Key' is deprecated. use `Press Keys` instead.</msg>
<status status="PASS" starttime="20230803 09:15:08.389" endtime="20230803 09:15:12.703"/>
</kw>
<kw name="Wait Until Element Is Visible" library="SeleniumLibrary">
<arg>${selecionarTodos}</arg>
<doc>Waits until the element ``locator`` is visible.</doc>
<status status="PASS" starttime="20230803 09:15:12.703" endtime="20230803 09:15:12.732"/>
</kw>
<kw name="Click Element" library="SeleniumLibrary">
<arg>${selecionarTodos}</arg>
<doc>Click the element identified by ``locator``.</doc>
<msg timestamp="20230803 09:15:12.733" level="INFO">Clicking element '//*[@id="listViewEntriesMainCheckBox"]'.</msg>
<status status="PASS" starttime="20230803 09:15:12.733" endtime="20230803 09:15:12.794"/>
</kw>
<kw name="Sleep" library="BuiltIn">
<arg>10s</arg>
<doc>Pauses the test executed for the given time.</doc>
<msg timestamp="20230803 09:15:22.796" level="INFO">Slept 10 seconds</msg>
<status status="PASS" starttime="20230803 09:15:12.794" endtime="20230803 09:15:22.796"/>
</kw>
<status status="PASS" starttime="20230803 09:15:08.097" endtime="20230803 09:15:22.796"/>
</iter>
<iter>
<var name="${fila}">02</var>
<kw name="Wait Until Element Is Visible" library="SeleniumLibrary">
<arg>${dropDown}</arg>
<arg>20</arg>
<doc>Waits until the element ``locator`` is visible.</doc>
<status status="PASS" starttime="20230803 09:15:22.797" endtime="20230803 09:15:22.828"/>
</kw>
<kw name="Click Element" library="SeleniumLibrary">
<arg>${dropDown}</arg>
<doc>Click the element identified by ``locator``.</doc>
<msg timestamp="20230803 09:15:22.830" level="INFO">Clicking element '//*[@id="s2id_customFilter"]'.</msg>
<status status="PASS" starttime="20230803 09:15:22.829" endtime="20230803 09:15:22.940"/>
</kw>
<kw name="Wait Until Element Is Visible" library="SeleniumLibrary">
<arg>${campoFila}</arg>
<doc>Waits until the element ``locator`` is visible.</doc>
<status status="PASS" starttime="20230803 09:15:22.940" endtime="20230803 09:15:22.972"/>
</kw>
<kw name="Input Text" library="SeleniumLibrary">
<arg>${campoFila}</arg>
<arg>${fila}</arg>
<doc>Types the given ``text`` into the text field identified by ``locator``.</doc>
<msg timestamp="20230803 09:15:22.973" level="INFO">Typing text '02' into text field '//div[@class='select2-search']/input[@type='text']'.</msg>
<status status="PASS" starttime="20230803 09:15:22.972" endtime="20230803 09:15:23.101"/>
</kw>
<kw name="Press Key" library="SeleniumLibrary">
<arg>${campoFila}</arg>
<arg>\\13</arg>
<doc>*DEPRECATED in SeleniumLibrary 4.0.* use `Press Keys` instead.</doc>
<msg timestamp="20230803 09:15:23.101" level="WARN">Keyword 'SeleniumLibrary.Press Key' is deprecated. use `Press Keys` instead.</msg>
<status status="PASS" starttime="20230803 09:15:23.101" endtime="20230803 09:15:30.049"/>
</kw>
<kw name="Wait Until Element Is Visible" library="SeleniumLibrary">
<arg>${selecionarTodos}</arg>
<doc>Waits until the element ``locator`` is visible.</doc>
<status status="PASS" starttime="20230803 09:15:30.050" endtime="20230803 09:15:30.086"/>
</kw>
<kw name="Click Element" library="SeleniumLibrary">
<arg>${selecionarTodos}</arg>
<doc>Click the element identified by ``locator``.</doc>
<msg timestamp="20230803 09:15:30.087" level="INFO">Clicking element '//*[@id="listViewEntriesMainCheckBox"]'.</msg>
<status status="PASS" starttime="20230803 09:15:30.086" endtime="20230803 09:15:30.144"/>
</kw>
<kw name="Sleep" library="BuiltIn">
<arg>10s</arg>
<doc>Pauses the test executed for the given time.</doc>
<msg timestamp="20230803 09:15:40.145" level="INFO">Slept 10 seconds</msg>
<status status="PASS" starttime="20230803 09:15:30.144" endtime="20230803 09:15:40.145"/>
</kw>
<status status="PASS" starttime="20230803 09:15:22.796" endtime="20230803 09:15:40.145"/>
</iter>
<iter>
<var name="${fila}">04</var>
<kw name="Wait Until Element Is Visible" library="SeleniumLibrary">
<arg>${dropDown}</arg>
<arg>20</arg>
<doc>Waits until the element ``locator`` is visible.</doc>
<status status="PASS" starttime="20230803 09:15:40.145" endtime="20230803 09:15:40.172"/>
</kw>
<kw name="Click Element" library="SeleniumLibrary">
<arg>${dropDown}</arg>
<doc>Click the element identified by ``locator``.</doc>
<msg timestamp="20230803 09:15:40.172" level="INFO">Clicking element '//*[@id="s2id_customFilter"]'.</msg>
<status status="PASS" starttime="20230803 09:15:40.172" endtime="20230803 09:15:40.283"/>
</kw>
<kw name="Wait Until Element Is Visible" library="SeleniumLibrary">
<arg>${campoFila}</arg>
<doc>Waits until the element ``locator`` is visible.</doc>
<status status="PASS" starttime="20230803 09:15:40.283" endtime="20230803 09:15:40.327"/>
</kw>
<kw name="Input Text" library="SeleniumLibrary">
<arg>${campoFila}</arg>
<arg>${fila}</arg>
<doc>Types the given ``text`` into the text field identified by ``locator``.</doc>
<msg timestamp="20230803 09:15:40.328" level="INFO">Typing text '04' into text field '//div[@class='select2-search']/input[@type='text']'.</msg>
<status status="PASS" starttime="20230803 09:15:40.327" endtime="20230803 09:15:40.515"/>
</kw>
<kw name="Press Key" library="SeleniumLibrary">
<arg>${campoFila}</arg>
<arg>\\13</arg>
<doc>*DEPRECATED in SeleniumLibrary 4.0.* use `Press Keys` instead.</doc>
<msg timestamp="20230803 09:15:40.515" level="WARN">Keyword 'SeleniumLibrary.Press Key' is deprecated. use `Press Keys` instead.</msg>
<status status="PASS" starttime="20230803 09:15:40.515" endtime="20230803 09:15:44.674"/>
</kw>
<kw name="Wait Until Element Is Visible" library="SeleniumLibrary">
<arg>${selecionarTodos}</arg>
<doc>Waits until the element ``locator`` is visible.</doc>
<status status="PASS" starttime="20230803 09:15:44.674" endtime="20230803 09:15:44.702"/>
</kw>
<kw name="Click Element" library="SeleniumLibrary">
<arg>${selecionarTodos}</arg>
<doc>Click the element identified by ``locator``.</doc>
<msg timestamp="20230803 09:15:44.703" level="INFO">Clicking element '//*[@id="listViewEntriesMainCheckBox"]'.</msg>
<status status="PASS" starttime="20230803 09:15:44.702" endtime="20230803 09:15:44.766"/>
</kw>
<kw name="Sleep" library="BuiltIn">
<arg>10s</arg>
<doc>Pauses the test executed for the given time.</doc>
<msg timestamp="20230803 09:15:54.767" level="INFO">Slept 10 seconds</msg>
<status status="PASS" starttime="20230803 09:15:44.766" endtime="20230803 09:15:54.767"/>
</kw>
<status status="PASS" starttime="20230803 09:15:40.145" endtime="20230803 09:15:54.767"/>
</iter>
<iter>
<var name="${fila}">16.1</var>
<kw name="Wait Until Element Is Visible" library="SeleniumLibrary">
<arg>${dropDown}</arg>
<arg>20</arg>
<doc>Waits until the element ``locator`` is visible.</doc>
<status status="PASS" starttime="20230803 09:15:54.767" endtime="20230803 09:15:54.806"/>
</kw>
<kw name="Click Element" library="SeleniumLibrary">
<arg>${dropDown}</arg>
<doc>Click the element identified by ``locator``.</doc>
<msg timestamp="20230803 09:15:54.807" level="INFO">Clicking element '//*[@id="s2id_customFilter"]'.</msg>
<status status="PASS" starttime="20230803 09:15:54.806" endtime="20230803 09:15:54.916"/>
</kw>
<kw name="Wait Until Element Is Visible" library="SeleniumLibrary">
<arg>${campoFila}</arg>
<doc>Waits until the element ``locator`` is visible.</doc>
<status status="PASS" starttime="20230803 09:15:54.916" endtime="20230803 09:15:54.962"/>
</kw>
<kw name="Input Text" library="SeleniumLibrary">
<arg>${campoFila}</arg>
<arg>${fila}</arg>
<doc>Types the given ``text`` into the text field identified by ``locator``.</doc>
<msg timestamp="20230803 09:15:54.963" level="INFO">Typing text '16.1' into text field '//div[@class='select2-search']/input[@type='text']'.</msg>
<status status="PASS" starttime="20230803 09:15:54.962" endtime="20230803 09:15:55.151"/>
</kw>
<kw name="Press Key" library="SeleniumLibrary">
<arg>${campoFila}</arg>
<arg>\\13</arg>
<doc>*DEPRECATED in SeleniumLibrary 4.0.* use `Press Keys` instead.</doc>
<msg timestamp="20230803 09:15:55.152" level="WARN">Keyword 'SeleniumLibrary.Press Key' is deprecated. use `Press Keys` instead.</msg>
<status status="PASS" starttime="20230803 09:15:55.152" endtime="20230803 09:16:01.468"/>
</kw>
<kw name="Wait Until Element Is Visible" library="SeleniumLibrary">
<arg>${selecionarTodos}</arg>
<doc>Waits until the element ``locator`` is visible.</doc>
<status status="PASS" starttime="20230803 09:16:01.468" endtime="20230803 09:16:01.494"/>
</kw>
<kw name="Click Element" library="SeleniumLibrary">
<arg>${selecionarTodos}</arg>
<doc>Click the element identified by ``locator``.</doc>
<msg timestamp="20230803 09:16:01.496" level="INFO">Clicking element '//*[@id="listViewEntriesMainCheckBox"]'.</msg>
<status status="PASS" starttime="20230803 09:16:01.494" endtime="20230803 09:16:01.551"/>
</kw>
<kw name="Sleep" library="BuiltIn">
<arg>10s</arg>
<doc>Pauses the test executed for the given time.</doc>
<msg timestamp="20230803 09:16:11.551" level="INFO">Slept 10 seconds</msg>
<status status="PASS" starttime="20230803 09:16:01.551" endtime="20230803 09:16:11.551"/>
</kw>
<status status="PASS" starttime="20230803 09:15:54.767" endtime="20230803 09:16:11.551"/>
</iter>
<iter>
<var name="${fila}">16.2</var>
<kw name="Wait Until Element Is Visible" library="SeleniumLibrary">
<arg>${dropDown}</arg>
<arg>20</arg>
<doc>Waits until the element ``locator`` is visible.</doc>
<status status="PASS" starttime="20230803 09:16:11.551" endtime="20230803 09:16:11.592"/>
</kw>
<kw name="Click Element" library="SeleniumLibrary">
<arg>${dropDown}</arg>
<doc>Click the element identified by ``locator``.</doc>
<msg timestamp="20230803 09:16:11.593" level="INFO">Clicking element '//*[@id="s2id_customFilter"]'.</msg>
<status status="PASS" starttime="20230803 09:16:11.592" endtime="20230803 09:16:11.677"/>
</kw>
<kw name="Wait Until Element Is Visible" library="SeleniumLibrary">
<arg>${campoFila}</arg>
<doc>Waits until the element ``locator`` is visible.</doc>
<status status="PASS" starttime="20230803 09:16:11.677" endtime="20230803 09:16:11.701"/>
</kw>
<kw name="Input Text" library="SeleniumLibrary">
<arg>${campoFila}</arg>
<arg>${fila}</arg>
<doc>Types the given ``text`` into the text field identified by ``locator``.</doc>
<msg timestamp="20230803 09:16:11.702" level="INFO">Typing text '16.2' into text field '//div[@class='select2-search']/input[@type='text']'.</msg>
<status status="PASS" starttime="20230803 09:16:11.701" endtime="20230803 09:16:11.808"/>
</kw>
<kw name="Press Key" library="SeleniumLibrary">
<arg>${campoFila}</arg>
<arg>\\13</arg>
<doc>*DEPRECATED in SeleniumLibrary 4.0.* use `Press Keys` instead.</doc>
<msg timestamp="20230803 09:16:11.808" level="WARN">Keyword 'SeleniumLibrary.Press Key' is deprecated. use `Press Keys` instead.</msg>
<status status="PASS" starttime="20230803 09:16:11.808" endtime="20230803 09:16:16.812"/>
</kw>
<kw name="Wait Until Element Is Visible" library="SeleniumLibrary">
<arg>${selecionarTodos}</arg>
<doc>Waits until the element ``locator`` is visible.</doc>
<status status="PASS" starttime="20230803 09:16:16.812" endtime="20230803 09:16:16.845"/>
</kw>
<kw name="Click Element" library="SeleniumLibrary">
<arg>${selecionarTodos}</arg>
<doc>Click the element identified by ``locator``.</doc>
<msg timestamp="20230803 09:16:16.848" level="INFO">Clicking element '//*[@id="listViewEntriesMainCheckBox"]'.</msg>
<status status="PASS" starttime="20230803 09:16:16.846" endtime="20230803 09:16:17.042"/>
</kw>
<kw name="Sleep" library="BuiltIn">
<arg>10s</arg>
<doc>Pauses the test executed for the given time.</doc>
<msg timestamp="20230803 09:16:27.043" level="INFO">Slept 10 seconds</msg>
<status status="PASS" starttime="20230803 09:16:17.043" endtime="20230803 09:16:27.043"/>
</kw>
<status status="PASS" starttime="20230803 09:16:11.551" endtime="20230803 09:16:27.043"/>
</iter>
<iter>
<var name="${fila}">22</var>
<kw name="Wait Until Element Is Visible" library="SeleniumLibrary">
<arg>${dropDown}</arg>
<arg>20</arg>
<doc>Waits until the element ``locator`` is visible.</doc>
<status status="PASS" starttime="20230803 09:16:27.043" endtime="20230803 09:16:27.086"/>
</kw>
<kw name="Click Element" library="SeleniumLibrary">
<arg>${dropDown}</arg>
<doc>Click the element identified by ``locator``.</doc>
<msg timestamp="20230803 09:16:27.087" level="INFO">Clicking element '//*[@id="s2id_customFilter"]'.</msg>
<status status="PASS" starttime="20230803 09:16:27.087" endtime="20230803 09:16:27.193"/>
</kw>
<kw name="Wait Until Element Is Visible" library="SeleniumLibrary">
<arg>${campoFila}</arg>
<doc>Waits until the element ``locator`` is visible.</doc>
<status status="PASS" starttime="20230803 09:16:27.193" endtime="20230803 09:16:27.223"/>
</kw>
<kw name="Input Text" library="SeleniumLibrary">
<arg>${campoFila}</arg>
<arg>${fila}</arg>
<doc>Types the given ``text`` into the text field identified by ``locator``.</doc>
<msg timestamp="20230803 09:16:27.224" level="INFO">Typing text '22' into text field '//div[@class='select2-search']/input[@type='text']'.</msg>
<status status="PASS" starttime="20230803 09:16:27.224" endtime="20230803 09:16:27.360"/>
</kw>
<kw name="Press Key" library="SeleniumLibrary">
<arg>${campoFila}</arg>
<arg>\\13</arg>
<doc>*DEPRECATED in SeleniumLibrary 4.0.* use `Press Keys` instead.</doc>
<msg timestamp="20230803 09:16:27.361" level="WARN">Keyword 'SeleniumLibrary.Press Key' is deprecated. use `Press Keys` instead.</msg>
<status status="PASS" starttime="20230803 09:16:27.361" endtime="20230803 09:16:31.598"/>
</kw>
<kw name="Wait Until Element Is Visible" library="SeleniumLibrary">
<arg>${selecionarTodos}</arg>
<doc>Waits until the element ``locator`` is visible.</doc>
<status status="PASS" starttime="20230803 09:16:31.599" endtime="20230803 09:16:31.628"/>
</kw>
<kw name="Click Element" library="SeleniumLibrary">
<arg>${selecionarTodos}</arg>
<doc>Click the element identified by ``locator``.</doc>
<msg timestamp="20230803 09:16:31.629" level="INFO">Clicking element '//*[@id="listViewEntriesMainCheckBox"]'.</msg>
<status status="PASS" starttime="20230803 09:16:31.628" endtime="20230803 09:16:31.705"/>
</kw>
<kw name="Sleep" library="BuiltIn">
<arg>10s</arg>
<doc>Pauses the test executed for the given time.</doc>
<msg timestamp="20230803 09:16:41.706" level="INFO">Slept 10 seconds</msg>
<status status="PASS" starttime="20230803 09:16:31.705" endtime="20230803 09:16:41.706"/>
</kw>
<status status="PASS" starttime="20230803 09:16:27.043" endtime="20230803 09:16:41.706"/>
</iter>
<status status="PASS" starttime="20230803 09:15:08.096" endtime="20230803 09:16:41.706"/>
</for>
<status status="PASS" starttime="20230803 09:15:08.095" endtime="20230803 09:16:41.706"/>
</iter>
<iter>
<kw name="Create List" library="BuiltIn">
<var>@{filas}</var>
<arg>01</arg>
<arg>02</arg>
<arg>04</arg>
<arg>16.1</arg>
<arg>16.2</arg>
<arg>22</arg>
<doc>Returns a list containing given items.</doc>
<msg timestamp="20230803 09:16:41.707" level="INFO">@{filas} = [ 01 | 02 | 04 | 16.1 | 16.2 | 22 ]</msg>
<status status="PASS" starttime="20230803 09:16:41.707" endtime="20230803 09:16:41.707"/>
</kw>
<for flavor="IN">
<var>${fila}</var>
<value>@{filas}</value>
<iter>
<var name="${fila}">01</var>
<kw name="Wait Until Element Is Visible" library="SeleniumLibrary">
<arg>${dropDown}</arg>
<arg>20</arg>
<doc>Waits until the element ``locator`` is visible.</doc>
<status status="PASS" starttime="20230803 09:16:41.708" endtime="20230803 09:16:41.749"/>
</kw>
<kw name="Click Element" library="SeleniumLibrary">
<arg>${dropDown}</arg>
<doc>Click the element identified by ``locator``.</doc>
<msg timestamp="20230803 09:16:41.750" level="INFO">Clicking element '//*[@id="s2id_customFilter"]'.</msg>
<status status="PASS" starttime="20230803 09:16:41.749" endtime="20230803 09:16:41.866"/>
</kw>
<kw name="Wait Until Element Is Visible" library="SeleniumLibrary">
<arg>${campoFila}</arg>
<doc>Waits until the element ``locator`` is visible.</doc>
<status status="PASS" starttime="20230803 09:16:41.866" endtime="20230803 09:16:41.893"/>
</kw>
<kw name="Input Text" library="SeleniumLibrary">
<arg>${campoFila}</arg>
<arg>${fila}</arg>
<doc>Types the given ``text`` into the text field identified by ``locator``.</doc>
<msg timestamp="20230803 09:16:41.894" level="INFO">Typing text '01' into text field '//div[@class='select2-search']/input[@type='text']'.</msg>
<status status="PASS" starttime="20230803 09:16:41.893" endtime="20230803 09:16:41.993"/>
</kw>
<kw name="Press Key" library="SeleniumLibrary">
<arg>${campoFila}</arg>
<arg>\\13</arg>
<doc>*DEPRECATED in SeleniumLibrary 4.0.* use `Press Keys` instead.</doc>
<msg timestamp="20230803 09:16:41.993" level="WARN">Keyword 'SeleniumLibrary.Press Key' is deprecated. use `Press Keys` instead.</msg>
<status status="PASS" starttime="20230803 09:16:41.993" endtime="20230803 09:16:45.984"/>
</kw>
<kw name="Wait Until Element Is Visible" library="SeleniumLibrary">
<arg>${selecionarTodos}</arg>
<doc>Waits until the element ``locator`` is visible.</doc>
<status status="PASS" starttime="20230803 09:16:45.985" endtime="20230803 09:16:46.014"/>
</kw>
<kw name="Click Element" library="SeleniumLibrary">
<arg>${selecionarTodos}</arg>
<doc>Click the element identified by ``locator``.</doc>
<msg timestamp="20230803 09:16:46.015" level="INFO">Clicking element '//*[@id="listViewEntriesMainCheckBox"]'.</msg>
<status status="PASS" starttime="20230803 09:16:46.014" endtime="20230803 09:16:46.079"/>
</kw>
<kw name="Sleep" library="BuiltIn">
<arg>10s</arg>
<doc>Pauses the test executed for the given time.</doc>
<msg timestamp="20230803 09:16:56.080" level="INFO">Slept 10 seconds</msg>
<status status="PASS" starttime="20230803 09:16:46.079" endtime="20230803 09:16:56.080"/>
</kw>
<status status="PASS" starttime="20230803 09:16:41.708" endtime="20230803 09:16:56.080"/>
</iter>
<iter>
<var name="${fila}">02</var>
<kw name="Wait Until Element Is Visible" library="SeleniumLibrary">
<arg>${dropDown}</arg>
<arg>20</arg>
<doc>Waits until the element ``locator`` is visible.</doc>
<status status="PASS" starttime="20230803 09:16:56.080" endtime="20230803 09:16:56.125"/>
</kw>
<kw name="Click Element" library="SeleniumLibrary">
<arg>${dropDown}</arg>
<doc>Click the element identified by ``locator``.</doc>
<msg timestamp="20230803 09:16:56.126" level="INFO">Clicking element '//*[@id="s2id_customFilter"]'.</msg>
<status status="PASS" starttime="20230803 09:16:56.125" endtime="20230803 09:16:56.249"/>
</kw>
<kw name="Wait Until Element Is Visible" library="SeleniumLibrary">
<arg>${campoFila}</arg>
<doc>Waits until the element ``locator`` is visible.</doc>
<status status="PASS" starttime="20230803 09:16:56.250" endtime="20230803 09:16:56.278"/>
</kw>
<kw name="Input Text" library="SeleniumLibrary">
<arg>${campoFila}</arg>
<arg>${fila}</arg>
<doc>Types the given ``text`` into the text field identified by ``locator``.</doc>
<msg timestamp="20230803 09:16:56.279" level="INFO">Typing text '02' into text field '//div[@class='select2-search']/input[@type='text']'.</msg>
<status status="PASS" starttime="20230803 09:16:56.278" endtime="20230803 09:16:56.380"/>
</kw>
<kw name="Press Key" library="SeleniumLibrary">
<arg>${campoFila}</arg>
<arg>\\13</arg>
<doc>