<?xml version="1.0" encoding="UTF-8"?>
<robot generator="Robot 6.1 (Python 3.11.3 on win32)" generated="20230815 16:59:38.970" rpa="false" schemaversion="4">
<suite id="s1" name="Filaswf" source="C:\Users\yankr\Documents\Techmail\Python-Estudo\Robot\Tests\filaswf.robot">
<test id="s1-t1" name="Cenário 1: Abrir plataforma WF, logar e checar filas" line="67">
<kw name="Abrir site e logar">
<kw name="Open Browser" library="SeleniumLibrary">
<arg>${linkWf}</arg>
<arg>${browser}</arg>
<doc>Opens a new browser instance to the optional ``url``.</doc>
<msg timestamp="20230815 16:59:39.220" level="INFO">Opening browser 'chrome' to base url 'https://wfdocumentos.techmail.com.br/'.</msg>
<status status="PASS" starttime="20230815 16:59:39.219" endtime="20230815 16:59:41.113"/>
</kw>
<kw name="Maximize Browser Window" library="SeleniumLibrary">
<doc>Maximizes current browser window.</doc>
<status status="PASS" starttime="20230815 16:59:41.113" endtime="20230815 16:59:41.228"/>
</kw>
<kw name="Input Text" library="SeleniumLibrary">
<arg>${loginUser}</arg>
<arg>robo</arg>
<doc>Types the given ``text`` into the text field identified by ``locator``.</doc>
<msg timestamp="20230815 16:59:41.230" level="INFO">Typing text 'robo' into text field '//*[@id="username"]'.</msg>
<status status="PASS" starttime="20230815 16:59:41.228" endtime="20230815 16:59:41.411"/>
</kw>
<kw name="Input Text" library="SeleniumLibrary">
<arg>${loginSenha}</arg>
<arg>01sisvtiger17*</arg>
<doc>Types the given ``text`` into the text field identified by ``locator``.</doc>
<msg timestamp="20230815 16:59:41.412" level="INFO">Typing text '01sisvtiger17*' into text field '//*[@id="password"]'.</msg>
<status status="PASS" starttime="20230815 16:59:41.411" endtime="20230815 16:59:41.526"/>
</kw>
<kw name="Click Button" library="SeleniumLibrary">
<arg>${botaoEntrar}</arg>
<doc>Clicks the button identified by ``locator``.</doc>
<msg timestamp="20230815 16:59:41.527" level="INFO">Clicking button '//*[@id="forgotPassword"]/button'.</msg>
<status status="PASS" starttime="20230815 16:59:41.526" endtime="20230815 16:59:42.355"/>
</kw>
<status status="PASS" starttime="20230815 16:59:39.219" endtime="20230815 16:59:42.355"/>
</kw>
<kw name="Ir para documentos">
<kw name="Go To" library="SeleniumLibrary">
<arg>${linkDocumentos}</arg>
<doc>Navigates the current browser window to the provided ``url``.</doc>
<msg timestamp="20230815 16:59:42.357" level="INFO">Opening url 'https://wfdocumentos.techmail.com.br/index.php?module=AnaliseDocumentos&amp;view=List'</msg>
<status status="PASS" starttime="20230815 16:59:42.357" endtime="20230815 16:59:50.085"/>
</kw>
<status status="PASS" starttime="20230815 16:59:42.356" endtime="20230815 16:59:50.085"/>
</kw>
<kw name="Loop de filas">
<while condition="${loop_infinito}">
<iter>
<kw name="Create List" library="BuiltIn">
<var>@{filas}</var>
<arg>01</arg>
<arg>02</arg>
<arg>04</arg>
<arg>16.1</arg>
<arg>16.2</arg>
<arg>22</arg>
<doc>Returns a list containing given items.</doc>
<msg timestamp="20230815 16:59:50.087" level="INFO">@{filas} = [ 01 | 02 | 04 | 16.1 | 16.2 | 22 ]</msg>
<status status="PASS" starttime="20230815 16:59:50.086" endtime="20230815 16:59:50.087"/>
</kw>
<for flavor="IN">
<var>${fila}</var>
<value>@{filas}</value>
<iter>
<var name="${fila}">01</var>
<kw name="Wait Until Element Is Visible" library="SeleniumLibrary">
<arg>${dropDown}</arg>
<arg>20</arg>
<doc>Waits until the element ``locator`` is visible.</doc>
<status status="PASS" starttime="20230815 16:59:50.087" endtime="20230815 16:59:50.140"/>
</kw>
<kw name="Click Element" library="SeleniumLibrary">
<arg>${dropDown}</arg>
<doc>Click the element identified by ``locator``.</doc>
<msg timestamp="20230815 16:59:50.140" level="INFO">Clicking element '//*[@id="s2id_customFilter"]'.</msg>
<status status="PASS" starttime="20230815 16:59:50.140" endtime="20230815 16:59:50.285"/>
</kw>
<kw name="Wait Until Element Is Visible" library="SeleniumLibrary">
<arg>${campoFila}</arg>
<doc>Waits until the element ``locator`` is visible.</doc>
<status status="PASS" starttime="20230815 16:59:50.285" endtime="20230815 16:59:50.335"/>
</kw>
<kw name="Input Text" library="SeleniumLibrary">
<arg>${campoFila}</arg>
<arg>${fila}</arg>
<doc>Types the given ``text`` into the text field identified by ``locator``.</doc>
<msg timestamp="20230815 16:59:50.336" level="INFO">Typing text '01' into text field '//*[@id="s2id_customFilter"]/a'.</msg>
<msg timestamp="20230815 16:59:50.517" level="INFO" html="true">&lt;/td&gt;&lt;/tr&gt;&lt;tr&gt;&lt;td colspan="3"&gt;&lt;a href="selenium-screenshot-52.png"&gt;&lt;img src="selenium-screenshot-52.png" width="800px"&gt;&lt;/a&gt;</msg>
<msg timestamp="20230815 16:59:50.518" level="FAIL">InvalidElementStateException: Message: invalid element state
  (Session info: chrome=115.0.5790.171)
Stacktrace:
Backtrace:
	GetHandleVerifier [0x0092A813+48355]
	(No symbol) [0x008BC4B1]
	(No symbol) [0x007C5220]
	(No symbol) [0x007EB37A]
	(No symbol) [0x0080A73C]
	(No symbol) [0x007E9A36]
	(No symbol) [0x0080AA94]
	(No symbol) [0x0081C922]
	(No symbol) [0x0080A536]
	(No symbol) [0x007E82DC]
	(No symbol) [0x007E93DD]
	GetHandleVerifier [0x00B8AABD+2539405]
	GetHandleVerifier [0x00BCA78F+2800735]
	GetHandleVerifier [0x00BC456C+2775612]
	GetHandleVerifier [0x009B51E0+616112]
	(No symbol) [0x008C5F8C]
	(No symbol) [0x008C2328]
	(No symbol) [0x008C240B]
	(No symbol) [0x008B4FF7]
	BaseThreadInitThunk [0x76F900C9+25]
	RtlGetAppContainerNamedObjectPath [0x774A7B1E+286]
	RtlGetAppContainerNamedObjectPath [0x774A7AEE+238]
</msg>
<status status="FAIL" starttime="20230815 16:59:50.335" endtime="20230815 16:59:50.520"/>
</kw>
<kw name="Press Keys" library="SeleniumLibrary">
<arg>${campoFila}</arg>
<arg>\\13</arg>
<doc>Simulates the user pressing key(s) to an element or on the active browser.</doc>
<status status="NOT RUN" starttime="20230815 16:59:50.520" endtime="20230815 16:59:50.521"/>
</kw>
<kw name="Wait Until Element Is Visible" library="SeleniumLibrary">
<arg>${selecionarTodos}</arg>
<doc>Waits until the element ``locator`` is visible.</doc>
<status status="NOT RUN" starttime="20230815 16:59:50.521" endtime="20230815 16:59:50.521"/>
</kw>
<kw name="Click Element" library="SeleniumLibrary">
<arg>${selecionarTodos}</arg>
<doc>Click the element identified by ``locator``.</doc>
<status status="NOT RUN" starttime="20230815 16:59:50.521" endtime="20230815 16:59:50.521"/>
</kw>
<kw name="Sleep" library="BuiltIn">
<arg>10s</arg>
<doc>Pauses the test executed for the given time.</doc>
<status status="NOT RUN" starttime="20230815 16:59:50.521" endtime="20230815 16:59:50.521"/>
</kw>
<status status="FAIL" starttime="20230815 16:59:50.087" endtime="20230815 16:59:50.521"/>
</iter>
<status status="FAIL" starttime="20230815 16:59:50.087" endtime="20230815 16:59:50.521"/>
</for>
<status status="FAIL" starttime="20230815 16:59:50.086" endtime="20230815 16:59:50.521"/>
</iter>
<status status="FAIL" starttime="20230815 16:59:50.086" endtime="20230815 16:59:50.521"/>
</while>
<status status="FAIL" starttime="20230815 16:59:50.085" endtime="20230815 16:59:50.521"/>
</kw>
<status status="FAIL" starttime="20230815 16:59:39.217" endtime="20230815 16:59:50.522">InvalidElementStateException: Message: invalid element state
  (Session info: chrome=115.0.5790.171)
Stacktrace:
Backtrace:
	GetHandleVerifier [0x0092A813+48355]
	(No symbol) [0x008BC4B1]
	(No symbol) [0x007C5220]
	(No symbol) [0x007EB37A]
	(No symbol) [0x0080A73C]
	(No symbol) [0x007E9A36]
	(No symbol) [0x0080AA94]
	(No symbol) [0x0081C922]
	(No symbol) [0x0080A536]
	(No symbol) [0x007E82DC]
	(No symbol) [0x007E93DD]
	GetHandleVerifier [0x00B8AABD+2539405]
	GetHandleVerifier [0x00BCA78F+2800735]
	GetHandleVerifier [0x00BC456C+2775612]
	GetHandleVerifier [0x009B51E0+616112]
	(No symbol) [0x008C5F8C]
	(No symbol) [0x008C2328]
	(No symbol) [0x008C240B]
	(No symbol) [0x008B4FF7]
	BaseThreadInitThunk [0x76F900C9+25]
	RtlGetAppContainerNamedObjectPath [0x774A7B1E+286]
	RtlGetAppContainerNamedObjectPath [0x774A7AEE+238]
</status>
</test>
<status status="FAIL" starttime="20230815 16:59:38.972" endtime="20230815 16:59:50.527"/>
</suite>
<statistics>
<total>
<stat pass="0" fail="1" skip="0">All Tests</stat>
</total>
<tag>
</tag>
<suite>
<stat pass="0" fail="1" skip="0" id="s1" name="Filaswf">Filaswf</stat>
</suite>
</statistics>
<errors>
</errors>
</robot>
