<?xml version="1.0" encoding="UTF-8"?>
<robot generator="Robot 6.1 (Python 3.11.3 on win32)" generated="20231215 10:31:00.398" rpa="false" schemaversion="4">
<suite id="s1" name="Filaswf" source="C:\Users\yankr\Documents\GitHub\RobotFramework\Inicio\filaswf.robot">
<test id="s1-t1" name="Cenário 1: Abrir plataforma WF, logar e checar filas" line="68">
<kw name="Abrir site e logar">
<kw name="Open Browser" library="SeleniumLibrary">
<arg>${linkWf}</arg>
<arg>${browser}</arg>
<doc>Opens a new browser instance to the optional ``url``.</doc>
<msg timestamp="20231215 10:31:00.664" level="INFO">Opening browser 'chrome' to base url 'https://wfdocumentos.techmail.com.br/'.</msg>
<status status="PASS" starttime="20231215 10:31:00.664" endtime="20231215 10:31:03.824"/>
</kw>
<kw name="Maximize Browser Window" library="SeleniumLibrary">
<doc>Maximizes current browser window.</doc>
<status status="PASS" starttime="20231215 10:31:03.824" endtime="20231215 10:31:03.969"/>
</kw>
<kw name="Input Text" library="SeleniumLibrary">
<arg>${loginUser}</arg>
<arg>robo</arg>
<doc>Types the given ``text`` into the text field identified by ``locator``.</doc>
<msg timestamp="20231215 10:31:03.971" level="INFO">Typing text 'robo' into text field '//*[@id="username"]'.</msg>
<status status="PASS" starttime="20231215 10:31:03.969" endtime="20231215 10:31:04.166"/>
</kw>
<kw name="Input Text" library="SeleniumLibrary">
<arg>${loginSenha}</arg>
<arg>01sisvtiger17*</arg>
<doc>Types the given ``text`` into the text field identified by ``locator``.</doc>
<msg timestamp="20231215 10:31:04.167" level="INFO">Typing text '01sisvtiger17*' into text field '//*[@id="password"]'.</msg>
<status status="PASS" starttime="20231215 10:31:04.166" endtime="20231215 10:31:04.331"/>
</kw>
<kw name="Click Button" library="SeleniumLibrary">
<arg>${botaoEntrar}</arg>
<doc>Clicks the button identified by ``locator``.</doc>
<msg timestamp="20231215 10:31:04.332" level="INFO">Clicking button '//*[@id="forgotPassword"]/button'.</msg>
<status status="PASS" starttime="20231215 10:31:04.331" endtime="20231215 10:31:05.172"/>
</kw>
<status status="PASS" starttime="20231215 10:31:00.664" endtime="20231215 10:31:05.172"/>
</kw>
<kw name="Ir para documentos">
<kw name="Go To" library="SeleniumLibrary">
<arg>${linkDocumentos}</arg>
<doc>Navigates the current browser window to the provided ``url``.</doc>
<msg timestamp="20231215 10:31:05.174" level="INFO">Opening url 'https://wfdocumentos.techmail.com.br/index.php?module=AnaliseDocumentos&amp;view=List'</msg>
<status status="PASS" starttime="20231215 10:31:05.173" endtime="20231215 10:31:18.442"/>
</kw>
<status status="PASS" starttime="20231215 10:31:05.173" endtime="20231215 10:31:18.442"/>
</kw>
<kw name="Loop de filas">
<while condition="${loop_infinito}">
<iter>
<kw name="Create List" library="BuiltIn">
<var>@{filas}</var>
<arg>01</arg>
<arg>02</arg>
<arg>04</arg>
<arg>16.1</arg>
<arg>16.2</arg>
<arg>22</arg>
<doc>Returns a list containing given items.</doc>
<msg timestamp="20231215 10:31:18.445" level="INFO">@{filas} = [ 01 | 02 | 04 | 16.1 | 16.2 | 22 ]</msg>
<status status="PASS" starttime="20231215 10:31:18.444" endtime="20231215 10:31:18.445"/>
</kw>
<kw name="Create List" library="BuiltIn">
<var>@{checar}</var>
<doc>Returns a list containing given items.</doc>
<msg timestamp="20231215 10:31:18.447" level="INFO">@{checar} = [ ]</msg>
<status status="PASS" starttime="20231215 10:31:18.446" endtime="20231215 10:31:18.447"/>
</kw>
<for flavor="IN">
<var>${fila}</var>
<value>@{filas}</value>
<iter>
<var name="${fila}">01</var>
<kw name="Wait Until Element Is Visible" library="SeleniumLibrary">
<arg>${dropDown}</arg>
<arg>20</arg>
<doc>Waits until the element ``locator`` is visible.</doc>
<status status="PASS" starttime="20231215 10:31:18.448" endtime="20231215 10:31:18.742"/>
</kw>
<kw name="Click Element" library="SeleniumLibrary">
<arg>${dropDown}</arg>
<doc>Click the element identified by ``locator``.</doc>
<msg timestamp="20231215 10:31:18.743" level="INFO">Clicking element '//*[@id="s2id_customFilter"]'.</msg>
<status status="PASS" starttime="20231215 10:31:18.742" endtime="20231215 10:31:18.839"/>
</kw>
<kw name="Wait Until Element Is Visible" library="SeleniumLibrary">
<arg>${campoFila}</arg>
<doc>Waits until the element ``locator`` is visible.</doc>
<status status="PASS" starttime="20231215 10:31:18.839" endtime="20231215 10:31:18.884"/>
</kw>
<kw name="Input Text" library="SeleniumLibrary">
<arg>${campoFila}</arg>
<arg>${fila}</arg>
<doc>Types the given ``text`` into the text field identified by ``locator``.</doc>
<msg timestamp="20231215 10:31:18.884" level="INFO">Typing text '01' into text field '//*[@id="s2id_customFilter"]/a'.</msg>
<msg timestamp="20231215 10:31:19.174" level="INFO" html="true">&lt;/td&gt;&lt;/tr&gt;&lt;tr&gt;&lt;td colspan="3"&gt;&lt;a href="selenium-screenshot-1.png"&gt;&lt;img src="selenium-screenshot-1.png" width="800px"&gt;&lt;/a&gt;</msg>
<msg timestamp="20231215 10:31:19.175" level="FAIL">InvalidElementStateException: Message: invalid element state
  (Session info: chrome=120.0.6099.109)
Stacktrace:
	GetHandleVerifier [0x00007FF6F0A94D02+56194]
	(No symbol) [0x00007FF6F0A004B2]
	(No symbol) [0x00007FF6F08A74C3]
	(No symbol) [0x00007FF6F08E81A6]
	(No symbol) [0x00007FF6F0915E7A]
	(No symbol) [0x00007FF6F08E6226]
	(No symbol) [0x00007FF6F0916320]
	(No symbol) [0x00007FF6F0932786]
	(No symbol) [0x00007FF6F0915C23]
	(No symbol) [0x00007FF6F08E4A45]
	(No symbol) [0x00007FF6F08E5AD4]
	GetHandleVerifier [0x00007FF6F0E0D5BB+3695675]
	GetHandleVerifier [0x00007FF6F0E66197+4059159]
	GetHandleVerifier [0x00007FF6F0E5DF63+4025827]
	GetHandleVerifier [0x00007FF6F0B2F029+687785]
	(No symbol) [0x00007FF6F0A0B508]
	(No symbol) [0x00007FF6F0A07564]
	(No symbol) [0x00007FF6F0A076E9]
	(No symbol) [0x00007FF6F09F8094]
	BaseThreadInitThunk [0x00007FFD04B3257D+29]
	RtlUserThreadStart [0x00007FFD0678AA58+40]
</msg>
<status status="FAIL" starttime="20231215 10:31:18.884" endtime="20231215 10:31:19.205"/>
</kw>
<kw name="Press Keys" library="SeleniumLibrary">
<arg>${campoFila}</arg>
<arg>\\13</arg>
<doc>Simulates the user pressing key(s) to an element or on the active browser.</doc>
<status status="NOT RUN" starttime="20231215 10:31:19.205" endtime="20231215 10:31:19.205"/>
</kw>
<kw name="Wait Until Element Is Visible" library="SeleniumLibrary">
<arg>${selecionarTodos}</arg>
<doc>Waits until the element ``locator`` is visible.</doc>
<status status="NOT RUN" starttime="20231215 10:31:19.205" endtime="20231215 10:31:19.205"/>
</kw>
<kw name="Click Element" library="SeleniumLibrary">
<arg>${selecionarTodos}</arg>
<doc>Click the element identified by ``locator``.</doc>
<status status="NOT RUN" starttime="20231215 10:31:19.205" endtime="20231215 10:31:19.206"/>
</kw>
<kw name="Sleep" library="BuiltIn">
<arg>10s</arg>
<doc>Pauses the test executed for the given time.</doc>
<status status="NOT RUN" starttime="20231215 10:31:19.206" endtime="20231215 10:31:19.206"/>
</kw>
<status status="FAIL" starttime="20231215 10:31:18.448" endtime="20231215 10:31:19.206"/>
</iter>
<status status="FAIL" starttime="20231215 10:31:18.447" endtime="20231215 10:31:19.206"/>
</for>
<status status="FAIL" starttime="20231215 10:31:18.443" endtime="20231215 10:31:19.206"/>
</iter>
<status status="FAIL" starttime="20231215 10:31:18.443" endtime="20231215 10:31:19.206"/>
</while>
<status status="FAIL" starttime="20231215 10:31:18.443" endtime="20231215 10:31:19.206"/>
</kw>
<status status="FAIL" starttime="20231215 10:31:00.662" endtime="20231215 10:31:19.206">InvalidElementStateException: Message: invalid element state
  (Session info: chrome=120.0.6099.109)
Stacktrace:
	GetHandleVerifier [0x00007FF6F0A94D02+56194]
	(No symbol) [0x00007FF6F0A004B2]
	(No symbol) [0x00007FF6F08A74C3]
	(No symbol) [0x00007FF6F08E81A6]
	(No symbol) [0x00007FF6F0915E7A]
	(No symbol) [0x00007FF6F08E6226]
	(No symbol) [0x00007FF6F0916320]
	(No symbol) [0x00007FF6F0932786]
	(No symbol) [0x00007FF6F0915C23]
	(No symbol) [0x00007FF6F08E4A45]
	(No symbol) [0x00007FF6F08E5AD4]
	GetHandleVerifier [0x00007FF6F0E0D5BB+3695675]
	GetHandleVerifier [0x00007FF6F0E66197+4059159]
	GetHandleVerifier [0x00007FF6F0E5DF63+4025827]
	GetHandleVerifier [0x00007FF6F0B2F029+687785]
	(No symbol) [0x00007FF6F0A0B508]
	(No symbol) [0x00007FF6F0A07564]
	(No symbol) [0x00007FF6F0A076E9]
	(No symbol) [0x00007FF6F09F8094]
	BaseThreadInitThunk [0x00007FFD04B3257D+29]
	RtlUserThreadStart [0x00007FFD0678AA58+40]
</status>
</test>
<status status="FAIL" starttime="20231215 10:31:00.401" endtime="20231215 10:31:19.208"/>
</suite>
<statistics>
<total>
<stat pass="0" fail="1" skip="0">All Tests</stat>
</total>
<tag>
</tag>
<suite>
<stat pass="0" fail="1" skip="0" id="s1" name="Filaswf">Filaswf</stat>
</suite>
</statistics>
<errors>
</errors>
</robot>
