<?xml version="1.0" encoding="UTF-8"?>
<robot generator="Robot 6.1 (Python 3.11.3 on win32)" generated="20230804 13:08:22.113" rpa="false" schemaversion="4">
<suite id="s1" name="filasWf" source="c:\Users\yankr\Documents\Techmail\Python-Estudo\Robot\Tests\filasWf.robot">
<test id="s1-t1" name="Cenário 1: Abrir plataforma WF, logar e checar filas" line="68">
<kw name="Abrir site e logar">
<kw name="Open Browser" library="SeleniumLibrary">
<arg>${linkWf}</arg>
<arg>${browser}</arg>
<doc>Opens a new browser instance to the optional ``url``.</doc>
<msg timestamp="20230804 13:08:22.584" level="INFO">Opening browser 'chrome' to base url 'https://wfdocumentos.techmail.com.br/'.</msg>
<status status="PASS" starttime="20230804 13:08:22.584" endtime="20230804 13:08:24.745"/>
</kw>
<kw name="Maximize Browser Window" library="SeleniumLibrary">
<doc>Maximizes current browser window.</doc>
<status status="PASS" starttime="20230804 13:08:24.745" endtime="20230804 13:08:24.882"/>
</kw>
<kw name="Input Text" library="SeleniumLibrary">
<arg>${loginUser}</arg>
<arg>robo</arg>
<doc>Types the given ``text`` into the text field identified by ``locator``.</doc>
<msg timestamp="20230804 13:08:24.884" level="INFO">Typing text 'robo' into text field '//*[@id="username"]'.</msg>
<status status="PASS" starttime="20230804 13:08:24.882" endtime="20230804 13:08:25.112"/>
</kw>
<kw name="Input Text" library="SeleniumLibrary">
<arg>${loginSenha}</arg>
<arg>01sisvtiger17*</arg>
<doc>Types the given ``text`` into the text field identified by ``locator``.</doc>
<msg timestamp="20230804 13:08:25.113" level="INFO">Typing text '01sisvtiger17*' into text field '//*[@id="password"]'.</msg>
<status status="PASS" starttime="20230804 13:08:25.112" endtime="20230804 13:08:25.279"/>
</kw>
<kw name="Click Button" library="SeleniumLibrary">
<arg>${botaoEntrar}</arg>
<doc>Clicks the button identified by ``locator``.</doc>
<msg timestamp="20230804 13:08:25.281" level="INFO">Clicking button '//*[@id="forgotPassword"]/button'.</msg>
<status status="PASS" starttime="20230804 13:08:25.280" endtime="20230804 13:08:26.094"/>
</kw>
<status status="PASS" starttime="20230804 13:08:22.583" endtime="20230804 13:08:26.095"/>
</kw>
<kw name="Ir para documentos">
<kw name="Go To" library="SeleniumLibrary">
<arg>${linkDocumentos}</arg>
<doc>Navigates the current browser window to the provided ``url``.</doc>
<msg timestamp="20230804 13:08:26.097" level="INFO">Opening url 'https://wfdocumentos.techmail.com.br/index.php?module=AnaliseDocumentos&amp;view=List'</msg>
<status status="PASS" starttime="20230804 13:08:26.096" endtime="20230804 13:08:34.083"/>
</kw>
<status status="PASS" starttime="20230804 13:08:26.095" endtime="20230804 13:08:34.084"/>
</kw>
<kw name="Loop de filas">
<while condition="${loop_infinito}">
<iter>
<kw name="Create List" library="BuiltIn">
<var>@{filas}</var>
<arg>01</arg>
<arg>02</arg>
<arg>04</arg>
<arg>16.1</arg>
<arg>16.2</arg>
<arg>22</arg>
<doc>Returns a list containing given items.</doc>
<msg timestamp="20230804 13:08:34.092" level="INFO">@{filas} = [ 01 | 02 | 04 | 16.1 | 16.2 | 22 ]</msg>
<status status="PASS" starttime="20230804 13:08:34.092" endtime="20230804 13:08:34.092"/>
</kw>
<for flavor="IN">
<var>${fila}</var>
<value>@{filas}</value>
<iter>
<var name="${fila}">01</var>
<kw name="Wait Until Element Is Visible" library="SeleniumLibrary">
<arg>${dropDown}</arg>
<arg>20</arg>
<doc>Waits until the element ``locator`` is visible.</doc>
<status status="PASS" starttime="20230804 13:08:34.095" endtime="20230804 13:08:34.191"/>
</kw>
<kw name="Click Element" library="SeleniumLibrary">
<arg>${dropDown}</arg>
<doc>Click the element identified by ``locator``.</doc>
<msg timestamp="20230804 13:08:34.192" level="INFO">Clicking element '//*[@id="s2id_customFilter"]'.</msg>
<status status="PASS" starttime="20230804 13:08:34.191" endtime="20230804 13:08:34.334"/>
</kw>
<kw name="Wait Until Element Is Visible" library="SeleniumLibrary">
<arg>${campoFila}</arg>
<doc>Waits until the element ``locator`` is visible.</doc>
<status status="PASS" starttime="20230804 13:08:34.335" endtime="20230804 13:08:34.397"/>
</kw>
<kw name="Input Text" library="SeleniumLibrary">
<arg>${campoFila}</arg>
<arg>${fila}</arg>
<doc>Types the given ``text`` into the text field identified by ``locator``.</doc>
<msg timestamp="20230804 13:08:34.398" level="INFO">Typing text '01' into text field '//div[@class='select2-search']/input[@type='text']'.</msg>
<status status="PASS" starttime="20230804 13:08:34.397" endtime="20230804 13:08:34.528"/>
</kw>
<kw name="Press Key" library="SeleniumLibrary">
<arg>${campoFila}</arg>
<arg>\\13</arg>
<doc>*DEPRECATED in SeleniumLibrary 4.0.* use `Press Keys` instead.</doc>
<msg timestamp="20230804 13:08:34.528" level="WARN">Keyword 'SeleniumLibrary.Press Key' is deprecated. use `Press Keys` instead.</msg>
<status status="PASS" starttime="20230804 13:08:34.528" endtime="20230804 13:08:39.011"/>
</kw>
<kw name="Wait Until Element Is Visible" library="SeleniumLibrary">
<arg>${selecionarTodos}</arg>
<doc>Waits until the element ``locator`` is visible.</doc>
<status status="PASS" starttime="20230804 13:08:39.012" endtime="20230804 13:08:39.049"/>
</kw>
<kw name="Click Element" library="SeleniumLibrary">
<arg>${selecionarTodos}</arg>
<doc>Click the element identified by ``locator``.</doc>
<msg timestamp="20230804 13:08:39.050" level="INFO">Clicking element '//*[@id="listViewEntriesMainCheckBox"]'.</msg>
<status status="PASS" starttime="20230804 13:08:39.049" endtime="20230804 13:08:39.118"/>
</kw>
<kw name="Sleep" library="BuiltIn">
<arg>10s</arg>
<doc>Pauses the test executed for the given time.</doc>
<msg timestamp="20230804 13:08:49.123" level="INFO">Slept 10 seconds</msg>
<status status="PASS" starttime="20230804 13:08:39.119" endtime="20230804 13:08:49.123"/>
</kw>
<status status="PASS" starttime="20230804 13:08:34.094" endtime="20230804 13:08:49.123"/>
</iter>
<iter>
<var name="${fila}">02</var>
<kw name="Wait Until Element Is Visible" library="SeleniumLibrary">
<arg>${dropDown}</arg>
<arg>20</arg>
<doc>Waits until the element ``locator`` is visible.</doc>
<status status="PASS" starttime="20230804 13:08:49.124" endtime="20230804 13:08:49.155"/>
</kw>
<kw name="Click Element" library="SeleniumLibrary">
<arg>${dropDown}</arg>
<doc>Click the element identified by ``locator``.</doc>
<msg timestamp="20230804 13:08:49.156" level="INFO">Clicking element '//*[@id="s2id_customFilter"]'.</msg>
<status status="PASS" starttime="20230804 13:08:49.155" endtime="20230804 13:08:49.214"/>
</kw>
<kw name="Wait Until Element Is Visible" library="SeleniumLibrary">
<arg>${campoFila}</arg>
<doc>Waits until the element ``locator`` is visible.</doc>
<status status="PASS" starttime="20230804 13:08:49.215" endtime="20230804 13:08:49.250"/>
</kw>
<kw name="Input Text" library="SeleniumLibrary">
<arg>${campoFila}</arg>
<arg>${fila}</arg>
<doc>Types the given ``text`` into the text field identified by ``locator``.</doc>
<msg timestamp="20230804 13:08:49.253" level="INFO">Typing text '02' into text field '//div[@class='select2-search']/input[@type='text']'.</msg>
<status status="PASS" starttime="20230804 13:08:49.250" endtime="20230804 13:08:49.365"/>
</kw>
<kw name="Press Key" library="SeleniumLibrary">
<arg>${campoFila}</arg>
<arg>\\13</arg>
<doc>*DEPRECATED in SeleniumLibrary 4.0.* use `Press Keys` instead.</doc>
<msg timestamp="20230804 13:08:49.365" level="WARN">Keyword 'SeleniumLibrary.Press Key' is deprecated. use `Press Keys` instead.</msg>
<status status="PASS" starttime="20230804 13:08:49.365" endtime="20230804 13:08:53.695"/>
</kw>
<kw name="Wait Until Element Is Visible" library="SeleniumLibrary">
<arg>${selecionarTodos}</arg>
<doc>Waits until the element ``locator`` is visible.</doc>
<status status="PASS" starttime="20230804 13:08:53.696" endtime="20230804 13:08:53.724"/>
</kw>
<kw name="Click Element" library="SeleniumLibrary">
<arg>${selecionarTodos}</arg>
<doc>Click the element identified by ``locator``.</doc>
<msg timestamp="20230804 13:08:53.724" level="INFO">Clicking element '//*[@id="listViewEntriesMainCheckBox"]'.</msg>
<status status="PASS" starttime="20230804 13:08:53.724" endtime="20230804 13:08:53.781"/>
</kw>
<kw name="Sleep" library="BuiltIn">
<arg>10s</arg>
<doc>Pauses the test executed for the given time.</doc>
<msg timestamp="20230804 13:09:03.781" level="INFO">Slept 10 seconds</msg>
<status status="PASS" starttime="20230804 13:08:53.781" endtime="20230804 13:09:03.781"/>
</kw>
<status status="PASS" starttime="20230804 13:08:49.124" endtime="20230804 13:09:03.782"/>
</iter>
<iter>
<var name="${fila}">04</var>
<kw name="Wait Until Element Is Visible" library="SeleniumLibrary">
<arg>${dropDown}</arg>
<arg>20</arg>
<doc>Waits until the element ``locator`` is visible.</doc>
<status status="PASS" starttime="20230804 13:09:03.783" endtime="20230804 13:09:03.829"/>
</kw>
<kw name="Click Element" library="SeleniumLibrary">
<arg>${dropDown}</arg>
<doc>Click the element identified by ``locator``.</doc>
<msg timestamp="20230804 13:09:03.829" level="INFO">Clicking element '//*[@id="s2id_customFilter"]'.</msg>
<status status="PASS" starttime="20230804 13:09:03.829" endtime="20230804 13:09:03.904"/>
</kw>
<kw name="Wait Until Element Is Visible" library="SeleniumLibrary">
<arg>${campoFila}</arg>
<doc>Waits until the element ``locator`` is visible.</doc>
<status status="PASS" starttime="20230804 13:09:03.905" endtime="20230804 13:09:03.932"/>
</kw>
<kw name="Input Text" library="SeleniumLibrary">
<arg>${campoFila}</arg>
<arg>${fila}</arg>
<doc>Types the given ``text`` into the text field identified by ``locator``.</doc>
<msg timestamp="20230804 13:09:03.932" level="INFO">Typing text '04' into text field '//div[@class='select2-search']/input[@type='text']'.</msg>
<status status="PASS" starttime="20230804 13:09:03.932" endtime="20230804 13:09:04.034"/>
</kw>
<kw name="Press Key" library="SeleniumLibrary">
<arg>${campoFila}</arg>
<arg>\\13</arg>
<doc>*DEPRECATED in SeleniumLibrary 4.0.* use `Press Keys` instead.</doc>
<msg timestamp="20230804 13:09:04.035" level="WARN">Keyword 'SeleniumLibrary.Press Key' is deprecated. use `Press Keys` instead.</msg>
<status status="PASS" starttime="20230804 13:09:04.035" endtime="20230804 13:09:09.366"/>
</kw>
<kw name="Wait Until Element Is Visible" library="SeleniumLibrary">
<arg>${selecionarTodos}</arg>
<doc>Waits until the element ``locator`` is visible.</doc>
<status status="PASS" starttime="20230804 13:09:09.369" endtime="20230804 13:09:09.400"/>
</kw>
<kw name="Click Element" library="SeleniumLibrary">
<arg>${selecionarTodos}</arg>
<doc>Click the element identified by ``locator``.</doc>
<msg timestamp="20230804 13:09:09.403" level="INFO">Clicking element '//*[@id="listViewEntriesMainCheckBox"]'.</msg>
<status status="PASS" starttime="20230804 13:09:09.401" endtime="20230804 13:09:09.467"/>
</kw>
<kw name="Sleep" library="BuiltIn">
<arg>10s</arg>
<doc>Pauses the test executed for the given time.</doc>
<msg timestamp="20230804 13:09:19.471" level="INFO">Slept 10 seconds</msg>
<status status="PASS" starttime="20230804 13:09:09.467" endtime="20230804 13:09:19.472"/>
</kw>
<status status="PASS" starttime="20230804 13:09:03.782" endtime="20230804 13:09:19.472"/>
</iter>
<iter>
<var name="${fila}">16.1</var>
<kw name="Wait Until Element Is Visible" library="SeleniumLibrary">
<arg>${dropDown}</arg>
<arg>20</arg>
<doc>Waits until the element ``locator`` is visible.</doc>
<status status="PASS" starttime="20230804 13:09:19.473" endtime="20230804 13:09:19.514"/>
</kw>
<kw name="Click Element" library="SeleniumLibrary">
<arg>${dropDown}</arg>
<doc>Click the element identified by ``locator``.</doc>
<msg timestamp="20230804 13:09:19.515" level="INFO">Clicking element '//*[@id="s2id_customFilter"]'.</msg>
<status status="PASS" starttime="20230804 13:09:19.514" endtime="20230804 13:09:19.582"/>
</kw>
<kw name="Wait Until Element Is Visible" library="SeleniumLibrary">
<arg>${campoFila}</arg>
<doc>Waits until the element ``locator`` is visible.</doc>
<status status="PASS" starttime="20230804 13:09:19.584" endtime="20230804 13:09:19.614"/>
</kw>
<kw name="Input Text" library="SeleniumLibrary">
<arg>${campoFila}</arg>
<arg>${fila}</arg>
<doc>Types the given ``text`` into the text field identified by ``locator``.</doc>
<msg timestamp="20230804 13:09:19.615" level="INFO">Typing text '16.1' into text field '//div[@class='select2-search']/input[@type='text']'.</msg>
<status status="PASS" starttime="20230804 13:09:19.614" endtime="20230804 13:09:19.725"/>
</kw>
<kw name="Press Key" library="SeleniumLibrary">
<arg>${campoFila}</arg>
<arg>\\13</arg>
<doc>*DEPRECATED in SeleniumLibrary 4.0.* use `Press Keys` instead.</doc>
<msg timestamp="20230804 13:09:19.725" level="WARN">Keyword 'SeleniumLibrary.Press Key' is deprecated. use `Press Keys` instead.</msg>
<status status="PASS" starttime="20230804 13:09:19.725" endtime="20230804 13:09:25.475"/>
</kw>
<kw name="Wait Until Element Is Visible" library="SeleniumLibrary">
<arg>${selecionarTodos}</arg>
<doc>Waits until the element ``locator`` is visible.</doc>
<status status="PASS" starttime="20230804 13:09:25.476" endtime="20230804 13:09:25.499"/>
</kw>
<kw name="Click Element" library="SeleniumLibrary">
<arg>${selecionarTodos}</arg>
<doc>Click the element identified by ``locator``.</doc>
<msg timestamp="20230804 13:09:25.501" level="INFO">Clicking element '//*[@id="listViewEntriesMainCheckBox"]'.</msg>
<status status="PASS" starttime="20230804 13:09:25.499" endtime="20230804 13:09:25.573"/>
</kw>
<kw name="Sleep" library="BuiltIn">
<arg>10s</arg>
<doc>Pauses the test executed for the given time.</doc>
<msg timestamp="20230804 13:09:35.574" level="INFO">Slept 10 seconds</msg>
<status status="PASS" starttime="20230804 13:09:25.573" endtime="20230804 13:09:35.574"/>
</kw>
<status status="PASS" starttime="20230804 13:09:19.473" endtime="20230804 13:09:35.574"/>
</iter>
<iter>
<var name="${fila}">16.2</var>
<kw name="Wait Until Element Is Visible" library="SeleniumLibrary">
<arg>${dropDown}</arg>
<arg>20</arg>
<doc>Waits until the element ``locator`` is visible.</doc>
<status status="PASS" starttime="20230804 13:09:35.574" endtime="20230804 13:09:35.597"/>
</kw>
<kw name="Click Element" library="SeleniumLibrary">
<arg>${dropDown}</arg>
<doc>Click the element identified by ``locator``.</doc>
<msg timestamp="20230804 13:09:35.597" level="INFO">Clicking element '//*[@id="s2id_customFilter"]'.</msg>
<status status="PASS" starttime="20230804 13:09:35.597" endtime="20230804 13:09:35.747"/>
</kw>
<kw name="Wait Until Element Is Visible" library="SeleniumLibrary">
<arg>${campoFila}</arg>
<doc>Waits until the element ``locator`` is visible.</doc>
<status status="PASS" starttime="20230804 13:09:35.747" endtime="20230804 13:09:35.787"/>
</kw>
<kw name="Input Text" library="SeleniumLibrary">
<arg>${campoFila}</arg>
<arg>${fila}</arg>
<doc>Types the given ``text`` into the text field identified by ``locator``.</doc>
<msg timestamp="20230804 13:09:35.790" level="INFO">Typing text '16.2' into text field '//div[@class='select2-search']/input[@type='text']'.</msg>
<status status="PASS" starttime="20230804 13:09:35.788" endtime="20230804 13:09:35.887"/>
</kw>
<kw name="Press Key" library="SeleniumLibrary">
<arg>${campoFila}</arg>
<arg>\\13</arg>
<doc>*DEPRECATED in SeleniumLibrary 4.0.* use `Press Keys` instead.</doc>
<msg timestamp="20230804 13:09:35.888" level="WARN">Keyword 'SeleniumLibrary.Press Key' is deprecated. use `Press Keys` instead.</msg>
<status status="PASS" starttime="20230804 13:09:35.888" endtime="20230804 13:09:41.655"/>
</kw>
<kw name="Wait Until Element Is Visible" library="SeleniumLibrary">
<arg>${selecionarTodos}</arg>
<doc>Waits until the element ``locator`` is visible.</doc>
<status status="PASS" starttime="20230804 13:09:41.656" endtime="20230804 13:09:41.681"/>
</kw>
<kw name="Click Element" library="SeleniumLibrary">
<arg>${selecionarTodos}</arg>
<doc>Click the element identified by ``locator``.</doc>
<msg timestamp="20230804 13:09:41.682" level="INFO">Clicking element '//*[@id="listViewEntriesMainCheckBox"]'.</msg>
<status status="PASS" starttime="20230804 13:09:41.681" endtime="20230804 13:09:41.739"/>
</kw>
<kw name="Sleep" library="BuiltIn">
<arg>10s</arg>
<doc>Pauses the test executed for the given time.</doc>
<msg timestamp="20230804 13:09:51.740" level="INFO">Slept 10 seconds</msg>
<status status="PASS" starttime="20230804 13:09:41.739" endtime="20230804 13:09:51.740"/>
</kw>
<status status="PASS" starttime="20230804 13:09:35.574" endtime="20230804 13:09:51.741"/>
</iter>
<iter>
<var name="${fila}">22</var>
<kw name="Wait Until Element Is Visible" library="SeleniumLibrary">
<arg>${dropDown}</arg>
<arg>20</arg>
<doc>Waits until the element ``locator`` is visible.</doc>
<status status="PASS" starttime="20230804 13:09:51.742" endtime="20230804 13:09:51.785"/>
</kw>
<kw name="Click Element" library="SeleniumLibrary">
<arg>${dropDown}</arg>
<doc>Click the element identified by ``locator``.</doc>
<msg timestamp="20230804 13:09:51.786" level="INFO">Clicking element '//*[@id="s2id_customFilter"]'.</msg>
<status status="PASS" starttime="20230804 13:09:51.786" endtime="20230804 13:09:51.841"/>
</kw>
<kw name="Wait Until Element Is Visible" library="SeleniumLibrary">
<arg>${campoFila}</arg>
<doc>Waits until the element ``locator`` is visible.</doc>
<status status="PASS" starttime="20230804 13:09:51.842" endtime="20230804 13:09:51.873"/>
</kw>
<kw name="Input Text" library="SeleniumLibrary">
<arg>${campoFila}</arg>
<arg>${fila}</arg>
<doc>Types the given ``text`` into the text field identified by ``locator``.</doc>
<msg timestamp="20230804 13:09:51.874" level="INFO">Typing text '22' into text field '//div[@class='select2-search']/input[@type='text']'.</msg>
<status status="PASS" starttime="20230804 13:09:51.874" endtime="20230804 13:09:51.953"/>
</kw>
<kw name="Press Key" library="SeleniumLibrary">
<arg>${campoFila}</arg>
<arg>\\13</arg>
<doc>*DEPRECATED in SeleniumLibrary 4.0.* use `Press Keys` instead.</doc>
<msg timestamp="20230804 13:09:51.955" level="WARN">Keyword 'SeleniumLibrary.Press Key' is deprecated. use `Press Keys` instead.</msg>
<status status="PASS" starttime="20230804 13:09:51.954" endtime="20230804 13:09:56.107"/>
</kw>
<kw name="Wait Until Element Is Visible" library="SeleniumLibrary">
<arg>${selecionarTodos}</arg>
<doc>Waits until the element ``locator`` is visible.</doc>
<status status="PASS" starttime="20230804 13:09:56.108" endtime="20230804 13:09:56.135"/>
</kw>
<kw name="Click Element" library="SeleniumLibrary">
<arg>${selecionarTodos}</arg>
<doc>Click the element identified by ``locator``.</doc>
<msg timestamp="20230804 13:09:56.139" level="INFO">Clicking element '//*[@id="listViewEntriesMainCheckBox"]'.</msg>
<status status="PASS" starttime="20230804 13:09:56.136" endtime="20230804 13:09:56.192"/>
</kw>
<kw name="Sleep" library="BuiltIn">
<arg>10s</arg>
<doc>Pauses the test executed for the given time.</doc>
<msg timestamp="20230804 13:10:06.194" level="INFO">Slept 10 seconds</msg>
<status status="PASS" starttime="20230804 13:09:56.193" endtime="20230804 13:10:06.194"/>
</kw>
<status status="PASS" starttime="20230804 13:09:51.741" endtime="20230804 13:10:06.195"/>
</iter>
<status status="PASS" starttime="20230804 13:08:34.094" endtime="20230804 13:10:06.196"/>
</for>
<status status="PASS" starttime="20230804 13:08:34.091" endtime="20230804 13:10:06.196"/>
</iter>
<iter>
<kw name="Create List" library="BuiltIn">
<var>@{filas}</var>
<arg>01</arg>
<arg>02</arg>
<arg>04</arg>
<arg>16.1</arg>
<arg>16.2</arg>
<arg>22</arg>
<doc>Returns a list containing given items.</doc>
<msg timestamp="20230804 13:10:06.202" level="INFO">@{filas} = [ 01 | 02 | 04 | 16.1 | 16.2 | 22 ]</msg>
<status status="PASS" starttime="20230804 13:10:06.197" endtime="20230804 13:10:06.203"/>
</kw>
<for flavor="IN">
<var>${fila}</var>
<value>@{filas}</value>
<iter>
<var name="${fila}">01</var>
<kw name="Wait Until Element Is Visible" library="SeleniumLibrary">
<arg>${dropDown}</arg>
<arg>20</arg>
<doc>Waits until the element ``locator`` is visible.</doc>
<status status="PASS" starttime="20230804 13:10:06.206" endtime="20230804 13:10:06.246"/>
</kw>
<kw name="Click Element" library="SeleniumLibrary">
<arg>${dropDown}</arg>
<doc>Click the element identified by ``locator``.</doc>
<msg timestamp="20230804 13:10:06.246" level="INFO">Clicking element '//*[@id="s2id_customFilter"]'.</msg>
<status status="PASS" starttime="20230804 13:10:06.246" endtime="20230804 13:10:06.321"/>
</kw>
<kw name="Wait Until Element Is Visible" library="SeleniumLibrary">
<arg>${campoFila}</arg>
<doc>Waits until the element ``locator`` is visible.</doc>
<status status="PASS" starttime="20230804 13:10:06.321" endtime="20230804 13:10:06.376"/>
</kw>
<kw name="Input Text" library="SeleniumLibrary">
<arg>${campoFila}</arg>
<arg>${fila}</arg>
<doc>Types the given ``text`` into the text field identified by ``locator``.</doc>
<msg timestamp="20230804 13:10:06.377" level="INFO">Typing text '01' into text field '//div[@class='select2-search']/input[@type='text']'.</msg>
<status status="PASS" starttime="20230804 13:10:06.376" endtime="20230804 13:10:06.455"/>
</kw>
<kw name="Press Key" library="SeleniumLibrary">
<arg>${campoFila}</arg>
<arg>\\13</arg>
<doc>*DEPRECATED in SeleniumLibrary 4.0.* use `Press Keys` instead.</doc>
<msg timestamp="20230804 13:10:06.456" level="WARN">Keyword 'SeleniumLibrary.Press Key' is deprecated. use `Press Keys` instead.</msg>
<status status="PASS" starttime="20230804 13:10:06.455" endtime="20230804 13:10:13.260"/>
</kw>
<kw name="Wait Until Element Is Visible" library="SeleniumLibrary">
<arg>${selecionarTodos}</arg>
<doc>Waits until the element ``locator`` is visible.</doc>
<status status="PASS" starttime="20230804 13:10:13.260" endtime="20230804 13:10:13.293"/>
</kw>
<kw name="Click Element" library="SeleniumLibrary">
<arg>${selecionarTodos}</arg>
<doc>Click the element identified by ``locator``.</doc>
<msg timestamp="20230804 13:10:13.294" level="INFO">Clicking element '//*[@id="listViewEntriesMainCheckBox"]'.</msg>
<status status="PASS" starttime="20230804 13:10:13.293" endtime="20230804 13:10:13.362"/>
</kw>
<kw name="Sleep" library="BuiltIn">
<arg>10s</arg>
<doc>Pauses the test executed for the given time.</doc>
<msg timestamp="20230804 13:10:23.363" level="INFO">Slept 10 seconds</msg>
<status status="PASS" starttime="20230804 13:10:13.362" endtime="20230804 13:10:23.365"/>
</kw>
<status status="PASS" starttime="20230804 13:10:06.205" endtime="20230804 13:10:23.368"/>
</iter>
<iter>
<var name="${fila}">02</var>
<kw name="Wait Until Element Is Visible" library="SeleniumLibrary">
<arg>${dropDown}</arg>
<arg>20</arg>
<doc>Waits until the element ``locator`` is visible.</doc>
<status status="PASS" starttime="20230804 13:10:23.368" endtime="20230804 13:10:23.397"/>
</kw>
<kw name="Click Element" library="SeleniumLibrary">
<arg>${dropDown}</arg>
<doc>Click the element identified by ``locator``.</doc>
<msg timestamp="20230804 13:10:23.399" level="INFO">Clicking element '//*[@id="s2id_customFilter"]'.</msg>
<status status="PASS" starttime="20230804 13:10:23.398" endtime="20230804 13:10:23.496"/>
</kw>
<kw name="Wait Until Element Is Visible" library="SeleniumLibrary">
<arg>${campoFila}</arg>
<doc>Waits until the element ``locator`` is visible.</doc>
<status status="PASS" starttime="20230804 13:10:23.497" endtime="20230804 13:10:23.527"/>
</kw>
<kw name="Input Text" library="SeleniumLibrary">
<arg>${campoFila}</arg>
<arg>${fila}</arg>
<doc>Types the given ``text`` into the text field identified by ``locator``.</doc>
<msg timestamp="20230804 13:10:23.528" level="INFO">Typing text '02' into text field '//div[@class='select2-search']/input[@type='text']'.</msg>
<status status="PASS" starttime="20230804 13:10:23.528" endtime="20230804 13:10:23.677"/>
</kw>
<kw name="Press Key" library="SeleniumLibrary">
<arg>${campoFila}</arg>
<arg>\\13</arg>
<doc>*DEPRECATED in SeleniumLibrary 4.0.* use `Press Keys` instead.</doc>
<msg timestamp="20230804 13:10:23.678" level="WARN">Keyword 'SeleniumLibrary.Press Key' is deprecated. use `Press Keys` instead.</msg>
<status status="PASS" starttime="20230804 13:10:23.677" endtime="20230804 13:10:32.142"/>
</kw>
<kw name="Wait Until Element Is Visible" library="SeleniumLibrary">
<arg>${selecionarTodos}</arg>
<doc>Waits until the element ``locator`` is visible.</doc>
<status status="PASS" starttime="20230804 13:10:32.142" endtime="20230804 13:10:32.173"/>
</kw>
<kw name="Click Element" library="SeleniumLibrary">
<arg>${selecionarTodos}</arg>
<doc>Click the element identified by ``locator``.</doc>
<msg timestamp="20230804 13:10:32.174" level="INFO">Clicking element '//*[@id="listViewEntriesMainCheckBox"]'.</msg>
<status status="PASS" starttime="20230804 13:10:32.173" endtime="20230804 13:10:32.237"/>
</kw>
<kw name="Sleep" library="BuiltIn">
<arg>10s</arg>
<doc>Pauses the test executed for the given time.</doc>
<msg timestamp="20230804 13:10:42.238" level="INFO">Slept 10 seconds</msg>
<status status="PASS" starttime="20230804 13:10:32.237" endtime="20230804 13:10:42.239"/>
</kw>
<status status="PASS" starttime="20230804 13:10:23.368" endtime="20230804 13:10:42.239"/>
</iter>
<iter>
<var name="${fila}">04</var>
<kw name="Wait Until Element Is Visible" library="SeleniumLibrary">
<arg>${dropDown}</arg>
<arg>20</arg>
<doc>Waits until the element ``locator`` is visible.</doc>
<status status="PASS" starttime="20230804 13:10:42.240" endtime="20230804 13:10:42.286"/>
</kw>
<kw name="Click Element" library="SeleniumLibrary">
<arg>${dropDown}</arg>
<doc>Click the element identified by ``locator``.</doc>
<msg timestamp="20230804 13:10:42.287" level="INFO">Clicking element '//*[@id="s2id_customFilter"]'.</msg>
<status status="PASS" starttime="20230804 13:10:42.287" endtime="20230804 13:10:42.370"/>
</kw>
<kw name="Wait Until Element Is Visible" library="SeleniumLibrary">
<arg>${campoFila}</arg>
<doc>Waits until the element ``locator`` is visible.</doc>
<status status="PASS" starttime="20230804 13:10:42.370" endtime="20230804 13:10:42.392"/>
</kw>
<kw name="Input Text" library="SeleniumLibrary">
<arg>${campoFila}</arg>
<arg>${fila}</arg>
<doc>Types the given ``text`` into the text field identified by ``locator``.</doc>
<msg timestamp="20230804 13:10:42.393" level="INFO">Typing text '04' into text field '//div[@class='select2-search']/input[@type='text']'.</msg>
<status status="PASS" starttime="20230804 13:10:42.392" endtime="20230804 13:10:42.469"/>
</kw>
<kw name="Press Key" library="SeleniumLibrary">
<arg>${campoFila}</arg>
<arg>\\13</arg>
<doc>*DEPRECATED in SeleniumLibrary 4.0.* use `Press Keys` instead.</doc>
<msg timestamp="20230804 13:10:42.470" level="WARN">Keyword 'SeleniumLibrary.Press Key' is deprecated. use `Press Keys` instead.</msg>
<status status="PASS" starttime="20230804 13:10:42.470" endtime="20230804 13:10:49.641"/>
</kw>
<kw name="Wait Until Element Is Visible" library="SeleniumLibrary">
<arg>${selecionarTodos}</arg>
<doc>Waits until the element ``locator`` is visible.</doc>
<status status="PASS" starttime="20230804 13:10:49.642" endtime="20230804 13:10:49.673"/>
</kw>
<kw name="Click Element" library="SeleniumLibrary">
<arg>${selecionarTodos}</arg>
<doc>Click the element identified by ``locator``.</doc>
<msg timestamp="20230804 13:10:49.674" level="INFO">Clicking element '//*[@id="listViewEntriesMainCheckBox"]'.</msg>
<status status="PASS" starttime="20230804 13:10:49.673" endtime="20230804 13:10:49.755"/>
</kw>
<kw name="Sleep" library="BuiltIn">
<arg>10s</arg>
<doc>Pauses the test executed for the given time.</doc>
<msg timestamp="20230804 13:10:59.755" level="INFO">Slept 10 seconds</msg>
<status status="PASS" starttime="20230804 13:10:49.755" endtime="20230804 13:10:59.755"/>
</kw>
<status status="PASS" starttime="20230804 13:10:42.240" endtime="20230804 13:10:59.756"/>
</iter>
<iter>
<var name="${fila}">16.1</var>
<kw name="Wait Until Element Is Visible" library="SeleniumLibrary">
<arg>${dropDown}</arg>
<arg>20</arg>
<doc>Waits until the element ``locator`` is visible.</doc>
<status status="PASS" starttime="20230804 13:10:59.757" endtime="20230804 13:10:59.799"/>
</kw>
<kw name="Click Element" library="SeleniumLibrary">
<arg>${dropDown}</arg>
<doc>Click the element identified by ``locator``.</doc>
<msg timestamp="20230804 13:10:59.800" level="INFO">Clicking element '//*[@id="s2id_customFilter"]'.</msg>
<status status="PASS" starttime="20230804 13:10:59.800" endtime="20230804 13:10:59.859"/>
</kw>
<kw name="Wait Until Element Is Visible" library="SeleniumLibrary">
<arg>${campoFila}</arg>
<doc>Waits until the element ``locator`` is visible.</doc>
<status status="PASS" starttime="20230804 13:10:59.859" endtime="20230804 13:10:59.893"/>
</kw>
<kw name="Input Text" library="SeleniumLibrary">
<arg>${campoFila}</arg>
<arg>${fila}</arg>
<doc>Types the given ``text`` into the text field identified by ``locator``.</doc>
<msg timestamp="20230804 13:10:59.894" level="INFO">Typing text '16.1' into text field '//div[@class='select2-search']/input[@type='text']'.</msg>
<status status="PASS" starttime="20230804 13:10:59.893" endtime="20230804 13:11:00.018"/>
</kw>
<kw name="Press Key" library="SeleniumLibrary">
<arg>${campoFila}</arg>
<arg>\\13</arg>
<doc>*DEPRECATED in SeleniumLibrary 4.0.* use `Press Keys` instead.</doc>
<msg timestamp="20230804 13:11:00.019" level="WARN">Keyword 'SeleniumLibrary.Press Key' is deprecated. use `Press Keys` instead.</msg>
<status status="PASS" starttime="20230804 13:11:00.019" endtime="20230804 13:11:06.152"/>
</kw>
<kw name="Wait Until Element Is Visible" library="SeleniumLibrary">
<arg>${selecionarTodos}</arg>
<doc>Waits until the element ``locator`` is visible.</doc>
<status status="PASS" starttime="20230804 13:11:06.153" endtime="20230804 13:11:06.176"/>
</kw>
<kw name="Click Element" library="SeleniumLibrary">
<arg>${selecionarTodos}</arg>
<doc>Click the element identified by ``locator``.</doc>
<msg timestamp="20230804 13:11:06.178" level="INFO">Clicking element '//*[@id="listViewEntriesMainCheckBox"]'.</msg>
<status status="PASS" starttime="20230804 13:11:06.176" endtime="20230804 13:11:06.226"/>
</kw>
<kw name="Sleep" library="BuiltIn">
<arg>10s</arg>
<doc>Pauses the test executed for the given time.</doc>
<msg timestamp="20230804 13:11:16.226" level="INFO">Slept 10 seconds</msg>
<status status="PASS" starttime="20230804 13:11:06.226" endtime="20230804 13:11:16.226"/>
</kw>
<status status="PASS" starttime="20230804 13:10:59.756" endtime="20230804 13:11:16.227"/>
</iter>
<iter>
<var name="${fila}">16.2</var>
<kw name="Wait Until Element Is Visible" library="SeleniumLibrary">
<arg>${dropDown}</arg>
<arg>20</arg>
<doc>Waits until the element ``locator`` is visible.</doc>
<status status="PASS" starttime="20230804 13:11:16.233" endtime="20230804 13:11:16.272"/>
</kw>
<kw name="Click Element" library="SeleniumLibrary">
<arg>${dropDown}</arg>
<doc>Click the element identified by ``locator``.</doc>
<msg timestamp="20230804 13:11:16.273" level="INFO">Clicking element '//*[@id="s2id_customFilter"]'.</msg>
<status status="PASS" starttime="20230804 13:11:16.272" endtime="20230804 13:11:16.353"/>
</kw>
<kw name="Wait Until Element Is Visible" library="SeleniumLibrary">
<arg>${campoFila}</arg>
<doc>Waits until the element ``locator`` is visible.</doc>
<status status="PASS" starttime="20230804 13:11:16.353" endtime="20230804 13:11:16.378"/>
</kw>
<kw name="Input Text" library="SeleniumLibrary">
<arg>${campoFila}</arg>
<arg>${fila}</arg>
<doc>Types the given ``text`` into the text field identified by ``locator``.</doc>
<msg timestamp="20230804 13:11:16.380" level="INFO">Typing text '16.2' into text field '//div[@class='select2-search']/input[@type='text']'.</msg>
<status status="PASS" starttime="20230804 13:11:16.378" endtime="20230804 13:11:16.467"/>
</kw>
<kw name="Press Key" library="SeleniumLibrary">
<arg>${campoFila}</arg>
<arg>\\13</arg>
<doc>*DEPRECATED in SeleniumLibrary 4.0.* use `Press Keys` instead.</doc>
<msg timestamp="20230804 13:11:16.469" level="WARN">Keyword 'SeleniumLibrary.Press Key' is deprecated. use `Press Keys` instead.</msg>
<status status="PASS" starttime="20230804 13:11:16.467" endtime="20230804 13:11:22.229"/>
</kw>
<kw name="Wait Until Element Is Visible" library="SeleniumLibrary">
<arg>${selecionarTodos}</arg>
<doc>Waits until the element ``locator`` is visible.</doc>
<status status="PASS" starttime="20230804 13:11:22.230" endtime="20230804 13:11:22.268"/>
</kw>
<kw name="Click Element" library="SeleniumLibrary">
<arg>${selecionarTodos}</arg>
<doc>Click the element identified by ``locator``.</doc>
<msg timestamp="20230804 13:11:22.269" level="INFO">Clicking element '//*[@id="listViewEntriesMainCheckBox"]'.</msg>
<status status="PASS" starttime="20230804 13:11:22.268" endtime="20230804 13:11:22.322"/>
</kw>
<kw name="Sleep" library="BuiltIn">
<arg>10s</arg>
<doc>Pauses the test executed for the given time.</doc>
<msg timestamp="20230804 13:11:32.325" level="INFO">Slept 10 seconds</msg>
<status status="PASS" starttime="20230804 13:11:22.322" endtime="20230804 13:11:32.332"/>
</kw>
<status status="PASS" starttime="20230804 13:11:16.231" endtime="20230804 13:11:32.334"/>
</iter>
<iter>
<var name="${fila}">22</var>
<kw name="Wait Until Element Is Visible" library="SeleniumLibrary">
<arg>${dropDown}</arg>
<arg>20</arg>
<doc>Waits until the element ``locator`` is visible.</doc>
<status status="PASS" starttime="20230804 13:11:32.336" endtime="20230804 13:11:32.365"/>
</kw>
<kw name="Click Element" library="SeleniumLibrary">
<arg>${dropDown}</arg>
<doc>Click the element identified by ``locator``.</doc>
<msg timestamp="20230804 13:11:32.366" level="INFO">Clicking element '//*[@id="s2id_customFilter"]'.</msg>
<status status="PASS" starttime="20230804 13:11:32.365" endtime="20230804 13:11:32.441"/>
</kw>
<kw name="Wait Until Element Is Visible" library="SeleniumLibrary">
<arg>${campoFila}</arg>
<doc>Waits until the element ``locator`` is visible.</doc>
<status status="PASS" starttime="20230804 13:11:32.441" endtime="20230804 13:11:32.467"/>
</kw>
<kw name="Input Text" library="SeleniumLibrary">
<arg>${campoFila}</arg>
<arg>${fila}</arg>
<doc>Types the given ``text`` into the text field identified by ``locator``.</doc>
<msg timestamp="20230804 13:11:32.468" level="INFO">Typing text '22' into text field '//div[@class='select2-search']/input[@type='text']'.</msg>
<status status="PASS" starttime="20230804 13:11:32.467" endtime="20230804 13:11:32.553"/>
</kw>
<kw name="Press Key" library="SeleniumLibrary">
<arg>${campoFila}</arg>
<arg>\\13</arg>
<doc>*DEPRECATED in SeleniumLibrary 4.0.* use `Press Keys` instead.</doc>
<msg timestamp="20230804 13:11:32.554" level="WARN">Keyword 'SeleniumLibrary.Press Key' is deprecated. use `Press Keys` instead.</msg>
<status status="PASS" starttime="20230804 13:11:32.553" endtime="20230804 13:11:36.654"/>
</kw>
<kw name="Wait Until Element Is Visible" library="SeleniumLibrary">
<arg>${selecionarTodos}</arg>
<doc>Waits until the element ``locator`` is visible.</doc>
<status status="PASS" starttime="20230804 13:11:36.655" endtime="20230804 13:11:36.688"/>
</kw>
<kw name="Click Element" library="SeleniumLibrary">
<arg>${selecionarTodos}</arg>
<doc>Click the element identified by ``locator``.</doc>
<msg timestamp="20230804 13:11:36.689" level="INFO">Clicking element '//*[@id="listViewEntriesMainCheckBox"]'.</msg>
<status status="PASS" starttime="20230804 13:11:36.689" endtime="20230804 13:11:36.742"/>
</kw>
<kw name="Sleep" library="BuiltIn">
<arg>10s</arg>
<doc>Pauses the test executed for the given time.</doc>
<msg timestamp="20230804 13:11:46.742" level="INFO">Slept 10 seconds</msg>
<status status="PASS" starttime="20230804 13:11:36.742" endtime="20230804 13:11:46.742"/>
</kw>
<status status="PASS" starttime="20230804 13:11:32.335" endtime="20230804 13:11:46.747"/>
</iter>
<status status="PASS" starttime="20230804 13:10:06.204" endtime="20230804 13:11:46.747"/>
</for>
<status status="PASS" starttime="20230804 13:10:06.196" endtime="20230804 13:11:46.747"/>
</iter>
<iter>
<kw name="Create List" library="BuiltIn">
<var>@{filas}</var>
<arg>01</arg>
<arg>02</arg>
<arg>04</arg>
<arg>16.1</arg>
<arg>16.2</arg>
<arg>22</arg>
<doc>Returns a list containing given items.</doc>
<msg timestamp="20230804 13:11:46.751" level="INFO">@{filas} = [ 01 | 02 | 04 | 16.1 | 16.2 | 22 ]</msg>
<status status="PASS" starttime="20230804 13:11:46.750" endtime="20230804 13:11:46.751"/>
</kw>
<for flavor="IN">
<var>${fila}</var>
<value>@{filas}</value>
<iter>
<var name="${fila}">01</var>
<kw name="Wait Until Element Is Visible" library="SeleniumLibrary">
<arg>${dropDown}</arg>
<arg>20</arg>
<doc>Waits until the element ``locator`` is visible.</doc>
<status status="PASS" starttime="20230804 13:11:46.753" endtime="20230804 13:11:46.784"/>
</kw>
<kw name="Click Element" library="SeleniumLibrary">
<arg>${dropDown}</arg>
<doc>Click the element identified by ``locator``.</doc>
<msg timestamp="20230804 13:11:46.785" level="INFO">Clicking element '//*[@id="s2id_customFilter"]'.</msg>
<status status="PASS" starttime="20230804 13:11:46.785" endtime="20230804 13:11:46.840"/>
</kw>
<kw name="Wait Until Element Is Visible" library="SeleniumLibrary">
<arg>${campoFila}</arg>
<doc>Waits until the element ``locator`` is visible.</doc>
<status status="PASS" starttime="20230804 13:11:46.840" endtime="20230804 13:11:46.870"/>
</kw>
<kw name="Input Text" library="SeleniumLibrary">
<arg>${campoFila}</arg>
<arg>${fila}</arg>
<doc>Types the given ``text`` into the text field identified by ``locator``.</doc>
<msg timestamp="20230804 13:11:46.872" level="INFO">Typing text '01' into text field '//div[@class='select2-search']/input[@type='text']'.</msg>
<status status="PASS" starttime="20230804 13:11:46.871" endtime="20230804 13:11:46.957"/>
</kw>
<kw name="Press Key" library="SeleniumLibrary">
<arg>${campoFila}</arg>
<arg>\\13</arg>
<doc>*DEPRECATED in SeleniumLibrary 4.0.* use `Press Keys` instead.</doc>
<msg timestamp="20230804 13:11:46.957" level="WARN">Keyword 'SeleniumLibrary.Press Key' is deprecated. use `Press Keys` instead.</msg>
<status status="PASS" starttime="20230804 13:11:46.957" endtime="20230804 13:11:51.235"/>
</kw>
<kw name="Wait Until Element Is Visible" library="SeleniumLibrary">
<arg>${selecionarTodos}</arg>
<doc>Waits until the element ``locator`` is visible.</doc>
<status status="PASS" starttime="20230804 13:11:51.235" endtime="20230804 13:11:51.269"/>
</kw>
<kw name="Click Element" library="SeleniumLibrary">
<arg>${selecionarTodos}</arg>
<doc>Click the element identified by ``locator``.</doc>
<msg timestamp="20230804 13:11:51.269" level="INFO">Clicking element '//*[@id="listViewEntriesMainCheckBox"]'.</msg>
<status status="PASS" starttime="20230804 13:11:51.269" endtime="20230804 13:11:51.339"/>
</kw>
<kw name="Sleep" library="BuiltIn">
<arg>10s</arg>
<doc>Pauses the test executed for the given time.</doc>
<msg timestamp="20230804 13:12:01.340" level="INFO">Slept 10 seconds</msg>
<status status="PASS" starttime="20230804 13:11:51.340" endtime="20230804 13:12:01.341"/>
</kw>
<status status="PASS" starttime="20230804 13:11:46.752" endtime="20230804 13:12:01.341"/>
</iter>
<iter>
<var name="${fila}">02</var>
<kw name="Wait Until Element Is Visible" library="SeleniumLibrary">
<arg>${dropDown}</arg>
<arg>20</arg>
<doc>Waits until the element ``locator`` is visible.</doc>
<status status="PASS" starttime="20230804 13:12:01.346" endtime="20230804 13:12:01.369"/>
</kw>
<kw name="Click Element" library="SeleniumLibrary">
<arg>${dropDown}</arg>
<doc>Click the element identified by ``locator``.</doc>
<msg timestamp="20230804 13:12:01.369" level="INFO">Clicking element '//*[@id="s2id_customFilter"]'.</msg>
<status status="PASS" starttime="20230804 13:12:01.369" endtime="20230804 13:12:01.431"/>
</kw>
<kw name="Wait Until Element Is Visible" library="SeleniumLibrary">
<arg>${campoFila}</arg>
<doc>Waits until the element ``locator`` is visible.</doc>
<status status="PASS" starttime="20230804 13:12:01.431" endtime="20230804 13:12:01.457"/>
</kw>
<kw name="Input Text" library="SeleniumLibrary">
<arg>${campoFila}</arg>
<arg>${fila}</arg>
<doc>Types the given ``text`` into the text field identified by ``locator``.</doc>
<msg timestamp="20230804 13:12:01.458" level="INFO">Typing text '02' into text field '//div[@class='select2-search']/input[@type='text']'.</msg>
<status status="PASS" starttime="20230804 13:12:01.457" endtime="20230804 13:12:01.547"/>
</kw>
<kw name="Press Key" library="SeleniumLibrary">
<arg>${campoFila}</arg>
<arg>\\13</arg>
<doc>*DEPRECATED in SeleniumLibrary 4.0.* use `Press Keys` instead.</doc>
<msg timestamp="20230804 13:12:01.548" level="WARN">Keyword 'SeleniumLibrary.Press Key' is deprecated. use `Press Keys` instead.</msg>
<status status="PASS" starttime="20230804 13:12:01.548" endtime="20230804 13:12:06.169"/>
</kw>
<kw name="Wait Until Element Is Visible" library="SeleniumLibrary">
<arg>${selecionarTodos}</arg>
<doc>Waits until the element ``locator`` is visible.</doc>
<status status="PASS" starttime="20230804 13:12:06.169" endtime="20230804 13:12:06.210"/>
</kw>
<kw name="Click Element" library="SeleniumLibrary">
<arg>${selecionarTodos}</arg>
<doc>Click the element identified by ``locator``.</doc>
<msg timestamp="20230804 13:12:06.211" level="INFO">Clicking element '//*[@id="listViewEntriesMainCheckBox"]'.</msg>
<status status="PASS" starttime="20230804 13:12:06.210" endtime="20230804 13:12:06.274"/>
</kw>
<kw name="Sleep" library="BuiltIn">
<arg>10s</arg>
<doc>Pauses the test executed for the given time.</doc>
<msg timestamp="20230804 13:12:16.276" level="INFO">Slept 10 seconds</msg>
<status status="PASS" starttime="20230804 13:12:06.275" endtime="20230804 13:12:16.278"/>
</kw>
<status status="PASS" starttime="20230804 13:12:01.346" endtime="20230804 13:12:16.278"/>
</iter>
<iter>
<var name="${fila}">04</var>
<kw name="Wait Until Element Is Visible" library="SeleniumLibrary">
<arg>${dropDown}</arg>
<arg>20</arg>
<doc>Waits until the element ``locator`` is visible.</doc>
<status status="PASS" starttime="20230804 13:12:16.280" endtime="20230804 13:12:16.322"/>
</kw>
<kw name="Click Element" library="SeleniumLibrary">
<arg>${dropDown}</arg>
<doc>Click the element identified by ``locator``.</doc>
<msg timestamp="20230804 13:12:16.323" level="INFO">Clicking element '//*[@id="s2id_customFilter"]'.</msg>
<status status="PASS" starttime="20230804 13:12:16.322" endtime="20230804 13:12:16.389"/>
</kw>
<kw name="Wait Until Element Is Visible" library="SeleniumLibrary">
<arg>${campoFila}</arg>
<doc>Waits until the element ``locator`` is visible.</doc>
<status status="PASS" starttime="20230804 13:12:16.389" endtime="20230804 13:12:16.421"/>
</kw>
<kw name="Input Text" library="SeleniumLibrary">
<arg>${campoFila}</arg>
<arg>${fila}</arg>
<doc>Types the given ``text`` into the text field identified by ``locator``.</doc>
<msg timestamp="20230804 13:12:16.421" level="INFO">Typing text '04' into text field '//div[@class='select2-search']/input[@type='text']'.</msg>
<status status="PASS" starttime="20230804 13:12:16.421" endtime="20230804 13:12:16.518"/>
</kw>
<kw name="Press Key" library="SeleniumLibrary">
<arg>${campoFila}</arg>
<arg>\\13</arg>
<doc>*DEPRECATED in SeleniumLibrary 4.0.* use `Press Keys` instead.</doc>
<msg timestamp="20230804 13:12:16.519" level="WARN">Keyword 'SeleniumLibrary.Press Key' is deprecated. use `Press Keys` instead.</msg>
<status status="PASS" starttime="20230804 13:12:16.519" endtime="20230804 13:12:21.774"/>
</kw>
<kw name="Wait Until Element Is Visible" library="SeleniumLibrary">
<arg>${selecionarTodos}</arg>
<doc>Waits until the element ``locator`` is visible.</doc>
<status status="PASS" starttime="20230804 13:12:21.774" endtime="20230804 13:12:21.805"/>
</kw>
<kw name="Click Element" library="SeleniumLibrary">
<arg>${selecionarTodos}</arg>
<doc>Click the element identified by ``locator``.</doc>
<msg timestamp="20230804 13:12:21.806" level="INFO">Clicking element '//*[@id="listViewEntriesMainCheckBox"]'.</msg>
<status status="PASS" starttime="20230804 13:12:21.805" endtime="20230804 13:12:21.885"/>
</kw>
<kw name="Sleep" library="BuiltIn">
<arg>10s</arg>
<doc>Pauses the test executed for the given time.</doc>
<msg timestamp="20230804 13:12:31.888" level="INFO">Slept 10 seconds</msg>
<status status="PASS" starttime="20230804 13:12:21.885" endtime="20230804 13:12:31.888"/>
</kw>
<status status="PASS" starttime="20230804 13:12:16.279" endtime="20230804 13:12:31.888"/>
</iter>
<iter>
<var name="${fila}">16.1</var>
<kw name="Wait Until Element Is Visible" library="SeleniumLibrary">
<arg>${dropDown}</arg>
<arg>20</arg>
<doc>Waits until the element ``locator`` is visible.</doc>
<status status="PASS" starttime="20230804 13:12:31.890" endtime="20230804 13:12:31.933"/>
</kw>
<kw name="Click Element" library="SeleniumLibrary">
<arg>${dropDown}</arg>
<doc>Click the element identified by ``locator``.</doc>
<msg timestamp="20230804 13:12:31.934" level="INFO">Clicking element '//*[@id="s2id_customFilter"]'.</msg>
<status status="PASS" starttime="20230804 13:12:31.933" endtime="20230804 13:12:32.000"/>
</kw>
<kw name="Wait Until Element Is Visible" library="SeleniumLibrary">
<arg>${campoFila}</arg>
<doc>Waits until the element ``locator`` is visible.</doc>
<status status="PASS" starttime="20230804 13:12:32.000" endtime="20230804 13:12:32.033"/>
</kw>
<kw name="Input Text" library="SeleniumLibrary">
<arg>${campoFila}</arg>
<arg>${fila}</arg>
<doc>Types the given ``text`` into the text field identified by ``locator``.</doc>
<msg timestamp="20230804 13:12:32.034" level="INFO">Typing text '16.1' into text field '//div[@class='select2-search']/input[@type='text']'.</msg>
<status status="PASS" starttime="20230804 13:12:32.034" endtime="20230804 13:12:32.145"/>
</kw>
<kw name="Press Key" library="SeleniumLibrary">
<arg>${campoFila}</arg>
<arg>\\13</arg>
<doc>*DEPRECATED in SeleniumLibrary 4.0.* use `Press Keys` instead.</doc>
<msg timestamp="20230804 13:12:32.145" level="WARN">Keyword 'SeleniumLibrary.Press Key' is deprecated. use `Press Keys` instead.</msg>
<status status="PASS" starttime="20230804 13:12:32.145" endtime="20230804 13:12:37.965"/>
</kw>
<kw name="Wait Until Element Is Visible" library="SeleniumLibrary">
<arg>${selecionarTodos}</arg>
<doc>Waits until the element ``locator`` is visible.</doc>
<status status="PASS" starttime="20230804 13:12:37.966" endtime="20230804 13:12:37.991"/>
</kw>
<kw name="Click Element" library="SeleniumLibrary">
<arg>${selecionarTodos}</arg>
<doc>Click the element identified by ``locator``.</doc>
<msg timestamp="20230804 13:12:37.993" level="INFO">Clicking element '//*[@id="listViewEntriesMainCheckBox"]'.</msg>
<status status="PASS" starttime="20230804 13:12:37.992" endtime="20230804 13:12:38.054"/>
</kw>
<kw name="Sleep" library="BuiltIn">
<arg>10s</arg>
<doc>Pauses the test executed for the given time.</doc>
<msg timestamp="20230804 13:12:48.055" level="INFO">Slept 10 seconds</msg>
<status status="PASS" starttime="20230804 13:12:38.054" endtime="20230804 13:12:48.055"/>
</kw>
<status status="PASS" starttime="20230804 13:12:31.889" endtime="20230804 13:12:48.056"/>
</iter>
<iter>
<var name="${fila}">16.2</var>
<kw name="Wait Until Element Is Visible" library="SeleniumLibrary">
<arg>${dropDown}</arg>
<arg>20</arg>
<doc>Waits until the element ``locator`` is visible.</doc>
<status status="PASS" starttime="20230804 13:12:48.061" endtime="20230804 13:12:48.144"/>
</kw>
<kw name="Click Element" library="SeleniumLibrary">
<arg>${dropDown}</arg>
<doc>Click the element identified by ``locator``.</doc>
<msg timestamp="20230804 13:12:48.145" level="INFO">Clicking element '//*[@id="s2id_customFilter"]'.</msg>
<status status="PASS" starttime="20230804 13:12:48.145" endtime="20230804 13:12:48.199"/>
</kw>
<kw name="Wait Until Element Is Visible" library="SeleniumLibrary">
<arg>${campoFila}</arg>
<doc>Waits until the element ``locator`` is visible.</doc>
<status status="PASS" starttime="20230804 13:12:48.200" endtime="20230804 13:12:48.234"/>
</kw>
<kw name="Input Text" library="SeleniumLibrary">
<arg>${campoFila}</arg>
<arg>${fila}</arg>
<doc>Types the given ``text`` into the text field identified by ``locator``.</doc>
<msg timestamp="20230804 13:12:48.234" level="INFO">Typing text '16.2' into text field '//div[@class='select2-search']/input[@type='text']'.</msg>
<status status="PASS" starttime="20230804 13:12:48.234" endtime="20230804 13:12:48.332"/>
</kw>
<kw name="Press Key" library="SeleniumLibrary">
<arg>${campoFila}</arg>
<arg>\\13</arg>
<doc>*DEPRECATED in SeleniumLibrary 4.0.* use `Press Keys` instead.</doc>
<msg timestamp="20230804 13:12:48.333" level="WARN">Keyword 'SeleniumLibrary.Press Key' is deprecated. use `Press Keys` instead.</msg>
<status status="PASS" starttime="20230804 13:12:48.333" endtime="20230804 13:12:54.336"/>
</kw>
<kw name="Wait Until Element Is Visible" library="SeleniumLibrary">
<arg>${selecionarTodos}</arg>
<doc>Waits until the element ``locator`` is visible.</doc>
<status status="PASS" starttime="20230804 13:12:54.336" endtime="20230804 13:12:54.374"/>
</kw>
<kw name="Click Element" library="SeleniumLibrary">
<arg>${selecionarTodos}</arg>
<doc>Click the element identified by ``locator``.</doc>
<msg timestamp="20230804 13:12:54.375" level="INFO">Clicking element '//*[@id="listViewEntriesMainCheckBox"]'.</msg>
<status status="PASS" starttime="20230804 13:12:54.374" endtime="20230804 13:12:54.435"/>
</kw>
<kw name="Sleep" library="BuiltIn">
<arg>10s</arg>
<doc>Pauses the test executed for the given time.</doc>
<msg timestamp="20230804 13:13:04.436" level="INFO">Slept 10 seconds</msg>
<status status="PASS" starttime="20230804 13:12:54.435" endtime="20230804 13:13:04.436"/>
</kw>
<status status="PASS" starttime="20230804 13:12:48.056" endtime="20230804 13:13:04.436"/>
</iter>
<iter>
<var name="${fila}">22</var>
<kw name="Wait Until Element Is Visible" library="SeleniumLibrary">
<arg>${dropDown}</arg>
<arg>20</arg>
<doc>Waits until the element ``locator`` is visible.</doc>
<status status="PASS" starttime="20230804 13:13:04.436" endtime="20230804 13:13:04.461"/>
</kw>
<kw name="Click Element" library="SeleniumLibrary">
<arg>${dropDown}</arg>
<doc>Click the element identified by ``locator``.</doc>
<msg timestamp="20230804 13:13:04.462" level="INFO">Clicking element '//*[@id="s2id_customFilter"]'.</msg>
<status status="PASS" starttime="20230804 13:13:04.461" endtime="20230804 13:13:04.524"/>
</kw>
<kw name="Wait Until Element Is Visible" library="SeleniumLibrary">
<arg>${campoFila}</arg>
<doc>Waits until the element ``locator`` is visible.</doc>
<status status="PASS" starttime="20230804 13:13:04.525" endtime="20230804 13:13:04.557"/>
</kw>
<kw name="Input Text" library="SeleniumLibrary">
<arg>${campoFila}</arg>
<arg>${fila}</arg>
<doc>Types the given ``text`` into the text field identified by ``locator``.</doc>
<msg timestamp="20230804 13:13:04.560" level="INFO">Typing text '22' into text field '//div[@class='select2-search']/input[@type='text']'.</msg>
<status status="PASS" starttime="20230804 13:13:04.558" endtime="20230804 13:13:04.653"/>
</kw>
<kw name="Press Key" library="SeleniumLibrary">
<arg>${campoFila}</arg>
<arg>\\13</arg>
<doc>*DEPRECATED in SeleniumLibrary 4.0.* use `Press Keys` instead.</doc>
<msg timestamp="20230804 13:13:04.653" level="WARN">Keyword 'SeleniumLibrary.Press Key' is deprecated. use `Press Keys` instead.</msg>
<status status="PASS" starttime="20230804 13:13:04.653" endtime="20230804 13:13:08.919"/>
</kw>
<kw name="Wait Until Element Is Visible" library="SeleniumLibrary">
<arg>${selecionarTodos}</arg>
<doc>Waits until the element ``locator`` is visible.</doc>
<status status="PASS" starttime="20230804 13:13:08.919" endtime="20230804 13:13:08.948"/>
</kw>
<kw name="Click Element" library="SeleniumLibrary">
<arg>${selecionarTodos}</arg>
<doc>Click the element identified by ``locator``.</doc>
<msg timestamp="20230804 13:13:08.949" level="INFO">Clicking element '//*[@id="listViewEntriesMainCheckBox"]'.</msg>
<status status="PASS" starttime="20230804 13:13:08.949" endtime="20230804 13:13:09.002"/>
</kw>
<kw name="Sleep" library="BuiltIn">
<arg>10s</arg>
<doc>Pauses the test executed for the given time.</doc>
<msg timestamp="20230804 13:13:19.003" level="INFO">Slept 10 seconds</msg>
<status status="PASS" starttime="20230804 13:13:09.002" endtime="20230804 13:13:19.004"/>
</kw>
<status status="PASS" starttime="20230804 13:13:04.436" endtime="20230804 13:13:19.005"/>
</iter>
<status status="PASS" starttime="20230804 13:11:46.752" endtime="20230804 13:13:19.005"/>
</for>
<status status="PASS" starttime="20230804 13:11:46.748" endtime="20230804 13:13:19.009"/>
</iter>
<iter>
<kw name="Create List" library="BuiltIn">
<var>@{filas}</var>
<arg>01</arg>
<arg>02</arg>
<arg>04</arg>
<arg>16.1</arg>
<arg>16.2</arg>
<arg>22</arg>
<doc>Returns a list containing given items.</doc>
<msg timestamp="20230804 13:13:19.014" level="INFO">@{filas} = [ 01 | 02 | 04 | 16.1 | 16.2 | 22 ]</msg>
<status status="PASS" starttime="20230804 13:13:19.012" endtime="20230804 13:13:19.014"/>
</kw>
<for flavor="IN">
<var>${fila}</var>
<value>@{filas}</value>
<iter>
<var name="${fila}">01</var>
<kw name="Wait Until Element Is Visible" library="SeleniumLibrary">
<arg>${dropDown}</arg>
<arg>20</arg>
<doc>Waits until the element ``locator`` is visible.</doc>
<status status="PASS" starttime="20230804 13:13:19.016" endtime="20230804 13:13:19.043"/>
</kw>
<kw name="Click Element" library="SeleniumLibrary">
<arg>${dropDown}</arg>
<doc>Click the element identified by ``locator``.</doc>
<msg timestamp="20230804 13:13:19.044" level="INFO">Clicking element '//*[@id="s2id_customFilter"]'.</msg>
<status status="PASS" starttime="20230804 13:13:19.043" endtime="20230804 13:13:19.097"/>
</kw>
<kw name="Wait Until Element Is Visible" library="SeleniumLibrary">
<arg>${campoFila}</arg>
<doc>Waits until the element ``locator`` is visible.</doc>
<status status="PASS" starttime="20230804 13:13:19.098" endtime="20230804 13:13:19.129"/>
</kw>
<kw name="Input Text" library="SeleniumLibrary">
<arg>${campoFila}</arg>
<arg>${fila}</arg>
<doc>Types the given ``text`` into the text field identified by ``locator``.</doc>
<msg timestamp="20230804 13:13:19.131" level="INFO">Typing text '01' into text field '//div[@class='select2-search']/input[@type='text']'.</msg>
<status status="PASS" starttime="20230804 13:13:19.129" endtime="20230804 13:13:19.219"/>
</kw>
<kw name="Press Key" library="SeleniumLibrary">
<arg>${campoFila}</arg>
<arg>\\13</arg>
<doc>*DEPRECATED in SeleniumLibrary 4.0.* use `Press Keys` instead.</doc>
<msg timestamp="20230804 13:13:19.220" level="WARN">Keyword 'SeleniumLibrary.Press Key' is deprecated. use `Press Keys` instead.</msg>
<status status="PASS" starttime="20230804 13:13:19.219" endtime="20230804 13:13:23.566"/>
</kw>
<kw name="Wait Until Element Is Visible" library="SeleniumLibrary">
<arg>${selecionarTodos}</arg>
<doc>Waits until the element ``locator`` is visible.</doc>
<status status="PASS" starttime="20230804 13:13:23.567" endtime="20230804 13:13:23.594"/>
</kw>
<kw name="Click Element" library="SeleniumLibrary">
<arg>${selecionarTodos}</arg>
<doc>Click the element identified by ``locator``.</doc>
<msg timestamp="20230804 13:13:23.596" level="INFO">Clicking element '//*[@id="listViewEntriesMainCheckBox"]'.</msg>
<status status="PASS" starttime="20230804 13:13:23.596" endtime="20230804 13:13:23.654"/>
</kw>
<kw name="Sleep" library="BuiltIn">
<arg>10s</arg>
<doc>Pauses the test executed for the given time.</doc>
<msg timestamp="20230804 13:13:33.657" level="INFO">Slept 10 seconds</msg>
<status status="PASS" starttime="20230804 13:13:23.655" endtime="20230804 13:13:33.658"/>
</kw>
<status status="PASS" starttime="20230804 13:13:19.016" endtime="20230804 13:13:33.659"/>
</iter>
<iter>
<var name="${fila}">02</var>
<kw name="Wait Until Element Is Visible" library="SeleniumLibrary">
<arg>${dropDown}</arg>
<arg>20</arg>
<doc>Waits until the element ``locator`` is visible.</doc>
<status status="PASS" starttime="20230804 13:13:33.660" endtime="20230804 13:13:33.702"/>
</kw>
<kw name="Click Element" library="SeleniumLibrary">
<arg>${dropDown}</arg>
<doc>Click the element identified by ``locator``.</doc>
<msg timestamp="20230804 13:13:33.703" level="INFO">Clicking element '//*[@id="s2id_customFilter"]'.</msg>
<status status="PASS" starttime="20230804 13:13:33.702" endtime="20230804 13:13:33.768"/>
</kw>
<kw name="Wait Until Element Is Visible" library="SeleniumLibrary">
<arg>${campoFila}</arg>
<doc>Waits until the element ``locator`` is visible.</doc>
<status status="PASS" starttime="20230804 13:13:33.769" endtime="20230804 13:13:33.798"/>
</kw>
<kw name="Input Text" library="SeleniumLibrary">
<arg>${campoFila}</arg>
<arg>${fila}</arg>
<doc>Types the given ``text`` into the text field identified by ``locator``.</doc>
<msg timestamp="20230804 13:13:33.799" level="INFO">Typing text '02' into text field '//div[@class='select2-search']/input[@type='text']'.</msg>
<status status="PASS" starttime="20230804 13:13:33.799" endtime="20230804 13:13:33.875"/>
</kw>
<kw name="Press Key" library="SeleniumLibrary">
<arg>${campoFila}</arg>
<arg>\\13</arg>
<doc>*DEPRECATED in SeleniumLibrary 4.0.* use `Press Keys` instead.</doc>
<msg timestamp="20230804 13:13:33.877" level="WARN">Keyword 'SeleniumLibrary.Press Key' is deprecated. use `Press Keys` instead.</msg>
<status status="PASS" starttime="20230804 13:13:33.876" endtime="20230804 13:13:38.038"/>
</kw>
<kw name="Wait Until Element Is Visible" library="SeleniumLibrary">
<arg>${selecionarTodos}</arg>
<doc>Waits until the element ``locator`` is visible.</doc>
<status status="PASS" starttime="20230804 13:13:38.040" endtime="20230804 13:13:38.068"/>
</kw>
<kw name="Click Element" library="SeleniumLibrary">
<arg>${selecionarTodos}</arg>
<doc>Click the element identified by ``locator``.</doc>
<msg timestamp="20230804 13:13:38.069" level="INFO">Clicking element '//*[@id="listViewEntriesMainCheckBox"]'.</msg>
<status status="PASS" starttime="20230804 13:13:38.069" endtime="20230804 13:13:38.132"/>
</kw>
<kw name="Sleep" library="BuiltIn">
<arg>10s</arg>
<doc>Pauses the test executed for the given time.</doc>
<msg timestamp="20230804 13:13:48.134" level="INFO">Slept 10 seconds</msg>
<status status="PASS" starttime="20230804 13:13:38.133" endtime="20230804 13:13:48.135"/>
</kw>
<status status="PASS" starttime="20230804 13:13:33.659" endtime="20230804 13:13:48.135"/>
</iter>
<iter>
<var name="${fila}">04</var>
<kw name="Wait Until Element Is Visible" library="SeleniumLibrary">
<arg>${dropDown}</arg>
<arg>20</arg>
<doc>Waits until the element ``locator`` is visible.</doc>
<status status="PASS" starttime="20230804 13:13:48.136" endtime="20230804 13:13:48.178"/>
</kw>
<kw name="Click Element" library="SeleniumLibrary">
<arg>${dropDown}</arg>
<doc>Click the element identified by ``locator``.</doc>
<msg timestamp="20230804 13:13:48.179" level="INFO">Clicking element '//*[@id="s2id_customFilter"]'.</msg>
<status status="PASS" starttime="20230804 13:13:48.178" endtime="20230804 13:13:48.237"/>
</kw>
<kw name="Wait Until Element Is Visible" library="SeleniumLibrary">
<arg>${campoFila}</arg>
<doc>Waits until the element ``locator`` is visible.</doc>
<status status="PASS" starttime="20230804 13:13:48.237" endtime="20230804 13:13:48.267"/>
</kw>
<kw name="Input Text" library="SeleniumLibrary">
<arg>${campoFila}</arg>
<arg>${fila}</arg>
<doc>Types the given ``text`` into the text field identified by ``locator``.</doc>
<msg timestamp="20230804 13:13:48.267" level="INFO">Typing text '04' into text field '//div[@class='select2-search']/input[@type='text']'.</msg>
<status status="PASS" starttime="20230804 13:13:48.267" endtime="20230804 13:13:48.367"/>
</kw>
<kw name="Press Key" library="SeleniumLibrary">
<arg>${campoFila}</arg>
<arg>\\13</arg>
<doc>*DEPRECATED in SeleniumLibrary 4.0.* use `Press Keys` instead.</doc>
<msg timestamp="20230804 13:13:48.369" level="WARN">Keyword 'SeleniumLibrary.Press Key' is deprecated. use `Press Keys` instead.</msg>
<status status="PASS" starttime="20230804 13:13:48.369" endtime="20230804 13:13:52.711"/>
</kw>
<kw name="Wait Until Element Is Visible" library="SeleniumLibrary">
<arg>${selecionarTodos}</arg>
<doc>Waits until the element ``locator`` is visible.</doc>
<status status="PASS" starttime="20230804 13:13:52.712" endtime="20230804 13:13:52.737"/>
</kw>
<kw name="Click Element" library="SeleniumLibrary">
<arg>${selecionarTodos}</arg>
<doc>Click the element identified by ``locator``.</doc>
<msg timestamp="20230804 13:13:52.740" level="INFO">Clicking element '//*[@id="listViewEntriesMainCheckBox"]'.</msg>
<status status="PASS" starttime="20230804 13:13:52.737" endtime="20230804 13:13:52.804"/>
</kw>
<kw name="Sleep" library="BuiltIn">
<arg>10s</arg>
<doc>Pauses the test executed for the given time.</doc>
<msg timestamp="20230804 13:14:02.807" level="INFO">Slept 10 seconds</msg>
<status status="PASS" starttime="20230804 13:13:52.806" endtime="20230804 13:14:02.807"/>
</kw>
<status status="PASS" starttime="20230804 13:13:48.136" endtime="20230804 13:14:02.809"/>
</iter>
<iter>
<var name="${fila}">16.1</var>
<kw name="Wait Until Element Is Visible" library="SeleniumLibrary">
<arg>${dropDown}</arg>
<arg>20</arg>
<doc>Waits until the element ``locator`` is visible.</doc>
<status status="PASS" starttime="20230804 13:14:02.810" endtime="20230804 13:14:02.850"/>
</kw>
<kw name="Click Element" library="SeleniumLibrary">
<arg>${dropDown}</arg>
<doc>Click the element identified by ``locator``.</doc>
<msg timestamp="20230804 13:14:02.851" level="INFO">Clicking element '//*[@id="s2id_customFilter"]'.</msg>
<status status="PASS" starttime="20230804 13:14:02.850" endtime="20230804 13:14:02.926"/>
</kw>
<kw name="Wait Until Element Is Visible" library="SeleniumLibrary">
<arg>${campoFila}</arg>
<doc>Waits until the element ``locator`` is visible.</doc>
<status status="PASS" starttime="20230804 13:14:02.927" endtime="20230804 13:14:02.950"/>
</kw>
<kw name="Input Text" library="SeleniumLibrary">
<arg>${campoFila}</arg>
<arg>${fila}</arg>
<doc>Types the given ``text`` into the text field identified by ``locator``.</doc>
<msg timestamp="20230804 13:14:02.951" level="INFO">Typing text '16.1' into text field '//div[@class='select2-search']/input[@type='text']'.</msg>
<status status="PASS" starttime="20230804 13:14:02.951" endtime="20230804 13:14:03.068"/>
</kw>
<kw name="Press Key" library="SeleniumLibrary">
<arg>${campoFila}</arg>
<arg>\\13</arg>
<doc>*DEPRECATED in SeleniumLibrary 4.0.* use `Press Keys` instead.</doc>
<msg timestamp="20230804 13:14:03.068" level="WARN">Keyword 'SeleniumLibrary.Press Key' is deprecated. use `Press Keys` instead.</msg>
<status status="PASS" starttime="20230804 13:14:03.068" endtime="20230804 13:14:09.385"/>
</kw>
<kw name="Wait Until Element Is Visible" library="SeleniumLibrary">
<arg>${selecionarTodos}</arg>
<doc>Waits until the element ``locator`` is visible.</doc>
<status status="PASS" starttime="20230804 13:14:09.385" endtime="20230804 13:14:09.416"/>
</kw>
<kw name="Click Element" library="SeleniumLibrary">
<arg>${selecionarTodos}</arg>
<doc>Click the element identified by ``locator``.</doc>
<msg timestamp="20230804 13:14:09.417" level="INFO">Clicking element '//*[@id="listViewEntriesMainCheckBox"]'.</msg>
<status status="PASS" starttime="20230804 13:14:09.416" endtime="20230804 13:14:09.474"/>
</kw>
<kw name="Sleep" library="BuiltIn">
<arg>10s</arg>
<doc>Pauses the test executed for the given time.</doc>
<msg timestamp="20230804 13:14:19.477" level="INFO">Slept 10 seconds</msg>
<status status="PASS" starttime="20230804 13:14:09.475" endtime="20230804 13:14:19.477"/>
</kw>
<status status="PASS" starttime="20230804 13:14:02.809" endtime="20230804 13:14:19.478"/>
</iter>
<iter>
<var name="${fila}">16.2</var>
<kw name="Wait Until Element Is Visible" library="SeleniumLibrary">
<arg>${dropDown}</arg>
<arg>20</arg>
<doc>Waits until the element ``locator`` is visible.</doc>
<status status="PASS" starttime="20230804 13:14:19.479" endtime="20230804 13:14:19.522"/>
</kw>
<kw name="Click Element" library="SeleniumLibrary">
<arg>${dropDown}</arg>
<doc>Click the element identified by ``locator``.</doc>
<msg timestamp="20230804 13:14:19.523" level="INFO">Clicking element '//*[@id="s2id_customFilter"]'.</msg>
<status status="PASS" starttime="20230804 13:14:19.522" endtime="20230804 13:14:19.577"/>
</kw>
<kw name="Wait Until Element Is Visible" library="SeleniumLibrary">
<arg>${campoFila}</arg>
<doc>Waits until the element ``locator`` is visible.</doc>
<status status="PASS" starttime="20230804 13:14:19.578" endtime="20230804 13:14:19.612"/>
</kw>
<kw name="Input Text" library="SeleniumLibrary">
<arg>${campoFila}</arg>
<arg>${fila}</arg>
<doc>Types the given ``text`` into the text field identified by ``locator``.</doc>
<msg timestamp="20230804 13:14:19.613" level="INFO">Typing text '16.2' into text field '//div[@class='select2-search']/input[@type='text']'.</msg>
<status status="PASS" starttime="20230804 13:14:19.612" endtime="20230804 13:14:19.711"/>
</kw>
<kw name="Press Key" library="SeleniumLibrary">
<arg>${campoFila}</arg>
<arg>\\13</arg>
<doc>*DEPRECATED in SeleniumLibrary 4.0.* use `Press Keys` instead.</doc>
<msg timestamp="20230804 13:14:19.711" level="WARN">Keyword 'SeleniumLibrary.Press Key' is deprecated. use `Press Keys` instead.</msg>
<status status="PASS" starttime="20230804 13:14:19.711" endtime="20230804 13:14:25.863"/>
</kw>
<kw name="Wait Until Element Is Visible" library="SeleniumLibrary">
<arg>${selecionarTodos}</arg>
<doc>Waits until the element ``locator`` is visible.</doc>
<status status="PASS" starttime="20230804 13:14:25.864" endtime="20230804 13:14:25.898"/>
</kw>
<kw name="Click Element" library="SeleniumLibrary">
<arg>${selecionarTodos}</arg>
<doc>Click the element identified by ``locator``.</doc>
<msg timestamp="20230804 13:14:25.898" level="INFO">Clicking element '//*[@id="listViewEntriesMainCheckBox"]'.</msg>
<status status="PASS" starttime="20230804 13:14:25.898" endtime="20230804 13:14:25.947"/>
</kw>
<kw name="Sleep" library="BuiltIn">
<arg>10s</arg>
<doc>Pauses the test executed for the given time.</doc>
<msg timestamp="20230804 13:14:35.949" level="INFO">Slept 10 seconds</msg>
<status status="PASS" starttime="20230804 13:14:25.948" endtime="20230804 13:14:35.949"/>
</kw>
<status status="PASS" starttime="20230804 13:14:19.478" endtime="20230804 13:14:35.950"/>
</iter>
<iter>
<var name="${fila}">22</var>
<kw name="Wait Until Element Is Visible" library="SeleniumLibrary">
<arg>${dropDown}</arg>
<arg>20</arg>
<doc>Waits until the element ``locator`` is visible.</doc>
<status status="PASS" starttime="20230804 13:14:35.957" endtime="20230804 13:14:35.994"/>
</kw>
<kw name="Click Element" library="SeleniumLibrary">
<arg>${dropDown}</arg>
<doc>Click the element identified by ``locator``.</doc>
<msg timestamp="20230804 13:14:35.995" level="INFO">Clicking element '//*[@id="s2id_customFilter"]'.</msg>
<status status="PASS" starttime="20230804 13:14:35.994" endtime="20230804 13:14:36.051"/>
</kw>
<kw name="Wait Until Element Is Visible" library="SeleniumLibrary">
<arg>${campoFila}</arg>
<doc>Waits until the element ``locator`` is visible.</doc>
<status status="PASS" starttime="20230804 13:14:36.054" endtime="20230804 13:14:36.081"/>
</kw>
<kw name="Input Text" library="SeleniumLibrary">
<arg>${campoFila}</arg>
<arg>${fila}</arg>
<doc>Types the given ``text`` into the text field identified by ``locator``.</doc>
<msg timestamp="20230804 13:14:36.081" level="INFO">Typing text '22' into text field '//div[@class='select2-search']/input[@type='text']'.</msg>
<status status="PASS" starttime="20230804 13:14:36.081" endtime="20230804 13:14:36.166"/>
</kw>
<kw name="Press Key" library="SeleniumLibrary">
<arg>${campoFila}</arg>
<arg>\\13</arg>
<doc>*DEPRECATED in SeleniumLibrary 4.0.* use `Press Keys` instead.</doc>
<msg timestamp="20230804 13:14:36.166" level="WARN">Keyword 'SeleniumLibrary.Press Key' is deprecated. use `Press Keys` instead.</msg>
<status status="PASS" starttime="20230804 13:14:36.166" endtime="20230804 13:14:42.647"/>
</kw>
<kw name="Wait Until Element Is Visible" library="SeleniumLibrary">
<arg>${selecionarTodos}</arg>
<doc>Waits until the element ``locator`` is visible.</doc>
<status status="PASS" starttime="20230804 13:14:42.647" endtime="20230804 13:14:42.684"/>
</kw>
<kw name="Click Element" library="SeleniumLibrary">
<arg>${selecionarTodos}</arg>
<doc>Click the element identified by ``locator``.</doc>
<msg timestamp="20230804 13:14:42.687" level="INFO">Clicking element '//*[@id="listViewEntriesMainCheckBox"]'.</msg>
<status status="PASS" starttime="20230804 13:14:42.685" endtime="20230804 13:14:42.741"/>
</kw>
<kw name="Sleep" library="BuiltIn">
<arg>10s</arg>
<doc>Pauses the test executed for the given time.</doc>
<msg timestamp="20230804 13:14:52.742" level="INFO">Slept 10 seconds</msg>
<status status="PASS" starttime="20230804 13:14:42.741" endtime="20230804 13:14:52.743"/>
</kw>
<status status="PASS" starttime="20230804 13:14:35.950" endtime="20230804 13:14:52.743"/>
</iter>
<status status="PASS" starttime="20230804 13:13:19.015" endtime="20230804 13:14:52.743"/>
</for>
<status status="PASS" starttime="20230804 13:13:19.011" endtime="20230804 13:14:52.743"/>
</iter>
<iter>
<kw name="Create List" library="BuiltIn">
<var>@{filas}</var>
<arg>01</arg>
<arg>02</arg>
<arg>04</arg>
<arg>16.1</arg>
<arg>16.2</arg>
<arg>22</arg>
<doc>Returns a list containing given items.</doc>
<msg timestamp="20230804 13:14:52.746" level="INFO">@{filas} = [ 01 | 02 | 04 | 16.1 | 16.2 | 22 ]</msg>
<status status="PASS" starttime="20230804 13:14:52.745" endtime="20230804 13:14:52.746"/>
</kw>
<for flavor="IN">
<var>${fila}</var>
<value>@{filas}</value>
<iter>
<var name="${fila}">01</var>
<kw name="Wait Until Element Is Visible" library="SeleniumLibrary">
<arg>${dropDown}</arg>
<arg>20</arg>
<doc>Waits until the element ``locator`` is visible.</doc>
<status status="PASS" starttime="20230804 13:14:52.750" endtime="20230804 13:14:52.779"/>
</kw>
<kw name="Click Element" library="SeleniumLibrary">
<arg>${dropDown}</arg>
<doc>Click the element identified by ``locator``.</doc>
<msg timestamp="20230804 13:14:52.780" level="INFO">Clicking element '//*[@id="s2id_customFilter"]'.</msg>
<status status="PASS" starttime="20230804 13:14:52.780" endtime="20230804 13:14:52.842"/>
</kw>
<kw name="Wait Until Element Is Visible" library="SeleniumLibrary">
<arg>${campoFila}</arg>
<doc>Waits until the element ``locator`` is visible.</doc>
<status status="PASS" starttime="20230804 13:14:52.843" endtime="20230804 13:14:52.876"/>
</kw>
<kw name="Input Text" library="SeleniumLibrary">
<arg>${campoFila}</arg>
<arg>${fila}</arg>
<doc>Types the given ``text`` into the text field identified by ``locator``.</doc>
<msg timestamp="20230804 13:14:52.876" level="INFO">Typing text '01' into text field '//div[@class='select2-search']/input[@type='text']'.</msg>
<status status="PASS" starttime="20230804 13:14:52.876" endtime="20230804 13:14:52.958"/>
</kw>
<kw name="Press Key" library="SeleniumLibrary">
<arg>${campoFila}</arg>
<arg>\\13</arg>
<doc>*DEPRECATED in SeleniumLibrary 4.0.* use `Press Keys` instead.</doc>
<msg timestamp="20230804 13:14:52.958" level="WARN">Keyword 'SeleniumLibrary.Press Key' is deprecated. use `Press Keys` instead.</msg>
<status status="PASS" starttime="20230804 13:14:52.958" endtime="20230804 13:14:57.491"/>
</kw>
<kw name="Wait Until Element Is Visible" library="SeleniumLibrary">
<arg>${selecionarTodos}</arg>
<doc>Waits until the element ``locator`` is visible.</doc>
<status status="PASS" starttime="20230804 13:14:57.491" endtime="20230804 13:14:57.516"/>
</kw>
<kw name="Click Element" library="SeleniumLibrary">
<arg>${selecionarTodos}</arg>
<doc>Click the element identified by ``locator``.</doc>
<msg timestamp="20230804 13:14:57.517" level="INFO">Clicking element '//*[@id="listViewEntriesMainCheckBox"]'.</msg>
<status status="PASS" starttime="20230804 13:14:57.517" endtime="20230804 13:14:57.578"/>
</kw>
<kw name="Sleep" library="BuiltIn">
<arg>10s</arg>
<doc>Pauses the test executed for the given time.</doc>
<msg timestamp="20230804 13:15:07.580" level="INFO">Slept 10 seconds</msg>
<status status="PASS" starttime="20230804 13:14:57.579" endtime="20230804 13:15:07.580"/>
</kw>
<status status="PASS" starttime="20230804 13:14:52.748" endtime="20230804 13:15:07.581"/>
</iter>
<iter>
<var name="${fila}">02</var>
<kw name="Wait Until Element Is Visible" library="SeleniumLibrary">
<arg>${dropDown}</arg>
<arg>20</arg>
<doc>Waits until the element ``locator`` is visible.</doc>
<status status="PASS" starttime="20230804 13:15:07.582" endtime="20230804 13:15:07.625"/>
</kw>
<kw name="Click Element" library="SeleniumLibrary">
<arg>${dropDown}</arg>
<doc>Click the element identified by ``locator``.</doc>
<msg timestamp="20230804 13:15:07.626" level="INFO">Clicking element '//*[@id="s2id_customFilter"]'.</msg>
<status status="PASS" starttime="20230804 13:15:07.625" endtime="20230804 13:15:07.681"/>
</kw>
<kw name="Wait Until Element Is Visible" library="SeleniumLibrary">
<arg>${campoFila}</arg>
<doc>Waits until the element ``locator`` is visible.</doc>
<status status="PASS" starttime="20230804 13:15:07.682" endtime="20230804 13:15:07.710"/>
</kw>
<kw name="Input Text" library="SeleniumLibrary">
<arg>${campoFila}</arg>
<arg>${fila}</arg>
<doc>Types the given ``text`` into the text field identified by ``locator``.</doc>
<msg timestamp="20230804 13:15:07.711" level="INFO">Typing text '02' into text field '//div[@class='select2-search']/input[@type='text']'.</msg>
<status status="PASS" starttime="20230804 13:15:07.711" endtime="20230804 13:15:07.794"/>
</kw>
<kw name="Press Key" library="SeleniumLibrary">
<arg>${campoFila}</arg>
<arg>\\13</arg>
<doc>*DEPRECATED in SeleniumLibrary 4.0.* use `Press Keys` instead.</doc>
<msg timestamp="20230804 13:15:07.794" level="WARN">Keyword 'SeleniumLibrary.Press Key' is deprecated. use `Press Keys` instead.</msg>
<status status="PASS" starttime="20230804 13:15:07.794" endtime="20230804 13:15:15.379"/>
</kw>
<kw name="Wait Until Element Is Visible" library="SeleniumLibrary">
<arg>${selecionarTodos}</arg>
<doc>Waits until the element ``locator`` is visible.</doc>
<status status="PASS" starttime="20230804 13:15:15.379" endtime="20230804 13:15:15.411"/>
</kw>
<kw name="Click Element" library="SeleniumLibrary">
<arg>${selecionarTodos}</arg>
<doc>Click the element identified by ``locator``.</doc>
<msg timestamp="20230804 13:15:15.412" level="INFO">Clicking element '//*[@id="listViewEntriesMainCheckBox"]'.</msg>
<status status="PASS" starttime="20230804 13:15:15.411" endtime="20230804 13:15:15.474"/>
</kw>
<kw name="Sleep" library="BuiltIn">
<arg>10s</arg>
<doc>Pauses the test executed for the given time.</doc>
<msg timestamp="20230804 13:15:25.475" level="INFO">Slept 10 seconds</msg>
<status status="PASS" starttime="20230804 13:15:15.475" endtime="20230804 13:15:25.475"/>
</kw>
<status status="PASS" starttime="20230804 13:15:07.581" endtime="20230804 13:15:25.476"/>
</iter>
<iter>
<var name="${fila}">04</var>
<kw name="Wait Until Element Is Visible" library="SeleniumLibrary">
<arg>${dropDown}</arg>
<arg>20</arg>
<doc>Waits until the element ``locator`` is visible.</doc>
<status status="PASS" starttime="20230804 13:15:25.477" endtime="20230804 13:15:25.520"/>
</kw>
<kw name="Click Element" library="SeleniumLibrary">
<arg>${dropDown}</arg>
<doc>Click the element identified by ``locator``.</doc>
<msg timestamp="20230804 13:15:25.520" level="INFO">Clicking element '//*[@id="s2id_customFilter"]'.</msg>
<status status="PASS" starttime="20230804 13:15:25.520" endtime="20230804 13:15:25.584"/>
</kw>
<kw name="Wait Until Element Is Visible" library="SeleniumLibrary">
<arg>${campoFila}</arg>
<doc>Waits until the element ``locator`` is visible.</doc>
<status status="PASS" starttime="20230804 13:15:25.585" endtime="20230804 13:15:25.611"/>
</kw>
<kw name="Input Text" library="SeleniumLibrary">
<arg>${campoFila}</arg>
<arg>${fila}</arg>
<doc>Types the given ``text`` into the text field identified by ``locator``.</doc>
<msg timestamp="20230804 13:15:25.614" level="INFO">Typing text '04' into text field '//div[@class='select2-search']/input[@type='text']'.</msg>
<status status="PASS" starttime="20230804 13:15:25.612" endtime="20230804 13:15:25.692"/>
</kw>
<kw name="Press Key" library="SeleniumLibrary">
<arg>${campoFila}</arg>
<arg>\\13</arg>
<doc>*DEPRECATED in SeleniumLibrary 4.0.* use `Press Keys` instead.</doc>
<msg timestamp="20230804 13:15:25.692" level="WARN">Keyword 'SeleniumLibrary.Press Key' is deprecated. use `Press Keys` instead.</msg>
<status status="PASS" starttime="20230804 13:15:25.692" endtime="20230804 13:15:31.948"/>
</kw>
<kw name="Wait Until Element Is Visible" library="SeleniumLibrary">
<arg>${selecionarTodos}</arg>
<doc>Waits until the element ``locator`` is visible.</doc>
<status status="PASS" starttime="20230804 13:15:31.948" endtime="20230804 13:15:31.982"/>
</kw>
<kw name="Click Element" library="SeleniumLibrary">
<arg>${selecionarTodos}</arg>
<doc>Click the element identified by ``locator``.</doc>
<msg timestamp="20230804 13:15:31.985" level="INFO">Clicking element '//*[@id="listViewEntriesMainCheckBox"]'.</msg>
<status status="PASS" starttime="20230804 13:15:31.984" endtime="20230804 13:15:32.054"/>
</kw>
<kw name="Sleep" library="BuiltIn">
<arg>10s</arg>
<doc>Pauses the test executed for the given time.</doc>
<msg timestamp="20230804 13:15:42.055" level="INFO">Slept 10 seconds</msg>
<status status="PASS" starttime="20230804 13:15:32.055" endtime="20230804 13:15:42.055"/>
</kw>
<status status="PASS" starttime="20230804 13:15:25.476" endtime="20230804 13:15:42.055"/>
</iter>
<iter>
<var name="${fila}">16.1</var>
<kw name="Wait Until Element Is Visible" library="SeleniumLibrary">
<arg>${dropDown}</arg>
<arg>20</arg>
<doc>Waits until the element ``locator`` is visible.</doc>
<status status="PASS" starttime="20230804 13:15:42.057" endtime="20230804 13:15:42.103"/>
</kw>
<kw name="Click Element" library="SeleniumLibrary">
<arg>${dropDown}</arg>
<doc>Click the element identified by ``locator``.</doc>
<msg timestamp="20230804 13:15:42.104" level="INFO">Clicking element '//*[@id="s2id_customFilter"]'.</msg>
<status status="PASS" starttime="20230804 13:15:42.103" endtime="20230804 13:15:42.164"/>
</kw>
<kw name="Wait Until Element Is Visible" library="SeleniumLibrary">
<arg>${campoFila}</arg>
<doc>Waits until the element ``locator`` is visible.</doc>
<status status="PASS" starttime="20230804 13:15:42.164" endtime="20230804 13:15:42.196"/>
</kw>
<kw name="Input Text" library="SeleniumLibrary">
<arg>${campoFila}</arg>
<arg>${fila}</arg>
<doc>Types the given ``text`` into the text field identified by ``locator``.</doc>
<msg timestamp="20230804 13:15:42.197" level="INFO">Typing text '16.1' into text field '//div[@class='select2-search']/input[@type='text']'.</msg>
<status status="PASS" starttime="20230804 13:15:42.197" endtime="20230804 13:15:42.315"/>
</kw>
<kw name="Press Key" library="SeleniumLibrary">
<arg>${campoFila}</arg>
<arg>\\13</arg>
<doc>*DEPRECATED in SeleniumLibrary 4.0.* use `Press Keys` instead.</doc>
<msg timestamp="20230804 13:15:42.316" level="WARN">Keyword 'SeleniumLibrary.Press Key' is deprecated. use `Press Keys` instead.</msg>
<status status="PASS" starttime="20230804 13:15:42.315" endtime="20230804 13:15:50.890"/>
</kw>
<kw name="Wait Until Element Is Visible" library="SeleniumLibrary">
<arg>${selecionarTodos}</arg>
<doc>Waits until the element ``locator`` is visible.</doc>
<status status="PASS" starttime="20230804 13:15:50.892" endtime="20230804 13:15:50.926"/>
</kw>
<kw name="Click Element" library="SeleniumLibrary">
<arg>${selecionarTodos}</arg>
[...]
</kw>
<status status="PASS" starttime="20230804 13:15:42.057" endtime="20230804 13:16:00.978"/>
</iter>
<iter>
<var name="${fila}">16.2</var>
<kw name="Wait Until Element Is Visible" library="SeleniumLibrary">
<arg>${dropDown}</arg>
<arg>20</arg>
<doc>Waits until the element ``locator`` is visible.</doc>
<status status="PASS" starttime="20230804 13:16:00.979" endtime="20230804 13:16:01.018"/>
</kw>
<kw name="Click Element" library="SeleniumLibrary">
<arg>${dropDown}</arg>
<doc>Click the element identified by ``locator``.</doc>
<msg timestamp="20230804 13:16:01.019" level="INFO">Clicking element '//*[@id="s2id_customFilter"]'.</msg>
<status status="PASS" starttime="20230804 13:16:01.018" endtime="20230804 13:16:01.075"/>
</kw>
<kw name="Wait Until Element Is Visible" library="SeleniumLibrary">
<arg>${campoFila}</arg>
<doc>Waits until the element ``locator`` is visible.</doc>
<status status="PASS" starttime="20230804 13:16:01.075" endtime="20230804 13:16:01.106"/>
</kw>
<kw name="Input Text" library="SeleniumLibrary">
<arg>${campoFila}</arg>
<arg>${fila}</arg>
<doc>Types the given ``text`` into the text field identified by ``locator``.</doc>
<msg timestamp="20230804 13:16:01.108" level="INFO">Typing text '16.2' into text field '//div[@class='select2-search']/input[@type='text']'.</msg>
<status status="PASS" starttime="20230804 13:16:01.107" endtime="20230804 13:16:01.210"/>
</kw>
<kw name="Press Key" library="SeleniumLibrary">
<arg>${campoFila}</arg>
<arg>\\13</arg>
<doc>*DEPRECATED in SeleniumLibrary 4.0.* use `Press Keys` instead.</doc>
<msg timestamp="20230804 13:16:01.211" level="WARN">Keyword 'SeleniumLibrary.Press Key' is deprecated. use `Press Keys` instead.</msg>
<status status="PASS" starttime="20230804 13:16:01.210" endtime="20230804 13:16:09.472"/>
</kw>
<kw name="Wait Until Element Is Visible" library="SeleniumLibrary">
<arg>${selecionarTodos}</arg>
<doc>Waits until the element ``locator`` is visible.</doc>
<status status="PASS" starttime="20230804 13:16:09.473" endtime="20230804 13:16:09.498"/>
</kw>
<kw name="Click Element" library="SeleniumLibrary">
<arg>${selecionarTodos}</arg>
<doc>Click the element identified by ``locator``.</doc>
<msg timestamp="20230804 13:16:09.501" level="INFO">Clicking element '//*[@id="listViewEntriesMainCheckBox"]'.</msg>
<status status="PASS" starttime="20230804 13:16:09.499" endtime="20230804 13:16:09.552"/>
</kw>
<kw name="Sleep" library="BuiltIn">
<arg>10s</arg>
<doc>Pauses the test executed for the given time.</doc>
<msg timestamp="20230804 13:16:19.553" level="INFO">Slept 10 seconds</msg>
<status status="PASS" starttime="20230804 13:16:09.553" endtime="20230804 13:16:19.553"/>
</kw>
<status status="PASS" starttime="20230804 13:16:00.978" endtime="20230804 13:16:19.553"/>
</iter>
<iter>
<var name="${fila}">22</var>
<kw name="Wait Until Element Is Visible" library="SeleniumLibrary">
<arg>${dropDown}</arg>
<arg>20</arg>
<doc>Waits until the element ``locator`` is visible.</doc>
<status status="PASS" starttime="20230804 13:16:19.555" endtime="20230804 13:16:19.596"/>
</kw>
<kw name="Click Element" library="SeleniumLibrary">
<arg>${dropDown}</arg>
<doc>Click the element identified by ``locator``.</doc>
<msg timestamp="20230804 13:16:19.599" level="INFO">Clicking element '//*[@id="s2id_customFilter"]'.</msg>
<status status="PASS" starttime="20230804 13:16:19.596" endtime="20230804 13:16:19.670"/>
</kw>
<kw name="Wait Until Element Is Visible" library="SeleniumLibrary">
<arg>${campoFila}</arg>
<doc>Waits until the element ``locator`` is visible.</doc>
<status status="PASS" starttime="20230804 13:16:19.670" endtime="20230804 13:16:19.694"/>
</kw>
<kw name="Input Text" library="SeleniumLibrary">
<arg>${campoFila}</arg>
<arg>${fila}</arg>
<doc>Types the given ``text`` into the text field identified by ``locator``.</doc>
<msg timestamp="20230804 13:16:19.695" level="INFO">Typing text '22' into text field '//div[@class='select2-search']/input[@type='text']'.</msg>
<status status="PASS" starttime="20230804 13:16:19.694" endtime="20230804 13:16:19.778"/>
</kw>
<kw name="Press Key" library="SeleniumLibrary">
<arg>${campoFila}</arg>
<arg>\\13</arg>
<doc>*DEPRECATED in SeleniumLibrary 4.0.* use `Press Keys` instead.</doc>
<msg timestamp="20230804 13:16:19.779" level="WARN">Keyword 'SeleniumLibrary.Press Key' is deprecated. use `Press Keys` instead.</msg>
<status status="PASS" starttime="20230804 13:16:19.778" endtime="20230804 13:16:26.791"/>
</kw>
<kw name="Wait Until Element Is Visible" library="SeleniumLibrary">
<arg>${selecionarTodos}</arg>
<doc>Waits until the element ``locator`` is visible.</doc>
<status status="PASS" starttime="20230804 13:16:26.791" endtime="20230804 13:16:26.829"/>
</kw>
<kw name="Click Element" library="SeleniumLibrary">
<arg>${selecionarTodos}</arg>
<doc>Click the element identified by ``locator``.</doc>
<msg timestamp="20230804 13:16:26.830" level="INFO">Clicking element '//*[@id="listViewEntriesMainCheckBox"]'.</msg>
<status status="PASS" starttime="20230804 13:16:26.829" endtime="20230804 13:16:26.885"/>
</kw>
<kw name="Sleep" library="BuiltIn">
<arg>10s</arg>
<doc>Pauses the test executed for the given time.</doc>
<msg timestamp="20230804 13:16:36.886" level="INFO">Slept 10 seconds</msg>
<status status="PASS" starttime="20230804 13:16:26.886" endtime="20230804 13:16:36.887"/>
</kw>
<status status="PASS" starttime="20230804 13:16:19.555" endtime="20230804 13:16:36.887"/>
</iter>
<status status="PASS" starttime="20230804 13:14:52.747" endtime="20230804 13:16:36.887"/>
</for>
<status status="PASS" starttime="20230804 13:14:52.744" endtime="20230804 13:16:36.888"/>
</iter>
<iter>
<kw name="Create List" library="BuiltIn">
<var>@{filas}</var>
<arg>01</arg>
<arg>02</arg>
<arg>04</arg>
<arg>16.1</arg>
<arg>16.2</arg>
<arg>22</arg>
<doc>Returns a list containing given items.</doc>
<msg timestamp="20230804 13:16:36.890" level="INFO">@{filas} = [ 01 | 02 | 04 | 16.1 | 16.2 | 22 ]</msg>
<status status="PASS" starttime="20230804 13:16:36.889" endtime="20230804 13:16:36.890"/>
</kw>
<for flavor="IN">
<var>${fila}</var>
<value>@{filas}</value>
<iter>
<var name="${fila}">01</var>
<kw name="Wait Until Element Is Visible" library="SeleniumLibrary">
<arg>${dropDown}</arg>
<arg>20</arg>
<doc>Waits until the element ``locator`` is visible.</doc>
<status status="PASS" starttime="20230804 13:16:36.891" endtime="20230804 13:16:36.926"/>
</kw>
<kw name="Click Element" library="SeleniumLibrary">
<arg>${dropDown}</arg>
<doc>Click the element identified by ``locator``.</doc>
<msg timestamp="20230804 13:16:36.927" level="INFO">Clicking element '//*[@id="s2id_customFilter"]'.</msg>
<status status="PASS" starttime="20230804 13:16:36.926" endtime="20230804 13:16:36.991"/>
</kw>
<kw name="Wait Until Element Is Visible" library="SeleniumLibrary">
<arg>${campoFila}</arg>
<doc>Waits until the element ``locator`` is visible.</doc>
<status status="PASS" starttime="20230804 13:16:36.991" endtime="20230804 13:16:37.012"/>
</kw>
<kw name="Input Text" library="SeleniumLibrary">
<arg>${campoFila}</arg>
<arg>${fila}</arg>
<doc>Types the given ``text`` into the text field identified by ``locator``.</doc>
<msg timestamp="20230804 13:16:37.015" level="INFO">Typing text '01' into text field '//div[@class='select2-search']/input[@type='text']'.</msg>
<status status="PASS" starttime="20230804 13:16:37.013" endtime="20230804 13:16:37.099"/>
</kw>
<kw name="Press Key" library="SeleniumLibrary">
<arg>${campoFila}</arg>
<arg>\\13</arg>
<doc>*DEPRECATED in SeleniumLibrary 4.0.* use `Press Keys` instead.</doc>
<msg timestamp="20230804 13:16:37.102" level="WARN">Keyword 'SeleniumLibrary.Press Key' is deprecated. use `Press Keys` instead.</msg>
<status status="PASS" starttime="20230804 13:16:37.099" endtime="20230804 13:16:42.808"/>
</kw>
<kw name="Wait Until Element Is Visible" library="SeleniumLibrary">
<arg>${selecionarTodos}</arg>
<doc>Waits until the element ``locator`` is visible.</doc>
<status status="PASS" starttime="20230804 13:16:42.809" endtime="20230804 13:16:42.842"/>
</kw>
<kw name="Click Element" library="SeleniumLibrary">
<arg>${selecionarTodos}</arg>
<doc>Click the element identified by ``locator``.</doc>
<msg timestamp="20230804 13:16:42.843" level="INFO">Clicking element '//*[@id="listViewEntriesMainCheckBox"]'.</msg>
<status status="PASS" starttime="20230804 13:16:42.842" endtime="20230804 13:16:42.901"/>
</kw>
<kw name="Sleep" library="BuiltIn">
<arg>10s</arg>
<doc>Pauses the test executed for the given time.</doc>
<msg timestamp="20230804 13:16:52.903" level="INFO">Slept 10 seconds</msg>
<status status="PASS" starttime="20230804 13:16:42.902" endtime="20230804 13:16:52.903"/>
</kw>
<status status="PASS" starttime="20230804 13:16:36.891" endtime="20230804 13:16:52.904"/>
</iter>
<iter>
<var name="${fila}">02</var>
<kw name="Wait Until Element Is Visible" library="SeleniumLibrary">
<arg>${dropDown}</arg>
<arg>20</arg>
<doc>Waits until the element ``locator`` is visible.</doc>
<status status="PASS" starttime="20230804 13:16:52.905" endtime="20230804 13:16:52.932"/>
</kw>
<kw name="Click Element" library="SeleniumLibrary">
<arg>${dropDown}</arg>
<doc>Click the element identified by ``locator``.</doc>
<msg timestamp="20230804 13:16:52.932" level="INFO">Clicking element '//*[@id="s2id_customFilter"]'.</msg>
<status status="PASS" starttime="20230804 13:16:52.932" endtime="20230804 13:16:52.995"/>
</kw>
<kw name="Wait Until Element Is Visible" library="SeleniumLibrary">
<arg>${campoFila}</arg>
<doc>Waits until the element ``locator`` is visible.</doc>
<status status="PASS" starttime="20230804 13:16:52.995" endtime="20230804 13:16:53.024"/>
</kw>
<kw name="Input Text" library="SeleniumLibrary">
<arg>${campoFila}</arg>
<arg>${fila}</arg>
<doc>Types the given ``text`` into the text field identified by ``locator``.</doc>
<msg timestamp="20230804 13:16:53.025" level="INFO">Typing text '02' into text field '//div[@class='select2-search']/input[@type='text']'.</msg>
<status status="PASS" starttime="20230804 13:16:53.024" endtime="20230804 13:16:53.116"/>
</kw>
<kw name="Press Key" library="SeleniumLibrary">
<arg>${campoFila}</arg>
<arg>\\13</arg>
<doc>*DEPRECATED in SeleniumLibrary 4.0.* use `Press Keys` instead.</doc>
<msg timestamp="20230804 13:16:53.116" level="WARN">Keyword 'SeleniumLibrary.Press Key' is deprecated. use `Press Keys` instead.</msg>
<status status="PASS" starttime="20230804 13:16:53.116" endtime="20230804 13:16:57.324"/>
</kw>
<kw name="Wait Until Element Is Visible" library="SeleniumLibrary">
<arg>${selecionarTodos}</arg>
<doc>Waits until the element ``locator`` is visible.</doc>
<msg timestamp="20230804 13:16:57.340" level="WARN">Keyword 'Capture Page Screenshot' could not be run on failure: Message: no such window: target window already closed
from unknown error: web view not found
  (Session info: chrome=115.0.5790.110)
Stacktrace:
Backtrace:
	GetHandleVerifier [0x0059A813+48355]
	(No symbol) [0x0052C4B1]
	(No symbol) [0x00435358]
	(No symbol) [0x0041D293]
	(No symbol) [0x0047E37B]
	(No symbol) [0x0048C473]
	(No symbol) [0x0047A536]
	(No symbol) [0x004582DC]
	(No symbol) [0x004593DD]
	GetHandleVerifier [0x007FAABD+2539405]
	GetHandleVerifier [0x0083A78F+2800735]
	GetHandleVerifier [0x0083456C+2775612]
	GetHandleVerifier [0x006251E0+616112]
	(No symbol) [0x00535F8C]
	(No symbol) [0x00532328]
	(No symbol) [0x0053240B]
	(No symbol) [0x00524FF7]
	BaseThreadInitThunk [0x767000C9+25]
	RtlGetAppContainerNamedObjectPath [0x77037B1E+286]
	RtlGetAppContainerNamedObjectPath [0x77037AEE+238]
</msg>
<msg timestamp="20230804 13:16:57.360" level="FAIL">NoSuchWindowException: Message: no such window: target window already closed
from unknown error: web view not found
  (Session info: chrome=115.0.5790.110)
Stacktrace:
Backtrace:
	GetHandleVerifier [0x0059A813+48355]
	(No symbol) [0x0052C4B1]
	(No symbol) [0x00435358]
	(No symbol) [0x0041D293]
	(No symbol) [0x0047E37B]
	(No symbol) [0x0048C473]
	(No symbol) [0x0047A536]
	(No symbol) [0x004582DC]
	(No symbol) [0x004593DD]
	GetHandleVerifier [0x007FAABD+2539405]
	GetHandleVerifier [0x0083A78F+2800735]
	GetHandleVerifier [0x0083456C+2775612]
	GetHandleVerifier [0x006251E0+616112]
	(No symbol) [0x00535F8C]
	(No symbol) [0x00532328]
	(No symbol) [0x0053240B]
	(No symbol) [0x00524FF7]
	BaseThreadInitThunk [0x767000C9+25]
	RtlGetAppContainerNamedObjectPath [0x77037B1E+286]
	RtlGetAppContainerNamedObjectPath [0x77037AEE+238]
</msg>
<status status="FAIL" starttime="20230804 13:16:57.324" endtime="20230804 13:16:57.407"/>
</kw>
<kw name="Click Element" library="SeleniumLibrary">
<arg>${selecionarTodos}</arg>
<doc>Click the element identified by ``locator``.</doc>
<status status="NOT RUN" starttime="20230804 13:16:57.407" endtime="20230804 13:16:57.407"/>
</kw>
<kw name="Sleep" library="BuiltIn">
<arg>10s</arg>
<doc>Pauses the test executed for the given time.</doc>
<status status="NOT RUN" starttime="20230804 13:16:57.408" endtime="20230804 13:16:57.408"/>
</kw>
<status status="FAIL" starttime="20230804 13:16:52.904" endtime="20230804 13:16:57.408"/>
</iter>
<status status="FAIL" starttime="20230804 13:16:36.890" endtime="20230804 13:16:57.409"/>
</for>
<status status="FAIL" starttime="20230804 13:16:36.888" endtime="20230804 13:16:57.409"/>
</iter>
<status status="FAIL" starttime="20230804 13:08:34.091" endtime="20230804 13:16:57.410"/>
</while>
<status status="FAIL" starttime="20230804 13:08:34.091" endtime="20230804 13:16:57.410"/>
</kw>
<status status="FAIL" starttime="20230804 13:08:22.581" endtime="20230804 13:16:57.414">NoSuchWindowException: Message: no such window: target window already closed
from unknown error: web view not found
  (Session info: chrome=115.0.5790.110)
Stacktrace:
Backtrace:
	GetHandleVerifier [0x0059A813+48355]
	(No symbol) [0x0052C4B1]
	(No symbol) [0x00435358]
	(No symbol) [0x0041D293]
	(No symbol) [0x0047E37B]
	(No symbol) [0x0048C473]
	(No symbol) [0x0047A536]
	(No symbol) [0x004582DC]
	(No symbol) [0x004593DD]
	GetHandleVerifier [0x007FAABD+2539405]
	GetHandleVerifier [0x0083A78F+2800735]
	GetHandleVerifier [0x0083456C+2775612]
	GetHandleVerifier [0x006251E0+616112]
	(No symbol) [0x00535F8C]
	(No symbol) [0x00532328]
	(No symbol) [0x0053240B]
	(No symbol) [0x00524FF7]
	BaseThreadInitThunk [0x767000C9+25]
	RtlGetAppContainerNamedObjectPath [0x77037B1E+286]
	RtlGetAppContainerNamedObjectPath [0x77037AEE+238]
</status>
</test>
<status status="FAIL" starttime="20230804 13:08:22.130" endtime="20230804 13:16:57.424"/>
</suite>
<statistics>
<total>
<stat pass="0" fail="1" skip="0">All Tests</stat>
</total>
<tag>
</tag>
<suite>
<stat pass="0" fail="1" skip="0" id="s1" name="filasWf">filasWf</stat>
</suite>
</statistics>
<errors>
<msg timestamp="20230804 13:08:34.528" level="WARN">Keyword 'SeleniumLibrary.Press Key' is deprecated. use `Press Keys` instead.</msg>
<msg timestamp="20230804 13:08:49.365" level="WARN">Keyword 'SeleniumLibrary.Press Key' is deprecated. use `Press Keys` instead.</msg>
<msg timestamp="20230804 13:09:04.035" level="WARN">Keyword 'SeleniumLibrary.Press Key' is deprecated. use `Press Keys` instead.</msg>
<msg timestamp="20230804 13:09:19.725" level="WARN">Keyword 'SeleniumLibrary.Press Key' is deprecated. use `Press Keys` instead.</msg>
<msg timestamp="20230804 13:09:35.888" level="WARN">Keyword 'SeleniumLibrary.Press Key' is deprecated. use `Press Keys` instead.</msg>
<msg timestamp="20230804 13:09:51.955" level="WARN">Keyword 'SeleniumLibrary.Press Key' is deprecated. use `Press Keys` instead.</msg>
<msg timestamp="20230804 13:10:06.456" level="WARN">Keyword 'SeleniumLibrary.Press Key' is deprecated. use `Press Keys` instead.</msg>
<msg timestamp="20230804 13:10:23.678" level="WARN">Keyword 'SeleniumLibrary.Press Key' is deprecated. use `Press Keys` instead.</msg>
<msg timestamp="20230804 13:10:42.470" level="WARN">Keyword 'SeleniumLibrary.Press Key' is deprecated. use `Press Keys` instead.</msg>
<msg timestamp="20230804 13:11:00.019" level="WARN">Keyword 'SeleniumLibrary.Press Key' is deprecated. use `Press Keys` instead.</msg>
<msg timestamp="20230804 13:11:16.469" level="WARN">Keyword 'SeleniumLibrary.Press Key' is deprecated. use `Press Keys` instead.</msg>
<msg timestamp="20230804 13:11:32.554" level="WARN">Keyword 'SeleniumLibrary.Press Key' is deprecated. use `Press Keys` instead.</msg>
<msg timestamp="20230804 13:11:46.957" level="WARN">Keyword 'SeleniumLibrary.Press Key' is deprecated. use `Press Keys` instead.</msg>
<msg timestamp="20230804 13:12:01.548" level="WARN">Keyword 'SeleniumLibrary.Press Key' is deprecated. use `Press Keys` instead.</msg>
<msg timestamp="20230804 13:12:16.519" level="WARN">Keyword 'SeleniumLibrary.Press Key' is deprecated. use `Press Keys` instead.</msg>
<msg timestamp="20230804 13:12:32.145" level="WARN">Keyword 'SeleniumLibrary.Press Key' is deprecated. use `Press Keys` instead.</msg>
<msg timestamp="20230804 13:12:48.333" level="WARN">Keyword 'SeleniumLibrary.Press Key' is deprecated. use `Press Keys` instead.</msg>
<msg timestamp="20230804 13:13:04.653" level="WARN">Keyword 'SeleniumLibrary.Press Key' is deprecated. use `Press Keys` instead.</msg>
<msg timestamp="20230804 13:13:19.220" level="WARN">Keyword 'SeleniumLibrary.Press Key' is deprecated. use `Press Keys` instead.</msg>
<msg timestamp="20230804 13:13:33.877" level="WARN">Keyword 'SeleniumLibrary.Press Key' is deprecated. use `Press Keys` instead.</msg>
<msg timestamp="20230804 13:13:48.369" level="WARN">Keyword 'SeleniumLibrary.Press Key' is deprecated. use `Press Keys` instead.</msg>
<msg timestamp="20230804 13:14:03.068" level="WARN">Keyword 'SeleniumLibrary.Press Key' is deprecated. use `Press Keys` instead.</msg>
<msg timestamp="20230804 13:14:19.711" level="WARN">Keyword 'SeleniumLibrary.Press Key' is deprecated. use `Press Keys` instead.</msg>
<msg timestamp="20230804 13:14:36.166" level="WARN">Keyword 'SeleniumLibrary.Press Key' is deprecated. use `Press Keys` instead.</msg>
<msg timestamp="20230804 13:14:52.958" level="WARN">Keyword 'SeleniumLibrary.Press Key' is deprecated. use `Press Keys` instead.</msg>
<msg timestamp="20230804 13:15:07.794" level="WARN">Keyword 'SeleniumLibrary.Press Key' is deprecated. use `Press Keys` instead.</msg>
<msg timestamp="20230804 13:15:25.692" level="WARN">Keyword 'SeleniumLibrary.Press Key' is deprecated. use `Press Keys` instead.</msg>
<msg timestamp="20230804 13:15:42.316" level="WARN">Keyword 'SeleniumLibrary.Press Key' is deprecated. use `Press Keys` instead.</msg>
<msg timestamp="20230804 13:16:01.211" level="WARN">Keyword 'SeleniumLibrary.Press Key' is deprecated. use `Press Keys` instead.</msg>
<msg timestamp="20230804 13:16:19.779" level="WARN">Keyword 'SeleniumLibrary.Press Key' is deprecated. use `Press Keys` instead.</msg>
<msg timestamp="20230804 13:16:37.102" level="WARN">Keyword 'SeleniumLibrary.Press Key' is deprecated. use `Press Keys` instead.</msg>
<msg timestamp="20230804 13:16:53.116" level="WARN">Keyword 'SeleniumLibrary.Press Key' is deprecated. use `Press Keys` instead.</msg>
<msg timestamp="20230804 13:16:57.340" level="WARN">Keyword 'Capture Page Screenshot' could not be run on failure: Message: no such window: target window already closed
from unknown error: web view not found
  (Session info: chrome=115.0.5790.110)
Stacktrace:
Backtrace:
	GetHandleVerifier [0x0059A813+48355]
	(No symbol) [0x0052C4B1]
	(No symbol) [0x00435358]
	(No symbol) [0x0041D293]
	(No symbol) [0x0047E37B]
	(No symbol) [0x0048C473]
	(No symbol) [0x0047A536]
	(No symbol) [0x004582DC]
	(No symbol) [0x004593DD]
	GetHandleVerifier [0x007FAABD+2539405]
	GetHandleVerifier [0x0083A78F+2800735]
	GetHandleVerifier [0x0083456C+2775612]
	GetHandleVerifier [0x006251E0+616112]
	(No symbol) [0x00535F8C]
	(No symbol) [0x00532328]
	(No symbol) [0x0053240B]
	(No symbol) [0x00524FF7]
	BaseThreadInitThunk [0x767000C9+25]
	RtlGetAppContainerNamedObjectPath [0x77037B1E+286]
	RtlGetAppContainerNamedObjectPath [0x77037AEE+238]
</msg>
</errors>
</robot>
