<?xml version="1.0" encoding="UTF-8"?>
<robot generator="Robot 6.1 (Python 3.11.3 on win32)" generated="20231215 10:47:45.562" rpa="false" schemaversion="4">
<suite id="s1" name="Cct" source="C:\Users\yankr\Documents\GitHub\RobotFramework\Dados Notebook\Robot\Tests\cct.robot">
<test id="s1-t1" name="Cenario 1: Entrar no cct e logar" line="45">
<kw name="Abrir navegador e logar">
<kw name="Open Browser" library="SeleniumLibrary">
<arg>${url}</arg>
<arg>${browser}</arg>
<doc>Opens a new browser instance to the optional ``url``.</doc>
<msg timestamp="20231215 10:47:46.130" level="INFO">Opening browser 'chrome' to base url 'https://cct.techmail.com.br/login'.</msg>
<status status="PASS" starttime="20231215 10:47:46.129" endtime="20231215 10:47:49.599"/>
</kw>
<kw name="Maximize Browser Window" library="SeleniumLibrary">
<doc>Maximizes current browser window.</doc>
<status status="PASS" starttime="20231215 10:47:49.599" endtime="20231215 10:47:49.729"/>
</kw>
<kw name="Input Text" library="SeleniumLibrary">
<arg>${loginUsuario}</arg>
<arg>${usuario}</arg>
<doc>Types the given ``text`` into the text field identified by ``locator``.</doc>
<msg timestamp="20231215 10:47:49.730" level="INFO">Typing text 'yan.souza' into text field '//input[@id="input-login"]'.</msg>
<status status="PASS" starttime="20231215 10:47:49.729" endtime="20231215 10:47:49.915"/>
</kw>
<kw name="Input Text" library="SeleniumLibrary">
<arg>${loginSenha}</arg>
<arg>${senha}</arg>
<doc>Types the given ``text`` into the text field identified by ``locator``.</doc>
<msg timestamp="20231215 10:47:49.916" level="INFO">Typing text '180921M@' into text field '//input[@id="input-senha"]'.</msg>
<status status="PASS" starttime="20231215 10:47:49.915" endtime="20231215 10:47:50.082"/>
</kw>
<kw name="Click Element" library="SeleniumLibrary">
<arg>${entrar}</arg>
<doc>Click the element identified by ``locator``.</doc>
<msg timestamp="20231215 10:47:50.083" level="INFO">Clicking element '//input[@type="submit"]'.</msg>
<status status="PASS" starttime="20231215 10:47:50.082" endtime="20231215 10:47:50.374"/>
</kw>
<while condition="${LoopInfinito}">
<iter>
<kw name="Go To" library="SeleniumLibrary">
<arg>${FilaConsulta}</arg>
<doc>Navigates the current browser window to the provided ``url``.</doc>
<msg timestamp="20231215 10:47:50.375" level="INFO">Opening url 'https://cct.techmail.com.br/exportacao'</msg>
<status status="PASS" starttime="20231215 10:47:50.374" endtime="20231215 10:47:51.560"/>
</kw>
<kw name="Sleep" library="BuiltIn">
<arg>5s</arg>
<doc>Pauses the test executed for the given time.</doc>
<msg timestamp="20231215 10:47:56.561" level="INFO">Slept 5 seconds</msg>
<status status="PASS" starttime="20231215 10:47:51.561" endtime="20231215 10:47:56.561"/>
</kw>
<kw name="Go To" library="SeleniumLibrary">
<arg>${FilaResgate}</arg>
<doc>Navigates the current browser window to the provided ``url``.</doc>
<msg timestamp="20231215 10:47:56.562" level="INFO">Opening url 'https://cct.techmail.com.br/exportacao/operacoes'</msg>
<status status="PASS" starttime="20231215 10:47:56.562" endtime="20231215 10:48:06.407"/>
</kw>
<status status="PASS" starttime="20231215 10:47:50.374" endtime="20231215 10:48:06.407"/>
</iter>
<iter>
<kw name="Go To" library="SeleniumLibrary">
<arg>${FilaConsulta}</arg>
<doc>Navigates the current browser window to the provided ``url``.</doc>
<msg timestamp="20231215 10:48:06.407" level="INFO">Opening url 'https://cct.techmail.com.br/exportacao'</msg>
<status status="PASS" starttime="20231215 10:48:06.407" endtime="20231215 10:48:07.468"/>
</kw>
<kw name="Sleep" library="BuiltIn">
<arg>5s</arg>
<doc>Pauses the test executed for the given time.</doc>
<msg timestamp="20231215 10:48:12.468" level="INFO">Slept 5 seconds</msg>
<status status="PASS" starttime="20231215 10:48:07.468" endtime="20231215 10:48:12.468"/>
</kw>
<kw name="Go To" library="SeleniumLibrary">
<arg>${FilaResgate}</arg>
<doc>Navigates the current browser window to the provided ``url``.</doc>
<msg timestamp="20231215 10:48:12.469" level="INFO">Opening url 'https://cct.techmail.com.br/exportacao/operacoes'</msg>
<status status="PASS" starttime="20231215 10:48:12.469" endtime="20231215 10:48:24.407"/>
</kw>
<status status="PASS" starttime="20231215 10:48:06.407" endtime="20231215 10:48:24.407"/>
</iter>
<iter>
<kw name="Go To" library="SeleniumLibrary">
<arg>${FilaConsulta}</arg>
<doc>Navigates the current browser window to the provided ``url``.</doc>
<msg timestamp="20231215 10:48:24.408" level="INFO">Opening url 'https://cct.techmail.com.br/exportacao'</msg>
<status status="PASS" starttime="20231215 10:48:24.407" endtime="20231215 10:48:25.357"/>
</kw>
<kw name="Sleep" library="BuiltIn">
<arg>5s</arg>
<doc>Pauses the test executed for the given time.</doc>
<msg timestamp="20231215 10:48:30.359" level="INFO">Slept 5 seconds</msg>
<status status="PASS" starttime="20231215 10:48:25.357" endtime="20231215 10:48:30.359"/>
</kw>
<kw name="Go To" library="SeleniumLibrary">
<arg>${FilaResgate}</arg>
<doc>Navigates the current browser window to the provided ``url``.</doc>
<msg timestamp="20231215 10:48:30.359" level="INFO">Opening url 'https://cct.techmail.com.br/exportacao/operacoes'</msg>
<status status="PASS" starttime="20231215 10:48:30.359" endtime="20231215 10:48:39.772"/>
</kw>
<status status="PASS" starttime="20231215 10:48:24.407" endtime="20231215 10:48:39.772"/>
</iter>
<iter>
<kw name="Go To" library="SeleniumLibrary">
<arg>${FilaConsulta}</arg>
<doc>Navigates the current browser window to the provided ``url``.</doc>
<msg timestamp="20231215 10:48:39.773" level="INFO">Opening url 'https://cct.techmail.com.br/exportacao'</msg>
<status status="PASS" starttime="20231215 10:48:39.773" endtime="20231215 10:48:40.809"/>
</kw>
<kw name="Sleep" library="BuiltIn">
<arg>5s</arg>
<doc>Pauses the test executed for the given time.</doc>
<msg timestamp="20231215 10:48:45.811" level="INFO">Slept 5 seconds</msg>
<status status="PASS" starttime="20231215 10:48:40.809" endtime="20231215 10:48:45.811"/>
</kw>
<kw name="Go To" library="SeleniumLibrary">
<arg>${FilaResgate}</arg>
<doc>Navigates the current browser window to the provided ``url``.</doc>
<msg timestamp="20231215 10:48:45.811" level="INFO">Opening url 'https://cct.techmail.com.br/exportacao/operacoes'</msg>
<status status="PASS" starttime="20231215 10:48:45.811" endtime="20231215 10:48:57.674"/>
</kw>
<status status="PASS" starttime="20231215 10:48:39.773" endtime="20231215 10:48:57.674"/>
</iter>
<iter>
<kw name="Go To" library="SeleniumLibrary">
<arg>${FilaConsulta}</arg>
<doc>Navigates the current browser window to the provided ``url``.</doc>
<msg timestamp="20231215 10:48:57.674" level="INFO">Opening url 'https://cct.techmail.com.br/exportacao'</msg>
<status status="PASS" starttime="20231215 10:48:57.674" endtime="20231215 10:48:58.850"/>
</kw>
<kw name="Sleep" library="BuiltIn">
<arg>5s</arg>
<doc>Pauses the test executed for the given time.</doc>
<msg timestamp="20231215 10:49:03.852" level="INFO">Slept 5 seconds</msg>
<status status="PASS" starttime="20231215 10:48:58.850" endtime="20231215 10:49:03.852"/>
</kw>
<kw name="Go To" library="SeleniumLibrary">
<arg>${FilaResgate}</arg>
<doc>Navigates the current browser window to the provided ``url``.</doc>
<msg timestamp="20231215 10:49:03.852" level="INFO">Opening url 'https://cct.techmail.com.br/exportacao/operacoes'</msg>
<status status="PASS" starttime="20231215 10:49:03.852" endtime="20231215 10:49:13.386"/>
</kw>
<status status="PASS" starttime="20231215 10:48:57.674" endtime="20231215 10:49:13.386"/>
</iter>
<iter>
<kw name="Go To" library="SeleniumLibrary">
<arg>${FilaConsulta}</arg>
<doc>Navigates the current browser window to the provided ``url``.</doc>
<msg timestamp="20231215 10:49:13.386" level="INFO">Opening url 'https://cct.techmail.com.br/exportacao'</msg>
<status status="PASS" starttime="20231215 10:49:13.386" endtime="20231215 10:49:14.289"/>
</kw>
<kw name="Sleep" library="BuiltIn">
<arg>5s</arg>
<doc>